2021-01-15 06:26:55 +0000  Initial pipeline context: <IDEDistributionProcessingPipelineContext: 0x7fd8a9f77730; archive(resolved)='<IDEArchive: 0x7fd8a9f25e50>', distributionTask(resolved)='2', distributionDestination(resolved)='1', distributionMethod(resolved)='<IDEDistributionMethodDevelopmentSigned: 0x7fd8a9d0c290>', team(resolved)='<IDEProvisioningDisambiguatableBasicTeam: 0x7fd8a6399630; teamID='98TCDCHV95', teamName='Varun Bihani', teamType='Individual', username='iphone@galaxyweblinks.in', isFreeProvisioningTeam='0'>'>
	Chain (13, self inclusive):
	<IDEDistributionProcessingPipelineContext: 0x7fd8a9f77730; archive = '<IDEArchive: 0x7fd8a9f25e50>', distributionMethod='<IDEDistributionMethodDevelopmentSigned: 0x7fd8a9d0c290>', team='<IDEProvisioningDisambiguatableBasicTeam: 0x7fd8a6399630; teamID='98TCDCHV95', teamName='Varun Bihani', teamType='Individual', username='iphone@galaxyweblinks.in', isFreeProvisioningTeam='0'>'>
	<IDEDistributionProcessingPipelineContext: 0x7fd8aab1a820; archive = '<IDEArchive: 0x7fd8a9f25e50>', distributionMethod='<IDEDistributionMethodDevelopmentSigned: 0x7fd8a9d0c290>', team='<IDEProvisioningDisambiguatableBasicTeam: 0x7fd8a6399630; teamID='98TCDCHV95', teamName='Varun Bihani', teamType='Individual', username='iphone@galaxyweblinks.in', isFreeProvisioningTeam='0'>'>
	<IDEDistributionContext: 0x7fd8aa9b8d10; archive = '<IDEArchive: 0x7fd8a9f25e50>', distributionMethod='<IDEDistributionMethodDevelopmentSigned: 0x7fd8a9d0c290>', team='<IDEProvisioningDisambiguatableBasicTeam: 0x7fd8a6399630; teamID='98TCDCHV95', teamName='Varun Bihani', teamType='Individual', username='iphone@galaxyweblinks.in', isFreeProvisioningTeam='0'>'>
	<IDEDistributionContext: 0x7fd8a9ee3da0; archive = '<IDEArchive: 0x7fd8a9f25e50>', distributionMethod='<IDEDistributionMethodDevelopmentSigned: 0x7fd8a9d0c290>', team='<IDEProvisioningDisambiguatableBasicTeam: 0x7fd8a6399630; teamID='98TCDCHV95', teamName='Varun Bihani', teamType='Individual', username='iphone@galaxyweblinks.in', isFreeProvisioningTeam='0'>'>
	<IDEDistributionContext: 0x7fd8aaa62340; archive = '<IDEArchive: 0x7fd8a9f25e50>', distributionMethod='<IDEDistributionMethodDevelopmentSigned: 0x7fd8a9d0c290>', team='<IDEProvisioningDisambiguatableBasicTeam: 0x7fd8a6399630; teamID='98TCDCHV95', teamName='Varun Bihani', teamType='Individual', username='iphone@galaxyweblinks.in', isFreeProvisioningTeam='0'>'>
	<IDEDistributionContext: 0x7fd8aaa01e20; archive = '<IDEArchive: 0x7fd8a9f25e50>', distributionMethod='<IDEDistributionMethodDevelopmentSigned: 0x7fd8a9d0c290>', team='<IDEProvisioningDisambiguatableBasicTeam: 0x7fd8a6399630; teamID='98TCDCHV95', teamName='Varun Bihani', teamType='Individual', username='iphone@galaxyweblinks.in', isFreeProvisioningTeam='0'>'>
	<IDEDistributionContext: 0x7fd8a9fe08c0; archive = '<IDEArchive: 0x7fd8a9f25e50>', distributionMethod='<IDEDistributionMethodDevelopmentSigned: 0x7fd8a9d0c290>', team='<IDEProvisioningDisambiguatableBasicTeam: 0x7fd8a6399630; teamID='98TCDCHV95', teamName='Varun Bihani', teamType='Individual', username='iphone@galaxyweblinks.in', isFreeProvisioningTeam='0'>'>
	<IDEDistributionContext: 0x7fd8a9f8f9e0; archive = '<IDEArchive: 0x7fd8a9f25e50>', distributionMethod='<IDEDistributionMethodDevelopmentSigned: 0x7fd8a9d0c290>', team='<IDEProvisioningDisambiguatableBasicTeam: 0x7fd8a6399630; teamID='98TCDCHV95', teamName='Varun Bihani', teamType='Individual', username='iphone@galaxyweblinks.in', isFreeProvisioningTeam='0'>'>
	<IDEDistributionContext: 0x7fd8aaabc750; archive = '<IDEArchive: 0x7fd8a9f25e50>', distributionMethod='<IDEDistributionMethodDevelopmentSigned: 0x7fd8a9d0c290>', team='<IDEProvisioningDisambiguatableBasicTeam: 0x7fd8a6399630; teamID='98TCDCHV95', teamName='Varun Bihani', teamType='Individual', username='iphone@galaxyweblinks.in', isFreeProvisioningTeam='0'>'>
	<IDEDistributionContext: 0x7fd8a96f76c0; archive = '<IDEArchive: 0x7fd8a9f25e50>', distributionMethod='<IDEDistributionMethodDevelopmentSigned: 0x7fd8a9d0c290>', team='(null)'>
	<IDEDistributionContext: 0x7fd8aaa28490; archive = '<IDEArchive: 0x7fd8a9f25e50>', distributionMethod='<IDEDistributionMethodDevelopmentSigned: 0x7fd8a9d0c290>', team='(null)'>
	<IDEDistributionContext: 0x7fd8a9db9a70; archive = '<IDEArchive: 0x7fd8a9f25e50>', distributionMethod='<IDEDistributionMethodDevelopmentSigned: 0x7fd8a9d0c290>', team='(null)'>
	<IDEDistributionContext: 0x7fd8aaa5ab30; archive = '<IDEArchive: 0x7fd8a9f25e50>', distributionMethod='(null)', team='(null)'>
</IDEDistributionProcessingPipelineContext: 0x7fd8a9f77730>
2021-01-15 06:26:55 +0000  Processing step: IDEDistributionCreateDestRootStep
2021-01-15 06:26:55 +0000  Processing step: IDEDistributionCopyItemStep
2021-01-15 06:26:55 +0000  Running /usr/bin/ditto '-V' '/Users/gwl/Library/Developer/Xcode/Archives/2021-01-08/YPV Sadhana English 08-01-21, 5.42 PM.xcarchive/Products/Applications/YPV Sadhana English.app' '/var/folders/st/dg689sv55q1c9bvs64bvl_rh0000gn/T/XcodeDistPipeline.~~~nKAChy/Root/Payload/YPV Sadhana English.app'
2021-01-15 06:26:55 +0000  >>> Copying /Users/gwl/Library/Developer/Xcode/Archives/2021-01-08/YPV Sadhana English 08-01-21, 5.42 PM.xcarchive/Products/Applications/YPV Sadhana English.app 
2021-01-15 06:26:55 +0000  copying file ./_CodeSignature/CodeResources ... 
2021-01-15 06:26:55 +0000  66363 bytes for ./_CodeSignature/CodeResources
2021-01-15 06:26:55 +0000  copying file ./LaunchImage@2x.png ... 
2021-01-15 06:26:55 +0000  169970 bytes for ./LaunchImage@2x.png
2021-01-15 06:26:55 +0000  copying file ./AppIcon20x20@2x.png ... 
2021-01-15 06:26:55 +0000  2672 bytes for ./AppIcon20x20@2x.png
2021-01-15 06:26:55 +0000  copying file ./MainViewController.nib/objects-13.0+.nib ... 
2021-01-15 06:26:55 +0000  980 bytes for ./MainViewController.nib/objects-13.0+.nib
copying file ./MainViewController.nib/runtime.nib ... 
2021-01-15 06:26:55 +0000  980 bytes for ./MainViewController.nib/runtime.nib
2021-01-15 06:26:55 +0000  copying file ./AppIcon57x57.png ... 
2021-01-15 06:26:55 +0000  4428 bytes for ./AppIcon57x57.png
2021-01-15 06:26:55 +0000  copying file ./AppIcon20x20@3x.png ... 
2021-01-15 06:26:55 +0000  4669 bytes for ./AppIcon20x20@3x.png
2021-01-15 06:26:55 +0000  copying file ./YPV Sadhana English ... 
2021-01-15 06:26:55 +0000  2417440 bytes for ./YPV Sadhana English
2021-01-15 06:26:55 +0000  copying file ./AppIcon29x29.png ... 
1664 bytes for ./AppIcon29x29.png
copying file ./LaunchImage-568h@2x.png ... 
201254 bytes for ./LaunchImage-568h@2x.png
2021-01-15 06:26:55 +0000  copying file ./AppIcon60x60@2x.png ... 
2021-01-15 06:26:55 +0000  13515 bytes for ./AppIcon60x60@2x.png
2021-01-15 06:26:55 +0000  copying file ./AppIcon72x72@2x~ipad.png ... 
2021-01-15 06:26:55 +0000  17911 bytes for ./AppIcon72x72@2x~ipad.png
copying file ./AppIcon29x29@2x.png ... 
2021-01-15 06:26:55 +0000  4688 bytes for ./AppIcon29x29@2x.png
2021-01-15 06:26:55 +0000  copying file ./LaunchImage-800-667h@2x.png ... 
2021-01-15 06:26:55 +0000  257506 bytes for ./LaunchImage-800-667h@2x.png
2021-01-15 06:26:55 +0000  copying file ./LaunchImage-Portrait@2x~ipad.png ... 
2021-01-15 06:26:55 +0000  554766 bytes for ./LaunchImage-Portrait@2x~ipad.png
2021-01-15 06:26:55 +0000  copying file ./AppIcon40x40@3x.png ... 
2021-01-15 06:26:55 +0000  13515 bytes for ./AppIcon40x40@3x.png
2021-01-15 06:26:55 +0000  copying file ./AppIcon57x57@2x.png ... 
2021-01-15 06:26:55 +0000  12710 bytes for ./AppIcon57x57@2x.png
2021-01-15 06:26:55 +0000  copying file ./AppIcon29x29~ipad.png ... 
2021-01-15 06:26:55 +0000  1664 bytes for ./AppIcon29x29~ipad.png
2021-01-15 06:26:55 +0000  copying file ./AppIcon40x40@2x.png ... 
2021-01-15 06:26:55 +0000  7627 bytes for ./AppIcon40x40@2x.png
2021-01-15 06:26:55 +0000  copying file ./LaunchImage-Portrait~ipad.png ... 
2021-01-15 06:26:55 +0000  191902 bytes for ./LaunchImage-Portrait~ipad.png
2021-01-15 06:26:55 +0000  copying file ./AppIcon29x29@3x.png ... 
2021-01-15 06:26:55 +0000  9782 bytes for ./AppIcon29x29@3x.png
2021-01-15 06:26:55 +0000  copying file ./AppIcon60x60@3x.png ... 
2021-01-15 06:26:55 +0000  24697 bytes for ./AppIcon60x60@3x.png
2021-01-15 06:26:55 +0000  copying file ./config.xml ... 
2021-01-15 06:26:55 +0000  9867 bytes for ./config.xml
2021-01-15 06:26:55 +0000  copying file ./www/index.html ... 
2021-01-15 06:26:55 +0000  1811 bytes for ./www/index.html
2021-01-15 06:26:55 +0000  copying file ./www/cordova.js ... 
2021-01-15 06:26:55 +0000  69846 bytes for ./www/cordova.js
2021-01-15 06:26:55 +0000  copying file ./www/plugins/cordova-plugin-apprate/www/AppRate.js ... 
2021-01-15 06:26:55 +0000  9888 bytes for ./www/plugins/cordova-plugin-apprate/www/AppRate.js
2021-01-15 06:26:55 +0000  copying file ./www/plugins/cordova-plugin-apprate/www/locales.js ... 
2021-01-15 06:26:55 +0000  22247 bytes for ./www/plugins/cordova-plugin-apprate/www/locales.js
2021-01-15 06:26:55 +0000  copying file ./www/plugins/cordova-plugin-apprate/www/storage.js ... 
2021-01-15 06:26:55 +0000  514 bytes for ./www/plugins/cordova-plugin-apprate/www/storage.js
2021-01-15 06:26:55 +0000  copying file ./www/plugins/cordova-plugin-file/www/requestFileSystem.js ... 
2021-01-15 06:26:55 +0000  3244 bytes for ./www/plugins/cordova-plugin-file/www/requestFileSystem.js
2021-01-15 06:26:55 +0000  copying file ./www/plugins/cordova-plugin-file/www/DirectoryEntry.js ... 
2021-01-15 06:26:55 +0000  4681 bytes for ./www/plugins/cordova-plugin-file/www/DirectoryEntry.js
2021-01-15 06:26:55 +0000  copying file ./www/plugins/cordova-plugin-file/www/FileSystem.js ... 
2021-01-15 06:26:55 +0000  1960 bytes for ./www/plugins/cordova-plugin-file/www/FileSystem.js
2021-01-15 06:26:55 +0000  copying file ./www/plugins/cordova-plugin-file/www/Flags.js ... 
2021-01-15 06:26:55 +0000  1336 bytes for ./www/plugins/cordova-plugin-file/www/Flags.js
2021-01-15 06:26:55 +0000  copying file ./www/plugins/cordova-plugin-file/www/fileSystemPaths.js ... 
2021-01-15 06:26:55 +0000  2548 bytes for ./www/plugins/cordova-plugin-file/www/fileSystemPaths.js
2021-01-15 06:26:55 +0000  copying file ./www/plugins/cordova-plugin-file/www/FileEntry.js ... 
2021-01-15 06:26:55 +0000  3423 bytes for ./www/plugins/cordova-plugin-file/www/FileEntry.js
2021-01-15 06:26:55 +0000  copying file ./www/plugins/cordova-plugin-file/www/fileSystems.js ... 
2021-01-15 06:26:55 +0000  1047 bytes for ./www/plugins/cordova-plugin-file/www/fileSystems.js
2021-01-15 06:26:55 +0000  copying file ./www/plugins/cordova-plugin-file/www/DirectoryReader.js ... 
2021-01-15 06:26:55 +0000  2724 bytes for ./www/plugins/cordova-plugin-file/www/DirectoryReader.js
2021-01-15 06:26:55 +0000  copying file ./www/plugins/cordova-plugin-file/www/Metadata.js ... 
2021-01-15 06:26:55 +0000  1488 bytes for ./www/plugins/cordova-plugin-file/www/Metadata.js
2021-01-15 06:26:55 +0000  copying file ./www/plugins/cordova-plugin-file/www/ios/FileSystem.js ... 
2021-01-15 06:26:55 +0000  1222 bytes for ./www/plugins/cordova-plugin-file/www/ios/FileSystem.js
2021-01-15 06:26:55 +0000  copying file ./www/plugins/cordova-plugin-file/www/browser/isChrome.js ... 
2021-01-15 06:26:55 +0000  1206 bytes for ./www/plugins/cordova-plugin-file/www/browser/isChrome.js
2021-01-15 06:26:55 +0000  copying file ./www/plugins/cordova-plugin-file/www/LocalFileSystem.js ... 
2021-01-15 06:26:55 +0000  957 bytes for ./www/plugins/cordova-plugin-file/www/LocalFileSystem.js
2021-01-15 06:26:55 +0000  copying file ./www/plugins/cordova-plugin-file/www/FileReader.js ... 
2021-01-15 06:26:55 +0000  10523 bytes for ./www/plugins/cordova-plugin-file/www/FileReader.js
2021-01-15 06:26:55 +0000  copying file ./www/plugins/cordova-plugin-file/www/fileSystems-roots.js ... 
2021-01-15 06:26:55 +0000  1646 bytes for ./www/plugins/cordova-plugin-file/www/fileSystems-roots.js
2021-01-15 06:26:55 +0000  copying file ./www/plugins/cordova-plugin-file/www/FileUploadOptions.js ... 
2021-01-15 06:26:55 +0000  1831 bytes for ./www/plugins/cordova-plugin-file/www/FileUploadOptions.js
2021-01-15 06:26:55 +0000  copying file ./www/plugins/cordova-plugin-file/www/FileWriter.js ... 
2021-01-15 06:26:55 +0000  10586 bytes for ./www/plugins/cordova-plugin-file/www/FileWriter.js
2021-01-15 06:26:55 +0000  copying file ./www/plugins/cordova-plugin-file/www/FileError.js ... 
2021-01-15 06:26:55 +0000  1483 bytes for ./www/plugins/cordova-plugin-file/www/FileError.js
2021-01-15 06:26:55 +0000  copying file ./www/plugins/cordova-plugin-file/www/FileUploadResult.js ... 
2021-01-15 06:26:55 +0000  1111 bytes for ./www/plugins/cordova-plugin-file/www/FileUploadResult.js
2021-01-15 06:26:55 +0000  copying file ./www/plugins/cordova-plugin-file/www/ProgressEvent.js ... 
2021-01-15 06:26:55 +0000  2544 bytes for ./www/plugins/cordova-plugin-file/www/ProgressEvent.js
2021-01-15 06:26:55 +0000  copying file ./www/plugins/cordova-plugin-file/www/File.js ... 
2021-01-15 06:26:55 +0000  2714 bytes for ./www/plugins/cordova-plugin-file/www/File.js
2021-01-15 06:26:55 +0000  copying file ./www/plugins/cordova-plugin-file/www/resolveLocalFileSystemURI.js ... 
2021-01-15 06:26:55 +0000  4325 bytes for ./www/plugins/cordova-plugin-file/www/resolveLocalFileSystemURI.js
2021-01-15 06:26:55 +0000  copying file ./www/plugins/cordova-plugin-file/www/Entry.js ... 
2021-01-15 06:26:55 +0000  9869 bytes for ./www/plugins/cordova-plugin-file/www/Entry.js
2021-01-15 06:26:55 +0000  copying file ./www/plugins/cordova-plugin-ionic-webview/src/www/ios/ios-wkwebview-exec.js ... 
2021-01-15 06:26:55 +0000  6167 bytes for ./www/plugins/cordova-plugin-ionic-webview/src/www/ios/ios-wkwebview-exec.js
2021-01-15 06:26:55 +0000  copying file ./www/plugins/cordova-plugin-inappbrowser/www/inappbrowser.js ... 
2021-01-15 06:26:55 +0000  4966 bytes for ./www/plugins/cordova-plugin-inappbrowser/www/inappbrowser.js
2021-01-15 06:26:55 +0000  copying file ./www/plugins/cordova-plugin-device/www/device.js ... 
2021-01-15 06:26:55 +0000  3070 bytes for ./www/plugins/cordova-plugin-device/www/device.js
2021-01-15 06:26:55 +0000  copying file ./www/plugins/cordova-plugin-market/www/market.js ... 
2021-01-15 06:26:55 +0000  727 bytes for ./www/plugins/cordova-plugin-market/www/market.js
2021-01-15 06:26:55 +0000  copying file ./www/plugins/cordova-sqlite-storage/www/SQLitePlugin.js ... 
2021-01-15 06:26:55 +0000  33721 bytes for ./www/plugins/cordova-sqlite-storage/www/SQLitePlugin.js
2021-01-15 06:26:55 +0000  copying file ./www/plugins/cordova-plugin-background-mode/www/background-mode.js ... 
2021-01-15 06:26:55 +0000  10421 bytes for ./www/plugins/cordova-plugin-background-mode/www/background-mode.js
2021-01-15 06:26:55 +0000  copying file ./www/plugins/cordova-plugin-nativestorage/www/LocalStorageHandle.js ... 
2021-01-15 06:26:55 +0000  1453 bytes for ./www/plugins/cordova-plugin-nativestorage/www/LocalStorageHandle.js
2021-01-15 06:26:55 +0000  copying file ./www/plugins/cordova-plugin-nativestorage/www/mainHandle.js ... 
2021-01-15 06:26:55 +0000  13363 bytes for ./www/plugins/cordova-plugin-nativestorage/www/mainHandle.js
2021-01-15 06:26:55 +0000  copying file ./www/plugins/cordova-plugin-nativestorage/www/NativeStorageError.js ... 
2021-01-15 06:26:55 +0000  789 bytes for ./www/plugins/cordova-plugin-nativestorage/www/NativeStorageError.js
2021-01-15 06:26:55 +0000  copying file ./www/plugins/cordova-plugin-dialogs/www/notification.js ... 
2021-01-15 06:26:55 +0000  6013 bytes for ./www/plugins/cordova-plugin-dialogs/www/notification.js
2021-01-15 06:26:55 +0000  copying file ./www/plugins/cordova-plugin-splashscreen/www/splashscreen.js ... 
2021-01-15 06:26:55 +0000  1173 bytes for ./www/plugins/cordova-plugin-splashscreen/www/splashscreen.js
2021-01-15 06:26:55 +0000  copying file ./www/plugins/cordova-plugin-ionic-keyboard/www/ios/keyboard.js ... 
2021-01-15 06:26:55 +0000  2676 bytes for ./www/plugins/cordova-plugin-ionic-keyboard/www/ios/keyboard.js
2021-01-15 06:26:55 +0000  copying file ./www/cordova-js-src/exec.js ... 
2021-01-15 06:26:55 +0000  8856 bytes for ./www/cordova-js-src/exec.js
2021-01-15 06:26:55 +0000  copying file ./www/cordova-js-src/plugin/ios/logger.js ... 
2021-01-15 06:26:55 +0000  10181 bytes for ./www/cordova-js-src/plugin/ios/logger.js
2021-01-15 06:26:55 +0000  copying file ./www/cordova-js-src/plugin/ios/console.js ... 
2021-01-15 06:26:55 +0000  6873 bytes for ./www/cordova-js-src/plugin/ios/console.js
2021-01-15 06:26:55 +0000  copying file ./www/cordova-js-src/platform.js ... 
2021-01-15 06:26:55 +0000  1168 bytes for ./www/cordova-js-src/platform.js
2021-01-15 06:26:55 +0000  copying file ./www/manifest.json ... 
2021-01-15 06:26:55 +0000  275 bytes for ./www/manifest.json
2021-01-15 06:26:55 +0000  copying file ./www/cordova_plugins.js ... 
2021-01-15 06:26:55 +0000  8987 bytes for ./www/cordova_plugins.js
2021-01-15 06:26:55 +0000  copying file ./www/service-worker.js ... 
2021-01-15 06:26:55 +0000  741 bytes for ./www/service-worker.js
2021-01-15 06:26:55 +0000  copying file ./www/build/main.js.map ... 
2021-01-15 06:26:55 +0000  28905 bytes for ./www/build/main.js.map
copying file ./www/build/main.css.map ... 
2021-01-15 06:26:55 +0000  4 bytes for ./www/build/main.css.map
2021-01-15 06:26:55 +0000  copying file ./www/build/polyfills.js ... 
2021-01-15 06:26:55 +0000  97180 bytes for ./www/build/polyfills.js
2021-01-15 06:26:55 +0000  copying file ./www/build/main.css ... 
2021-01-15 06:26:55 +0000  547891 bytes for ./www/build/main.css
2021-01-15 06:26:55 +0000  copying file ./www/build/vendor.js ... 
2021-01-15 06:26:55 +0000  4940735 bytes for ./www/build/vendor.js
2021-01-15 06:26:55 +0000  copying file ./www/build/main.js ... 
57447 bytes for ./www/build/main.js
copying file ./www/build/0.js.map ... 
813 bytes for ./www/build/0.js.map
copying file ./www/build/0.js ... 
1988 bytes for ./www/build/0.js
copying file ./www/build/sw-toolbox.js ... 
2021-01-15 06:26:55 +0000  15793 bytes for ./www/build/sw-toolbox.js
copying file ./www/build/vendor.js.map ... 
2021-01-15 06:26:55 +0000  5821486 bytes for ./www/build/vendor.js.map
2021-01-15 06:26:55 +0000  copying file ./www/assets/imgs/icon-forgiveness.png ... 
8309 bytes for ./www/assets/imgs/icon-forgiveness.png
copying file ./www/assets/imgs/icon-medition-excerise.png ... 
6783 bytes for ./www/assets/imgs/icon-medition-excerise.png
copying file ./www/assets/imgs/icon-brain.png ... 
11196 bytes for ./www/assets/imgs/icon-brain.png
copying file ./www/assets/imgs/ionic.png ... 
2021-01-15 06:26:55 +0000  4757 bytes for ./www/assets/imgs/ionic.png
copying file ./www/assets/imgs/bg-login.jpg ... 
2021-01-15 06:26:55 +0000  24675 bytes for ./www/assets/imgs/bg-login.jpg
2021-01-15 06:26:55 +0000  copying file ./www/assets/imgs/icon-breathing.png ... 
2021-01-15 06:26:55 +0000  7791 bytes for ./www/assets/imgs/icon-breathing.png
2021-01-15 06:26:55 +0000  copying file ./www/assets/imgs/logo.png ... 
2021-01-15 06:26:55 +0000  133728 bytes for ./www/assets/imgs/logo.png
2021-01-15 06:26:55 +0000  copying file ./www/assets/imgs/splash-icon.png ... 
2021-01-15 06:26:55 +0000  133728 bytes for ./www/assets/imgs/splash-icon.png
2021-01-15 06:26:55 +0000  copying file ./www/assets/imgs/enhance-immunity.png ... 
2021-01-15 06:26:55 +0000  12968 bytes for ./www/assets/imgs/enhance-immunity.png
2021-01-15 06:26:55 +0000  copying file ./www/assets/imgs/icon-medition.png ... 
2021-01-15 06:26:55 +0000  6635 bytes for ./www/assets/imgs/icon-medition.png
2021-01-15 06:26:55 +0000  copying file ./www/assets/audioHtml/Breathing.html ... 
2021-01-15 06:26:55 +0000  523 bytes for ./www/assets/audioHtml/Breathing.html
2021-01-15 06:26:55 +0000  copying file ./www/assets/audioHtml/SuperBraiYoga.html ... 
2021-01-15 06:26:55 +0000  516 bytes for ./www/assets/audioHtml/SuperBraiYoga.html
2021-01-15 06:26:55 +0000  copying file ./www/assets/audioHtml/PPM-Exercises.html ... 
2021-01-15 06:26:55 +0000  528 bytes for ./www/assets/audioHtml/PPM-Exercises.html
2021-01-15 06:26:55 +0000  copying file ./www/assets/audioHtml/ForgivenessSadhana.html ... 
2021-01-15 06:26:55 +0000  529 bytes for ./www/assets/audioHtml/ForgivenessSadhana.html
2021-01-15 06:26:55 +0000  copying file ./www/assets/audioHtml/style.css ... 
2021-01-15 06:26:55 +0000  323 bytes for ./www/assets/audioHtml/style.css
2021-01-15 06:26:55 +0000  copying file ./www/assets/audioHtml/Meditation.html ... 
2021-01-15 06:26:55 +0000  546 bytes for ./www/assets/audioHtml/Meditation.html
2021-01-15 06:26:55 +0000  copying file ./www/assets/audio/Untitled Document ... 
2021-01-15 06:26:55 +0000  416 bytes for ./www/assets/audio/Untitled Document
2021-01-15 06:26:55 +0000  copying file ./www/assets/audio/Breathing.mp3 ... 
2021-01-15 06:26:55 +0000  11571410 bytes for ./www/assets/audio/Breathing.mp3
2021-01-15 06:26:55 +0000  copying file ./www/assets/audio/ForgivenessSadhana.mp3 ... 
2021-01-15 06:26:55 +0000  12915067 bytes for ./www/assets/audio/ForgivenessSadhana.mp3
2021-01-15 06:26:55 +0000  copying file ./www/assets/audio/Meditation.mp3 ... 
2021-01-15 06:26:55 +0000  12854510 bytes for ./www/assets/audio/Meditation.mp3
2021-01-15 06:26:55 +0000  copying file ./www/assets/audio/SuperBraiYoga.mp3 ... 
2021-01-15 06:26:55 +0000  8727235 bytes for ./www/assets/audio/SuperBraiYoga.mp3
copying file ./www/assets/audio/PPM-Exercises.mp3 ... 
2021-01-15 06:26:55 +0000  41560061 bytes for ./www/assets/audio/PPM-Exercises.mp3
2021-01-15 06:26:55 +0000  copying file ./www/assets/icon/favicon.ico ... 
1981 bytes for ./www/assets/icon/favicon.ico
copying file ./www/assets/fonts/roboto-medium.ttf ... 
19752 bytes for ./www/assets/fonts/roboto-medium.ttf
copying file ./www/assets/fonts/roboto-light.woff2 ... 
10220 bytes for ./www/assets/fonts/roboto-light.woff2
copying file ./www/assets/fonts/roboto-light.ttf ... 
19908 bytes for ./www/assets/fonts/roboto-light.ttf
2021-01-15 06:26:55 +0000  copying file ./www/assets/fonts/roboto-regular.woff2 ... 
2021-01-15 06:26:55 +0000  10196 bytes for ./www/assets/fonts/roboto-regular.woff2
2021-01-15 06:26:55 +0000  copying file ./www/assets/fonts/roboto-regular.woff ... 
2021-01-15 06:26:55 +0000  13308 bytes for ./www/assets/fonts/roboto-regular.woff
copying file ./www/assets/fonts/noto-sans-bold.ttf ... 
2021-01-15 06:26:55 +0000  415132 bytes for ./www/assets/fonts/noto-sans-bold.ttf
2021-01-15 06:26:55 +0000  copying file ./www/assets/fonts/roboto-regular/roboto-regular-webfont.woff2 ... 
2021-01-15 06:26:55 +0000  19160 bytes for ./www/assets/fonts/roboto-regular/roboto-regular-webfont.woff2
2021-01-15 06:26:55 +0000  copying file ./www/assets/fonts/roboto-regular/generator_config.txt ... 
2021-01-15 06:26:55 +0000  608 bytes for ./www/assets/fonts/roboto-regular/generator_config.txt
2021-01-15 06:26:55 +0000  copying file ./www/assets/fonts/roboto-regular/roboto-regular-webfont.woff ... 
2021-01-15 06:26:55 +0000  25160 bytes for ./www/assets/fonts/roboto-regular/roboto-regular-webfont.woff
2021-01-15 06:26:55 +0000  copying file ./www/assets/fonts/roboto-regular/roboto-regular-demo.html ... 
2021-01-15 06:26:55 +0000  37806 bytes for ./www/assets/fonts/roboto-regular/roboto-regular-demo.html
2021-01-15 06:26:55 +0000  copying file ./www/assets/fonts/roboto-regular/stylesheet.css ... 
2021-01-15 06:26:55 +0000  304 bytes for ./www/assets/fonts/roboto-regular/stylesheet.css
2021-01-15 06:26:55 +0000  copying file ./www/assets/fonts/roboto-regular/specimen_files/specimen_stylesheet.css ... 
2021-01-15 06:26:55 +0000  7310 bytes for ./www/assets/fonts/roboto-regular/specimen_files/specimen_stylesheet.css
2021-01-15 06:26:55 +0000  copying file ./www/assets/fonts/roboto-regular/specimen_files/grid_12-825-55-15.css ... 
2021-01-15 06:26:55 +0000  4597 bytes for ./www/assets/fonts/roboto-regular/specimen_files/grid_12-825-55-15.css
2021-01-15 06:26:55 +0000  copying file ./www/assets/fonts/ionicons.eot ... 
2021-01-15 06:26:55 +0000  144114 bytes for ./www/assets/fonts/ionicons.eot
2021-01-15 06:26:55 +0000  copying file ./www/assets/fonts/noto-sans-bold.woff ... 
2021-01-15 06:26:55 +0000  211888 bytes for ./www/assets/fonts/noto-sans-bold.woff
2021-01-15 06:26:55 +0000  copying file ./www/assets/fonts/roboto-light.woff ... 
2021-01-15 06:26:55 +0000  13360 bytes for ./www/assets/fonts/roboto-light.woff
2021-01-15 06:26:55 +0000  copying file ./www/assets/fonts/roboto-medium.woff2 ... 
2021-01-15 06:26:55 +0000  10192 bytes for ./www/assets/fonts/roboto-medium.woff2
2021-01-15 06:26:55 +0000  copying file ./www/assets/fonts/ionicons.woff ... 
2021-01-15 06:26:55 +0000  80356 bytes for ./www/assets/fonts/ionicons.woff
2021-01-15 06:26:55 +0000  copying file ./www/assets/fonts/roboto-regular.ttf ... 
2021-01-15 06:26:55 +0000  19876 bytes for ./www/assets/fonts/roboto-regular.ttf
2021-01-15 06:26:55 +0000  copying file ./www/assets/fonts/ionicons.ttf ... 
2021-01-15 06:26:55 +0000  143936 bytes for ./www/assets/fonts/ionicons.ttf
2021-01-15 06:26:55 +0000  copying file ./www/assets/fonts/roboto-thin/roboto-thin_1-webfont.eot ... 
2021-01-15 06:26:55 +0000  47846 bytes for ./www/assets/fonts/roboto-thin/roboto-thin_1-webfont.eot
2021-01-15 06:26:55 +0000  copying file ./www/assets/fonts/roboto-thin/roboto-thin_1-webfont.woff ... 
2021-01-15 06:26:55 +0000  24996 bytes for ./www/assets/fonts/roboto-thin/roboto-thin_1-webfont.woff
2021-01-15 06:26:55 +0000  copying file ./www/assets/fonts/roboto-thin/roboto-thin_1-webfont.ttf ... 
2021-01-15 06:26:55 +0000  47580 bytes for ./www/assets/fonts/roboto-thin/roboto-thin_1-webfont.ttf
2021-01-15 06:26:55 +0000  copying file ./www/assets/fonts/roboto-thin/roboto-thin_1-webfont.woff2 ... 
2021-01-15 06:26:55 +0000  19020 bytes for ./www/assets/fonts/roboto-thin/roboto-thin_1-webfont.woff2
2021-01-15 06:26:55 +0000  copying file ./www/assets/fonts/roboto-thin/roboto-thin_1-webfont.svg ... 
2021-01-15 06:26:55 +0000  74045 bytes for ./www/assets/fonts/roboto-thin/roboto-thin_1-webfont.svg
2021-01-15 06:26:55 +0000  copying file ./www/assets/fonts/roboto-bold/generator_config.txt ... 
2021-01-15 06:26:55 +0000  608 bytes for ./www/assets/fonts/roboto-bold/generator_config.txt
2021-01-15 06:26:55 +0000  copying file ./www/assets/fonts/roboto-bold/roboto-bold-webfont.woff2 ... 
2021-01-15 06:26:55 +0000  18896 bytes for ./www/assets/fonts/roboto-bold/roboto-bold-webfont.woff2
2021-01-15 06:26:55 +0000  copying file ./www/assets/fonts/roboto-bold/roboto-bold-webfont.woff ... 
2021-01-15 06:26:55 +0000  24956 bytes for ./www/assets/fonts/roboto-bold/roboto-bold-webfont.woff
2021-01-15 06:26:55 +0000  copying file ./www/assets/fonts/roboto-bold/stylesheet.css ... 
2021-01-15 06:26:55 +0000  295 bytes for ./www/assets/fonts/roboto-bold/stylesheet.css
2021-01-15 06:26:55 +0000  copying file ./www/assets/fonts/roboto-bold/roboto-bold-demo.html ... 
2021-01-15 06:26:55 +0000  37788 bytes for ./www/assets/fonts/roboto-bold/roboto-bold-demo.html
2021-01-15 06:26:55 +0000  copying file ./www/assets/fonts/roboto-bold/specimen_files/specimen_stylesheet.css ... 
2021-01-15 06:26:55 +0000  7310 bytes for ./www/assets/fonts/roboto-bold/specimen_files/specimen_stylesheet.css
2021-01-15 06:26:55 +0000  copying file ./www/assets/fonts/roboto-bold/specimen_files/grid_12-825-55-15.css ... 
2021-01-15 06:26:55 +0000  4597 bytes for ./www/assets/fonts/roboto-bold/specimen_files/grid_12-825-55-15.css
2021-01-15 06:26:55 +0000  copying file ./www/assets/fonts/roboto-bold.woff2 ... 
2021-01-15 06:26:55 +0000  10212 bytes for ./www/assets/fonts/roboto-bold.woff2
2021-01-15 06:26:55 +0000  copying file ./www/assets/fonts/noto-sans.scss ... 
2021-01-15 06:26:55 +0000  1282 bytes for ./www/assets/fonts/noto-sans.scss
2021-01-15 06:26:55 +0000  copying file ./www/assets/fonts/roboto-medium/roboto-medium-demo.html ... 
2021-01-15 06:26:55 +0000  37840 bytes for ./www/assets/fonts/roboto-medium/roboto-medium-demo.html
2021-01-15 06:26:55 +0000  copying file ./www/assets/fonts/roboto-medium/generator_config.txt ... 
2021-01-15 06:26:55 +0000  608 bytes for ./www/assets/fonts/roboto-medium/generator_config.txt
2021-01-15 06:26:55 +0000  copying file ./www/assets/fonts/roboto-medium/roboto-medium-webfont.woff2 ... 
2021-01-15 06:26:55 +0000  19212 bytes for ./www/assets/fonts/roboto-medium/roboto-medium-webfont.woff2
2021-01-15 06:26:55 +0000  copying file ./www/assets/fonts/roboto-medium/stylesheet.css ... 
2021-01-15 06:26:55 +0000  301 bytes for ./www/assets/fonts/roboto-medium/stylesheet.css
2021-01-15 06:26:55 +0000  copying file ./www/assets/fonts/roboto-medium/roboto-medium-webfont.woff ... 
2021-01-15 06:26:55 +0000  25212 bytes for ./www/assets/fonts/roboto-medium/roboto-medium-webfont.woff
2021-01-15 06:26:55 +0000  copying file ./www/assets/fonts/roboto-medium/specimen_files/specimen_stylesheet.css ... 
2021-01-15 06:26:55 +0000  7310 bytes for ./www/assets/fonts/roboto-medium/specimen_files/specimen_stylesheet.css
2021-01-15 06:26:55 +0000  copying file ./www/assets/fonts/roboto-medium/specimen_files/grid_12-825-55-15.css ... 
2021-01-15 06:26:55 +0000  4597 bytes for ./www/assets/fonts/roboto-medium/specimen_files/grid_12-825-55-15.css
2021-01-15 06:26:55 +0000  copying file ./www/assets/fonts/roboto.scss ... 
2021-01-15 06:26:55 +0000  1458 bytes for ./www/assets/fonts/roboto.scss
2021-01-15 06:26:55 +0000  copying file ./www/assets/fonts/noto-sans-regular.woff ... 
2021-01-15 06:26:55 +0000  212780 bytes for ./www/assets/fonts/noto-sans-regular.woff
2021-01-15 06:26:55 +0000  copying file ./www/assets/fonts/roboto-medium.woff ... 
2021-01-15 06:26:55 +0000  13248 bytes for ./www/assets/fonts/roboto-medium.woff
2021-01-15 06:26:55 +0000  copying file ./www/assets/fonts/roboto-bold.woff ... 
2021-01-15 06:26:55 +0000  13348 bytes for ./www/assets/fonts/roboto-bold.woff
2021-01-15 06:26:55 +0000  copying file ./www/assets/fonts/noto-sans-regular.ttf ... 
2021-01-15 06:26:55 +0000  414820 bytes for ./www/assets/fonts/noto-sans-regular.ttf
2021-01-15 06:26:55 +0000  copying file ./www/assets/fonts/ionicons.svg ... 
2021-01-15 06:26:55 +0000  400219 bytes for ./www/assets/fonts/ionicons.svg
2021-01-15 06:26:55 +0000  copying file ./www/assets/fonts/roboto-bold.ttf ... 
2021-01-15 06:26:55 +0000  20040 bytes for ./www/assets/fonts/roboto-bold.ttf
2021-01-15 06:26:55 +0000  copying file ./www/assets/fonts/ionicons.woff2 ... 
2021-01-15 06:26:55 +0000  61020 bytes for ./www/assets/fonts/ionicons.woff2
2021-01-15 06:26:55 +0000  copying file ./www/assets/fonts/ionicons.scss ... 
2021-01-15 06:26:55 +0000  1152 bytes for ./www/assets/fonts/ionicons.scss
2021-01-15 06:26:55 +0000  copying file ./www/assets/fonts/roboto-light/generator_config.txt ... 
2021-01-15 06:26:55 +0000  608 bytes for ./www/assets/fonts/roboto-light/generator_config.txt
2021-01-15 06:26:55 +0000  copying file ./www/assets/fonts/roboto-light/roboto-light-webfont.woff ... 
2021-01-15 06:26:55 +0000  24684 bytes for ./www/assets/fonts/roboto-light/roboto-light-webfont.woff
2021-01-15 06:26:55 +0000  copying file ./www/assets/fonts/roboto-light/roboto-bold-webfont.woff2 ... 
2021-01-15 06:26:55 +0000  18808 bytes for ./www/assets/fonts/roboto-light/roboto-bold-webfont.woff2
2021-01-15 06:26:55 +0000  copying file ./www/assets/fonts/roboto-light/roboto-bold-webfont.woff ... 
2021-01-15 06:26:55 +0000  24860 bytes for ./www/assets/fonts/roboto-light/roboto-bold-webfont.woff
2021-01-15 06:26:55 +0000  copying file ./www/assets/fonts/roboto-light/stylesheet.css ... 
2021-01-15 06:26:55 +0000  514 bytes for ./www/assets/fonts/roboto-light/stylesheet.css
2021-01-15 06:26:55 +0000  copying file ./www/assets/fonts/roboto-light/roboto-light-webfont.woff2 ... 
2021-01-15 06:26:55 +0000  18768 bytes for ./www/assets/fonts/roboto-light/roboto-light-webfont.woff2
2021-01-15 06:26:55 +0000  copying file ./www/assets/fonts/roboto-light/roboto-light-demo.html ... 
2021-01-15 06:26:55 +0000  37834 bytes for ./www/assets/fonts/roboto-light/roboto-light-demo.html
2021-01-15 06:26:55 +0000  copying file ./www/assets/fonts/roboto-light/roboto-bold-demo.html ... 
2021-01-15 06:26:55 +0000  37788 bytes for ./www/assets/fonts/roboto-light/roboto-bold-demo.html
2021-01-15 06:26:55 +0000  copying file ./www/assets/fonts/roboto-light/specimen_files/specimen_stylesheet.css ... 
2021-01-15 06:26:55 +0000  7310 bytes for ./www/assets/fonts/roboto-light/specimen_files/specimen_stylesheet.css
2021-01-15 06:26:55 +0000  copying file ./www/assets/fonts/roboto-light/specimen_files/grid_12-825-55-15.css ... 
2021-01-15 06:26:55 +0000  4597 bytes for ./www/assets/fonts/roboto-light/specimen_files/grid_12-825-55-15.css
2021-01-15 06:26:55 +0000  copying file ./www/wk-plugin.js ... 
2021-01-15 06:26:55 +0000  1779 bytes for ./www/wk-plugin.js
2021-01-15 06:26:55 +0000  copying file ./LaunchImage-Landscape~ipad.png ... 
2021-01-15 06:26:55 +0000  154760 bytes for ./LaunchImage-Landscape~ipad.png
2021-01-15 06:26:55 +0000  copying file ./appbeep.wav ... 
2021-01-15 06:26:55 +0000  11968 bytes for ./appbeep.wav
2021-01-15 06:26:55 +0000  copying file ./LaunchImage-700-Portrait~ipad.png ... 
2021-01-15 06:26:55 +0000  191902 bytes for ./LaunchImage-700-Portrait~ipad.png
2021-01-15 06:26:55 +0000  copying file ./Assets.car ... 
2021-01-15 06:26:55 +0000  2757872 bytes for ./Assets.car
2021-01-15 06:26:55 +0000  copying file ./AppIcon40x40@2x~ipad.png ... 
7627 bytes for ./AppIcon40x40@2x~ipad.png
copying file ./AppIcon76x76@2x~ipad.png ... 
19336 bytes for ./AppIcon76x76@2x~ipad.png
copying file ./LaunchImage-800-Portrait-736h@3x.png ... 
2021-01-15 06:26:55 +0000  580234 bytes for ./LaunchImage-800-Portrait-736h@3x.png
2021-01-15 06:26:55 +0000  copying file ./AppIcon72x72~ipad.png ... 
2021-01-15 06:26:55 +0000  6568 bytes for ./AppIcon72x72~ipad.png
2021-01-15 06:26:55 +0000  copying file ./CDVLaunchScreen.storyboardc/01J-lp-oVM-view-Ze5-6b-2t3.nib/objects-13.0+.nib ... 
2021-01-15 06:26:55 +0000  2325 bytes for ./CDVLaunchScreen.storyboardc/01J-lp-oVM-view-Ze5-6b-2t3.nib/objects-13.0+.nib
2021-01-15 06:26:55 +0000  copying file ./CDVLaunchScreen.storyboardc/01J-lp-oVM-view-Ze5-6b-2t3.nib/runtime.nib ... 
2021-01-15 06:26:55 +0000  2329 bytes for ./CDVLaunchScreen.storyboardc/01J-lp-oVM-view-Ze5-6b-2t3.nib/runtime.nib
2021-01-15 06:26:55 +0000  copying file ./CDVLaunchScreen.storyboardc/UIViewController-01J-lp-oVM.nib/objects-13.0+.nib ... 
2021-01-15 06:26:55 +0000  896 bytes for ./CDVLaunchScreen.storyboardc/UIViewController-01J-lp-oVM.nib/objects-13.0+.nib
2021-01-15 06:26:55 +0000  copying file ./CDVLaunchScreen.storyboardc/UIViewController-01J-lp-oVM.nib/runtime.nib ... 
2021-01-15 06:26:55 +0000  896 bytes for ./CDVLaunchScreen.storyboardc/UIViewController-01J-lp-oVM.nib/runtime.nib
2021-01-15 06:26:55 +0000  copying file ./CDVLaunchScreen.storyboardc/Info.plist ... 
2021-01-15 06:26:55 +0000  258 bytes for ./CDVLaunchScreen.storyboardc/Info.plist
2021-01-15 06:26:55 +0000  copying file ./LaunchImage-700@2x.png ... 
2021-01-15 06:26:55 +0000  169970 bytes for ./LaunchImage-700@2x.png
2021-01-15 06:26:55 +0000  copying file ./AppIcon83.5x83.5@2x~ipad.png ... 
2021-01-15 06:26:55 +0000  22058 bytes for ./AppIcon83.5x83.5@2x~ipad.png
2021-01-15 06:26:55 +0000  copying file ./LaunchImage-700-568h@2x.png ... 
2021-01-15 06:26:55 +0000  201254 bytes for ./LaunchImage-700-568h@2x.png
2021-01-15 06:26:55 +0000  copying file ./LaunchImage-Landscape@2x~ipad.png ... 
2021-01-15 06:26:55 +0000  465497 bytes for ./LaunchImage-Landscape@2x~ipad.png
2021-01-15 06:26:55 +0000  copying file ./CDVNotification.bundle/beep.wav ... 
2021-01-15 06:26:55 +0000  8114 bytes for ./CDVNotification.bundle/beep.wav
2021-01-15 06:26:55 +0000  copying file ./AppIcon50x50~ipad.png ... 
2021-01-15 06:26:55 +0000  3624 bytes for ./AppIcon50x50~ipad.png
2021-01-15 06:26:55 +0000  copying file ./AppIcon29x29@2x~ipad.png ... 
2021-01-15 06:26:55 +0000  4688 bytes for ./AppIcon29x29@2x~ipad.png
2021-01-15 06:26:55 +0000  copying file ./LaunchImage-700-Landscape@2x~ipad.png ... 
2021-01-15 06:26:55 +0000  465497 bytes for ./LaunchImage-700-Landscape@2x~ipad.png
2021-01-15 06:26:55 +0000  copying file ./AppIcon50x50@2x~ipad.png ... 
2021-01-15 06:26:55 +0000  10360 bytes for ./AppIcon50x50@2x~ipad.png
2021-01-15 06:26:55 +0000  copying file ./AppIcon40x40~ipad.png ... 
2021-01-15 06:26:55 +0000  2672 bytes for ./AppIcon40x40~ipad.png
2021-01-15 06:26:55 +0000  copying file ./AppIcon20x20~ipad.png ... 
2021-01-15 06:26:55 +0000  1037 bytes for ./AppIcon20x20~ipad.png
2021-01-15 06:26:55 +0000  copying file ./LaunchImage.png ... 
2021-01-15 06:26:55 +0000  62752 bytes for ./LaunchImage.png
2021-01-15 06:26:55 +0000  copying file ./embedded.mobileprovision ... 
2021-01-15 06:26:55 +0000  35252 bytes for ./embedded.mobileprovision
2021-01-15 06:26:55 +0000  copying file ./LaunchImage-800-Landscape-736h@3x.png ... 
2021-01-15 06:26:55 +0000  432321 bytes for ./LaunchImage-800-Landscape-736h@3x.png
2021-01-15 06:26:55 +0000  copying file ./LaunchImage-700-Portrait@2x~ipad.png ... 
2021-01-15 06:26:55 +0000  554766 bytes for ./LaunchImage-700-Portrait@2x~ipad.png
2021-01-15 06:26:55 +0000  copying file ./LaunchImage-700-Landscape~ipad.png ... 
2021-01-15 06:26:55 +0000  154760 bytes for ./LaunchImage-700-Landscape~ipad.png
2021-01-15 06:26:55 +0000  copying file ./AppIcon20x20@2x~ipad.png ... 
2021-01-15 06:26:55 +0000  2672 bytes for ./AppIcon20x20@2x~ipad.png
2021-01-15 06:26:55 +0000  copying file ./Info.plist ... 
2021-01-15 06:26:55 +0000  2218 bytes for ./Info.plist
2021-01-15 06:26:55 +0000  copying file ./PkgInfo ... 
2021-01-15 06:26:55 +0000  8 bytes for ./PkgInfo
2021-01-15 06:26:55 +0000  copying file ./AppIcon76x76~ipad.png ... 
2021-01-15 06:26:55 +0000  7145 bytes for ./AppIcon76x76~ipad.png
2021-01-15 06:26:55 +0000  /usr/bin/ditto exited with 0
2021-01-15 06:26:55 +0000  Processing step: IDEDistributionEmbedProfileStep
2021-01-15 06:26:55 +0000  Processing step: IDEDistributionAppThinningPlistStep
2021-01-15 06:26:55 +0000  Skipping step: IDEDistributionAppThinningPlistStep because it said so
2021-01-15 06:26:55 +0000  Processing step: IDEDistributionCompileBitcodeStep
2021-01-15 06:26:55 +0000  Skipping step: IDEDistributionCompileBitcodeStep because it said so
2021-01-15 06:26:55 +0000  Processing step: IDEDistributionCodeSlimmingStep
2021-01-15 06:26:55 +0000  Processing step: IDEDistributionCopyBCSymbolMapsStep
2021-01-15 06:26:55 +0000  Skipping step: IDEDistributionCopyBCSymbolMapsStep because it said so
2021-01-15 06:26:55 +0000  Processing step: IDEDistributionSymbolsStep
2021-01-15 06:26:55 +0000  Skipping step: IDEDistributionSymbolsStep because it said so
2021-01-15 06:26:55 +0000  Processing step: IDEDistributionAppThinningStep
2021-01-15 06:26:55 +0000  Skipping step: IDEDistributionAppThinningStep because it said so
2021-01-15 06:26:55 +0000  Processing step: IDEDistributionArchThinningStep
2021-01-15 06:26:55 +0000  Running /Applications/Xcode.app/Contents/Developer/Toolchains/XcodeDefault.xctoolchain/usr/bin/lipo '/var/folders/st/dg689sv55q1c9bvs64bvl_rh0000gn/T/XcodeDistPipeline.~~~nKAChy/Root/Payload/YPV Sadhana English.app/YPV Sadhana English' '-verify_arch' 'arm64e'
2021-01-15 06:26:55 +0000  /Applications/Xcode.app/Contents/Developer/Toolchains/XcodeDefault.xctoolchain/usr/bin/lipo exited with 1
2021-01-15 06:26:55 +0000  Skipping architecture thinning for item "YPV Sadhana English" because arch "arm64e" wasn't found
2021-01-15 06:26:55 +0000  Processing step: IDEDistributionODRStep
2021-01-15 06:26:55 +0000  Processing step: IDEDistributionStripXattrsStep
2021-01-15 06:26:55 +0000  Running /usr/bin/xattr '-crs' '/var/folders/st/dg689sv55q1c9bvs64bvl_rh0000gn/T/XcodeDistPipeline.~~~nKAChy/Root/Payload/YPV Sadhana English.app'
2021-01-15 06:26:55 +0000  /usr/bin/xattr exited with 0
2021-01-15 06:26:55 +0000  Processing step: IDEDistributionCodesignStep
2021-01-15 06:26:55 +0000  Entitlements for <IDEDistributionItem: 0x7fd8a9d04b10; bundleID='com.ypvsadhna.eng', path='<DVTFilePath:0x7fd8a9f258b0:'/Users/gwl/Library/Developer/Xcode/Archives/2021-01-08/YPV Sadhana English 08-01-21, 5.42 PM.xcarchive/Products/Applications/YPV Sadhana English.app'>', codeSigningInfo='<_DVTCodeSigningInformation_Path: 0x7fd8aa9ba720; isSigned='1', isAdHocSigned='0', signingCertificate='<DVTSigningCertificate: 0x7fd8aac63030; name='Apple Development: Varun Bihani (83A9L94Y35)', hash='C08BC8A8063F1D77CB92BC12CCC1732332A3826B', serialNumber='61977914F37869DB', certificateKinds='(
    "1.2.840.113635.100.6.1.12",
    "1.2.840.113635.100.6.1.2"
), issueDate='2021-01-07 08:18:54 +0000''>', entitlements='{
    "application-identifier" = "98TCDCHV95.com.ypvsadhna.eng";
    "com.apple.developer.team-identifier" = 98TCDCHV95;
    "get-task-allow" = 1;
}', teamID='98TCDCHV95', identifier='com.ypvsadhna.eng', executablePath='<DVTFilePath:0x7fd8a9207010:'/Users/gwl/Library/Developer/Xcode/Archives/2021-01-08/YPV Sadhana English 08-01-21, 5.42 PM.xcarchive/Products/Applications/YPV Sadhana English.app/YPV Sadhana English'>', hardenedRuntime='0'>'>: {
    "application-identifier" = "98TCDCHV95.com.ypvsadhna.eng";
    "com.apple.developer.team-identifier" = 98TCDCHV95;
    "get-task-allow" = 1;
}
2021-01-15 06:26:55 +0000  Writing entitlements for <IDEDistributionItem: 0x7fd8a9d04b10; bundleID='com.ypvsadhna.eng', path='<DVTFilePath:0x7fd8a9f258b0:'/Users/gwl/Library/Developer/Xcode/Archives/2021-01-08/YPV Sadhana English 08-01-21, 5.42 PM.xcarchive/Products/Applications/YPV Sadhana English.app'>', codeSigningInfo='<_DVTCodeSigningInformation_Path: 0x7fd8aa9ba720; isSigned='1', isAdHocSigned='0', signingCertificate='<DVTSigningCertificate: 0x7fd8a7050eb0; name='Apple Development: Varun Bihani (83A9L94Y35)', hash='C08BC8A8063F1D77CB92BC12CCC1732332A3826B', serialNumber='61977914F37869DB', certificateKinds='(
    "1.2.840.113635.100.6.1.12",
    "1.2.840.113635.100.6.1.2"
), issueDate='2021-01-07 08:18:54 +0000''>', entitlements='{
    "application-identifier" = "98TCDCHV95.com.ypvsadhna.eng";
    "com.apple.developer.team-identifier" = 98TCDCHV95;
    "get-task-allow" = 1;
}', teamID='98TCDCHV95', identifier='com.ypvsadhna.eng', executablePath='<DVTFilePath:0x7fd8a9207010:'/Users/gwl/Library/Developer/Xcode/Archives/2021-01-08/YPV Sadhana English 08-01-21, 5.42 PM.xcarchive/Products/Applications/YPV Sadhana English.app/YPV Sadhana English'>', hardenedRuntime='0'>'> to: /var/folders/st/dg689sv55q1c9bvs64bvl_rh0000gn/T/XcodeDistPipeline.~~~nKAChy/entitlements~~~zuCPY3
2021-01-15 06:26:55 +0000  Running /usr/bin/codesign '-vvv' '--force' '--sign' 'C08BC8A8063F1D77CB92BC12CCC1732332A3826B' '--entitlements' '/var/folders/st/dg689sv55q1c9bvs64bvl_rh0000gn/T/XcodeDistPipeline.~~~nKAChy/entitlements~~~zuCPY3' '--preserve-metadata=identifier,flags,runtime' '/var/folders/st/dg689sv55q1c9bvs64bvl_rh0000gn/T/XcodeDistPipeline.~~~nKAChy/Root/Payload/YPV Sadhana English.app'
2021-01-15 06:26:55 +0000  /var/folders/st/dg689sv55q1c9bvs64bvl_rh0000gn/T/XcodeDistPipeline.~~~nKAChy/Root/Payload/YPV Sadhana English.app: replacing existing signature
2021-01-15 06:26:56 +0000  /var/folders/st/dg689sv55q1c9bvs64bvl_rh0000gn/T/XcodeDistPipeline.~~~nKAChy/Root/Payload/YPV Sadhana English.app: signed app bundle with Mach-O universal (armv7 arm64) [com.ypvsadhna.eng]
2021-01-15 06:26:56 +0000  /usr/bin/codesign exited with 0
2021-01-15 06:26:56 +0000  Processing step: IDEDistributionZipODRItemStep
2021-01-15 06:26:56 +0000  Skipping step: IDEDistributionZipODRItemStep because it said so
2021-01-15 06:26:56 +0000  Processing step: IDEDistributionCreateIPAStep
2021-01-15 06:26:56 +0000  Running /usr/bin/ditto '-V' '-c' '-k' '--norsrc' '/var/folders/st/dg689sv55q1c9bvs64bvl_rh0000gn/T/XcodeDistPipeline.~~~nKAChy/Root' '/var/folders/st/dg689sv55q1c9bvs64bvl_rh0000gn/T/XcodeDistPipeline.~~~nKAChy/Packages/YPV Sadhana English.ipa'
2021-01-15 06:26:56 +0000  >>> Copying /var/folders/st/dg689sv55q1c9bvs64bvl_rh0000gn/T/XcodeDistPipeline.~~~nKAChy/Root 
2021-01-15 06:26:56 +0000  copying file ./Payload/YPV Sadhana English.app/_CodeSignature/CodeResources ... 
2021-01-15 06:26:56 +0000  66363 bytes for ./Payload/YPV Sadhana English.app/_CodeSignature/CodeResources
2021-01-15 06:26:56 +0000  copying file ./Payload/YPV Sadhana English.app/LaunchImage@2x.png ... 
2021-01-15 06:26:56 +0000  169970 bytes for ./Payload/YPV Sadhana English.app/LaunchImage@2x.png
copying file ./Payload/YPV Sadhana English.app/AppIcon20x20@2x.png ... 
2021-01-15 06:26:56 +0000  2672 bytes for ./Payload/YPV Sadhana English.app/AppIcon20x20@2x.png
copying file ./Payload/YPV Sadhana English.app/MainViewController.nib/objects-13.0+.nib ... 
2021-01-15 06:26:56 +0000  980 bytes for ./Payload/YPV Sadhana English.app/MainViewController.nib/objects-13.0+.nib
copying file ./Payload/YPV Sadhana English.app/MainViewController.nib/runtime.nib ... 
2021-01-15 06:26:56 +0000  980 bytes for ./Payload/YPV Sadhana English.app/MainViewController.nib/runtime.nib
copying file ./Payload/YPV Sadhana English.app/AppIcon57x57.png ... 
2021-01-15 06:26:56 +0000  4428 bytes for ./Payload/YPV Sadhana English.app/AppIcon57x57.png
copying file ./Payload/YPV Sadhana English.app/AppIcon20x20@3x.png ... 
2021-01-15 06:26:56 +0000  4669 bytes for ./Payload/YPV Sadhana English.app/AppIcon20x20@3x.png
copying file ./Payload/YPV Sadhana English.app/YPV Sadhana English ... 
2021-01-15 06:26:56 +0000  2417440 bytes for ./Payload/YPV Sadhana English.app/YPV Sadhana English
copying file ./Payload/YPV Sadhana English.app/AppIcon29x29.png ... 
2021-01-15 06:26:56 +0000  1664 bytes for ./Payload/YPV Sadhana English.app/AppIcon29x29.png
copying file ./Payload/YPV Sadhana English.app/LaunchImage-568h@2x.png ... 
2021-01-15 06:26:56 +0000  201254 bytes for ./Payload/YPV Sadhana English.app/LaunchImage-568h@2x.png
copying file ./Payload/YPV Sadhana English.app/AppIcon60x60@2x.png ... 
2021-01-15 06:26:56 +0000  13515 bytes for ./Payload/YPV Sadhana English.app/AppIcon60x60@2x.png
copying file ./Payload/YPV Sadhana English.app/AppIcon72x72@2x~ipad.png ... 
2021-01-15 06:26:56 +0000  17911 bytes for ./Payload/YPV Sadhana English.app/AppIcon72x72@2x~ipad.png
copying file ./Payload/YPV Sadhana English.app/AppIcon29x29@2x.png ... 
2021-01-15 06:26:56 +0000  4688 bytes for ./Payload/YPV Sadhana English.app/AppIcon29x29@2x.png
copying file ./Payload/YPV Sadhana English.app/LaunchImage-800-667h@2x.png ... 
2021-01-15 06:26:56 +0000  257506 bytes for ./Payload/YPV Sadhana English.app/LaunchImage-800-667h@2x.png
copying file ./Payload/YPV Sadhana English.app/LaunchImage-Portrait@2x~ipad.png ... 
2021-01-15 06:26:56 +0000  554766 bytes for ./Payload/YPV Sadhana English.app/LaunchImage-Portrait@2x~ipad.png
copying file ./Payload/YPV Sadhana English.app/AppIcon40x40@3x.png ... 
2021-01-15 06:26:56 +0000  13515 bytes for ./Payload/YPV Sadhana English.app/AppIcon40x40@3x.png
copying file ./Payload/YPV Sadhana English.app/AppIcon57x57@2x.png ... 
2021-01-15 06:26:56 +0000  12710 bytes for ./Payload/YPV Sadhana English.app/AppIcon57x57@2x.png
copying file ./Payload/YPV Sadhana English.app/AppIcon29x29~ipad.png ... 
2021-01-15 06:26:56 +0000  1664 bytes for ./Payload/YPV Sadhana English.app/AppIcon29x29~ipad.png
copying file ./Payload/YPV Sadhana English.app/AppIcon40x40@2x.png ... 
2021-01-15 06:26:56 +0000  7627 bytes for ./Payload/YPV Sadhana English.app/AppIcon40x40@2x.png
copying file ./Payload/YPV Sadhana English.app/LaunchImage-Portrait~ipad.png ... 
2021-01-15 06:26:56 +0000  191902 bytes for ./Payload/YPV Sadhana English.app/LaunchImage-Portrait~ipad.png
copying file ./Payload/YPV Sadhana English.app/AppIcon29x29@3x.png ... 
2021-01-15 06:26:56 +0000  9782 bytes for ./Payload/YPV Sadhana English.app/AppIcon29x29@3x.png
copying file ./Payload/YPV Sadhana English.app/AppIcon60x60@3x.png ... 
2021-01-15 06:26:56 +0000  24697 bytes for ./Payload/YPV Sadhana English.app/AppIcon60x60@3x.png
copying file ./Payload/YPV Sadhana English.app/config.xml ... 
2021-01-15 06:26:56 +0000  9867 bytes for ./Payload/YPV Sadhana English.app/config.xml
2021-01-15 06:26:56 +0000  copying file ./Payload/YPV Sadhana English.app/www/index.html ... 
1811 bytes for ./Payload/YPV Sadhana English.app/www/index.html
copying file ./Payload/YPV Sadhana English.app/www/cordova.js ... 
2021-01-15 06:26:56 +0000  69846 bytes for ./Payload/YPV Sadhana English.app/www/cordova.js
2021-01-15 06:26:56 +0000  copying file ./Payload/YPV Sadhana English.app/www/plugins/cordova-plugin-apprate/www/AppRate.js ... 
2021-01-15 06:26:56 +0000  9888 bytes for ./Payload/YPV Sadhana English.app/www/plugins/cordova-plugin-apprate/www/AppRate.js
copying file ./Payload/YPV Sadhana English.app/www/plugins/cordova-plugin-apprate/www/locales.js ... 
2021-01-15 06:26:56 +0000  22247 bytes for ./Payload/YPV Sadhana English.app/www/plugins/cordova-plugin-apprate/www/locales.js
copying file ./Payload/YPV Sadhana English.app/www/plugins/cordova-plugin-apprate/www/storage.js ... 
2021-01-15 06:26:56 +0000  514 bytes for ./Payload/YPV Sadhana English.app/www/plugins/cordova-plugin-apprate/www/storage.js
2021-01-15 06:26:56 +0000  copying file ./Payload/YPV Sadhana English.app/www/plugins/cordova-plugin-file/www/requestFileSystem.js ... 
2021-01-15 06:26:56 +0000  3244 bytes for ./Payload/YPV Sadhana English.app/www/plugins/cordova-plugin-file/www/requestFileSystem.js
copying file ./Payload/YPV Sadhana English.app/www/plugins/cordova-plugin-file/www/DirectoryEntry.js ... 
4681 bytes for ./Payload/YPV Sadhana English.app/www/plugins/cordova-plugin-file/www/DirectoryEntry.js
2021-01-15 06:26:56 +0000  copying file ./Payload/YPV Sadhana English.app/www/plugins/cordova-plugin-file/www/FileSystem.js ... 
1960 bytes for ./Payload/YPV Sadhana English.app/www/plugins/cordova-plugin-file/www/FileSystem.js
copying file ./Payload/YPV Sadhana English.app/www/plugins/cordova-plugin-file/www/Flags.js ... 
2021-01-15 06:26:56 +0000  1336 bytes for ./Payload/YPV Sadhana English.app/www/plugins/cordova-plugin-file/www/Flags.js
copying file ./Payload/YPV Sadhana English.app/www/plugins/cordova-plugin-file/www/fileSystemPaths.js ... 
2021-01-15 06:26:56 +0000  2548 bytes for ./Payload/YPV Sadhana English.app/www/plugins/cordova-plugin-file/www/fileSystemPaths.js
copying file ./Payload/YPV Sadhana English.app/www/plugins/cordova-plugin-file/www/FileEntry.js ... 
2021-01-15 06:26:56 +0000  3423 bytes for ./Payload/YPV Sadhana English.app/www/plugins/cordova-plugin-file/www/FileEntry.js
copying file ./Payload/YPV Sadhana English.app/www/plugins/cordova-plugin-file/www/fileSystems.js ... 
2021-01-15 06:26:56 +0000  1047 bytes for ./Payload/YPV Sadhana English.app/www/plugins/cordova-plugin-file/www/fileSystems.js
2021-01-15 06:26:56 +0000  copying file ./Payload/YPV Sadhana English.app/www/plugins/cordova-plugin-file/www/DirectoryReader.js ... 
2021-01-15 06:26:56 +0000  2724 bytes for ./Payload/YPV Sadhana English.app/www/plugins/cordova-plugin-file/www/DirectoryReader.js
copying file ./Payload/YPV Sadhana English.app/www/plugins/cordova-plugin-file/www/Metadata.js ... 
2021-01-15 06:26:56 +0000  1488 bytes for ./Payload/YPV Sadhana English.app/www/plugins/cordova-plugin-file/www/Metadata.js
2021-01-15 06:26:56 +0000  copying file ./Payload/YPV Sadhana English.app/www/plugins/cordova-plugin-file/www/ios/FileSystem.js ... 
2021-01-15 06:26:56 +0000  1222 bytes for ./Payload/YPV Sadhana English.app/www/plugins/cordova-plugin-file/www/ios/FileSystem.js
copying file ./Payload/YPV Sadhana English.app/www/plugins/cordova-plugin-file/www/browser/isChrome.js ... 
2021-01-15 06:26:56 +0000  1206 bytes for ./Payload/YPV Sadhana English.app/www/plugins/cordova-plugin-file/www/browser/isChrome.js
2021-01-15 06:26:56 +0000  copying file ./Payload/YPV Sadhana English.app/www/plugins/cordova-plugin-file/www/LocalFileSystem.js ... 
2021-01-15 06:26:56 +0000  957 bytes for ./Payload/YPV Sadhana English.app/www/plugins/cordova-plugin-file/www/LocalFileSystem.js
copying file ./Payload/YPV Sadhana English.app/www/plugins/cordova-plugin-file/www/FileReader.js ... 
2021-01-15 06:26:56 +0000  10523 bytes for ./Payload/YPV Sadhana English.app/www/plugins/cordova-plugin-file/www/FileReader.js
2021-01-15 06:26:56 +0000  copying file ./Payload/YPV Sadhana English.app/www/plugins/cordova-plugin-file/www/fileSystems-roots.js ... 
2021-01-15 06:26:56 +0000  1646 bytes for ./Payload/YPV Sadhana English.app/www/plugins/cordova-plugin-file/www/fileSystems-roots.js
copying file ./Payload/YPV Sadhana English.app/www/plugins/cordova-plugin-file/www/FileUploadOptions.js ... 
2021-01-15 06:26:56 +0000  1831 bytes for ./Payload/YPV Sadhana English.app/www/plugins/cordova-plugin-file/www/FileUploadOptions.js
2021-01-15 06:26:56 +0000  copying file ./Payload/YPV Sadhana English.app/www/plugins/cordova-plugin-file/www/FileWriter.js ... 
2021-01-15 06:26:56 +0000  10586 bytes for ./Payload/YPV Sadhana English.app/www/plugins/cordova-plugin-file/www/FileWriter.js
2021-01-15 06:26:56 +0000  copying file ./Payload/YPV Sadhana English.app/www/plugins/cordova-plugin-file/www/FileError.js ... 
2021-01-15 06:26:56 +0000  1483 bytes for ./Payload/YPV Sadhana English.app/www/plugins/cordova-plugin-file/www/FileError.js
copying file ./Payload/YPV Sadhana English.app/www/plugins/cordova-plugin-file/www/FileUploadResult.js ... 
2021-01-15 06:26:56 +0000  1111 bytes for ./Payload/YPV Sadhana English.app/www/plugins/cordova-plugin-file/www/FileUploadResult.js
copying file ./Payload/YPV Sadhana English.app/www/plugins/cordova-plugin-file/www/ProgressEvent.js ... 
2021-01-15 06:26:56 +0000  2544 bytes for ./Payload/YPV Sadhana English.app/www/plugins/cordova-plugin-file/www/ProgressEvent.js
2021-01-15 06:26:56 +0000  copying file ./Payload/YPV Sadhana English.app/www/plugins/cordova-plugin-file/www/File.js ... 
2021-01-15 06:26:56 +0000  2714 bytes for ./Payload/YPV Sadhana English.app/www/plugins/cordova-plugin-file/www/File.js
2021-01-15 06:26:56 +0000  copying file ./Payload/YPV Sadhana English.app/www/plugins/cordova-plugin-file/www/resolveLocalFileSystemURI.js ... 
2021-01-15 06:26:56 +0000  4325 bytes for ./Payload/YPV Sadhana English.app/www/plugins/cordova-plugin-file/www/resolveLocalFileSystemURI.js
2021-01-15 06:26:56 +0000  copying file ./Payload/YPV Sadhana English.app/www/plugins/cordova-plugin-file/www/Entry.js ... 
2021-01-15 06:26:56 +0000  9869 bytes for ./Payload/YPV Sadhana English.app/www/plugins/cordova-plugin-file/www/Entry.js
2021-01-15 06:26:56 +0000  copying file ./Payload/YPV Sadhana English.app/www/plugins/cordova-plugin-ionic-webview/src/www/ios/ios-wkwebview-exec.js ... 
2021-01-15 06:26:56 +0000  6167 bytes for ./Payload/YPV Sadhana English.app/www/plugins/cordova-plugin-ionic-webview/src/www/ios/ios-wkwebview-exec.js
2021-01-15 06:26:56 +0000  copying file ./Payload/YPV Sadhana English.app/www/plugins/cordova-plugin-inappbrowser/www/inappbrowser.js ... 
2021-01-15 06:26:56 +0000  4966 bytes for ./Payload/YPV Sadhana English.app/www/plugins/cordova-plugin-inappbrowser/www/inappbrowser.js
2021-01-15 06:26:56 +0000  copying file ./Payload/YPV Sadhana English.app/www/plugins/cordova-plugin-device/www/device.js ... 
2021-01-15 06:26:56 +0000  3070 bytes for ./Payload/YPV Sadhana English.app/www/plugins/cordova-plugin-device/www/device.js
2021-01-15 06:26:56 +0000  copying file ./Payload/YPV Sadhana English.app/www/plugins/cordova-plugin-market/www/market.js ... 
2021-01-15 06:26:56 +0000  727 bytes for ./Payload/YPV Sadhana English.app/www/plugins/cordova-plugin-market/www/market.js
2021-01-15 06:26:56 +0000  copying file ./Payload/YPV Sadhana English.app/www/plugins/cordova-sqlite-storage/www/SQLitePlugin.js ... 
2021-01-15 06:26:56 +0000  33721 bytes for ./Payload/YPV Sadhana English.app/www/plugins/cordova-sqlite-storage/www/SQLitePlugin.js
2021-01-15 06:26:56 +0000  copying file ./Payload/YPV Sadhana English.app/www/plugins/cordova-plugin-background-mode/www/background-mode.js ... 
2021-01-15 06:26:56 +0000  10421 bytes for ./Payload/YPV Sadhana English.app/www/plugins/cordova-plugin-background-mode/www/background-mode.js
2021-01-15 06:26:56 +0000  copying file ./Payload/YPV Sadhana English.app/www/plugins/cordova-plugin-nativestorage/www/LocalStorageHandle.js ... 
2021-01-15 06:26:56 +0000  1453 bytes for ./Payload/YPV Sadhana English.app/www/plugins/cordova-plugin-nativestorage/www/LocalStorageHandle.js
2021-01-15 06:26:56 +0000  copying file ./Payload/YPV Sadhana English.app/www/plugins/cordova-plugin-nativestorage/www/mainHandle.js ... 
2021-01-15 06:26:56 +0000  13363 bytes for ./Payload/YPV Sadhana English.app/www/plugins/cordova-plugin-nativestorage/www/mainHandle.js
2021-01-15 06:26:56 +0000  copying file ./Payload/YPV Sadhana English.app/www/plugins/cordova-plugin-nativestorage/www/NativeStorageError.js ... 
2021-01-15 06:26:56 +0000  789 bytes for ./Payload/YPV Sadhana English.app/www/plugins/cordova-plugin-nativestorage/www/NativeStorageError.js
2021-01-15 06:26:56 +0000  copying file ./Payload/YPV Sadhana English.app/www/plugins/cordova-plugin-dialogs/www/notification.js ... 
2021-01-15 06:26:56 +0000  6013 bytes for ./Payload/YPV Sadhana English.app/www/plugins/cordova-plugin-dialogs/www/notification.js
2021-01-15 06:26:56 +0000  copying file ./Payload/YPV Sadhana English.app/www/plugins/cordova-plugin-splashscreen/www/splashscreen.js ... 
2021-01-15 06:26:56 +0000  1173 bytes for ./Payload/YPV Sadhana English.app/www/plugins/cordova-plugin-splashscreen/www/splashscreen.js
2021-01-15 06:26:56 +0000  copying file ./Payload/YPV Sadhana English.app/www/plugins/cordova-plugin-ionic-keyboard/www/ios/keyboard.js ... 
2021-01-15 06:26:56 +0000  2676 bytes for ./Payload/YPV Sadhana English.app/www/plugins/cordova-plugin-ionic-keyboard/www/ios/keyboard.js
2021-01-15 06:26:56 +0000  copying file ./Payload/YPV Sadhana English.app/www/cordova-js-src/exec.js ... 
2021-01-15 06:26:56 +0000  8856 bytes for ./Payload/YPV Sadhana English.app/www/cordova-js-src/exec.js
2021-01-15 06:26:56 +0000  copying file ./Payload/YPV Sadhana English.app/www/cordova-js-src/plugin/ios/logger.js ... 
2021-01-15 06:26:56 +0000  10181 bytes for ./Payload/YPV Sadhana English.app/www/cordova-js-src/plugin/ios/logger.js
2021-01-15 06:26:56 +0000  copying file ./Payload/YPV Sadhana English.app/www/cordova-js-src/plugin/ios/console.js ... 
2021-01-15 06:26:56 +0000  6873 bytes for ./Payload/YPV Sadhana English.app/www/cordova-js-src/plugin/ios/console.js
2021-01-15 06:26:56 +0000  copying file ./Payload/YPV Sadhana English.app/www/cordova-js-src/platform.js ... 
2021-01-15 06:26:56 +0000  1168 bytes for ./Payload/YPV Sadhana English.app/www/cordova-js-src/platform.js
2021-01-15 06:26:56 +0000  copying file ./Payload/YPV Sadhana English.app/www/manifest.json ... 
2021-01-15 06:26:56 +0000  275 bytes for ./Payload/YPV Sadhana English.app/www/manifest.json
copying file ./Payload/YPV Sadhana English.app/www/cordova_plugins.js ... 
2021-01-15 06:26:56 +0000  8987 bytes for ./Payload/YPV Sadhana English.app/www/cordova_plugins.js
2021-01-15 06:26:56 +0000  copying file ./Payload/YPV Sadhana English.app/www/service-worker.js ... 
2021-01-15 06:26:56 +0000  741 bytes for ./Payload/YPV Sadhana English.app/www/service-worker.js
2021-01-15 06:26:56 +0000  copying file ./Payload/YPV Sadhana English.app/www/build/main.js.map ... 
2021-01-15 06:26:56 +0000  28905 bytes for ./Payload/YPV Sadhana English.app/www/build/main.js.map
2021-01-15 06:26:56 +0000  copying file ./Payload/YPV Sadhana English.app/www/build/main.css.map ... 
2021-01-15 06:26:56 +0000  4 bytes for ./Payload/YPV Sadhana English.app/www/build/main.css.map
copying file ./Payload/YPV Sadhana English.app/www/build/polyfills.js ... 
2021-01-15 06:26:56 +0000  97180 bytes for ./Payload/YPV Sadhana English.app/www/build/polyfills.js
2021-01-15 06:26:56 +0000  copying file ./Payload/YPV Sadhana English.app/www/build/main.css ... 
2021-01-15 06:26:56 +0000  547891 bytes for ./Payload/YPV Sadhana English.app/www/build/main.css
copying file ./Payload/YPV Sadhana English.app/www/build/vendor.js ... 
2021-01-15 06:26:56 +0000  4940735 bytes for ./Payload/YPV Sadhana English.app/www/build/vendor.js
copying file ./Payload/YPV Sadhana English.app/www/build/main.js ... 
2021-01-15 06:26:56 +0000  57447 bytes for ./Payload/YPV Sadhana English.app/www/build/main.js
copying file ./Payload/YPV Sadhana English.app/www/build/0.js.map ... 
2021-01-15 06:26:56 +0000  813 bytes for ./Payload/YPV Sadhana English.app/www/build/0.js.map
copying file ./Payload/YPV Sadhana English.app/www/build/0.js ... 
1988 bytes for ./Payload/YPV Sadhana English.app/www/build/0.js
copying file ./Payload/YPV Sadhana English.app/www/build/sw-toolbox.js ... 
2021-01-15 06:26:56 +0000  15793 bytes for ./Payload/YPV Sadhana English.app/www/build/sw-toolbox.js
copying file ./Payload/YPV Sadhana English.app/www/build/vendor.js.map ... 
2021-01-15 06:26:56 +0000  5821486 bytes for ./Payload/YPV Sadhana English.app/www/build/vendor.js.map
2021-01-15 06:26:56 +0000  copying file ./Payload/YPV Sadhana English.app/www/assets/imgs/icon-forgiveness.png ... 
8309 bytes for ./Payload/YPV Sadhana English.app/www/assets/imgs/icon-forgiveness.png
copying file ./Payload/YPV Sadhana English.app/www/assets/imgs/icon-medition-excerise.png ... 
2021-01-15 06:26:56 +0000  6783 bytes for ./Payload/YPV Sadhana English.app/www/assets/imgs/icon-medition-excerise.png
copying file ./Payload/YPV Sadhana English.app/www/assets/imgs/icon-brain.png ... 
2021-01-15 06:26:56 +0000  11196 bytes for ./Payload/YPV Sadhana English.app/www/assets/imgs/icon-brain.png
copying file ./Payload/YPV Sadhana English.app/www/assets/imgs/ionic.png ... 
2021-01-15 06:26:56 +0000  4757 bytes for ./Payload/YPV Sadhana English.app/www/assets/imgs/ionic.png
copying file ./Payload/YPV Sadhana English.app/www/assets/imgs/bg-login.jpg ... 
2021-01-15 06:26:56 +0000  24675 bytes for ./Payload/YPV Sadhana English.app/www/assets/imgs/bg-login.jpg
copying file ./Payload/YPV Sadhana English.app/www/assets/imgs/icon-breathing.png ... 
2021-01-15 06:26:56 +0000  7791 bytes for ./Payload/YPV Sadhana English.app/www/assets/imgs/icon-breathing.png
copying file ./Payload/YPV Sadhana English.app/www/assets/imgs/logo.png ... 
2021-01-15 06:26:56 +0000  133728 bytes for ./Payload/YPV Sadhana English.app/www/assets/imgs/logo.png
copying file ./Payload/YPV Sadhana English.app/www/assets/imgs/splash-icon.png ... 
2021-01-15 06:26:56 +0000  133728 bytes for ./Payload/YPV Sadhana English.app/www/assets/imgs/splash-icon.png
copying file ./Payload/YPV Sadhana English.app/www/assets/imgs/enhance-immunity.png ... 
2021-01-15 06:26:56 +0000  12968 bytes for ./Payload/YPV Sadhana English.app/www/assets/imgs/enhance-immunity.png
copying file ./Payload/YPV Sadhana English.app/www/assets/imgs/icon-medition.png ... 
2021-01-15 06:26:56 +0000  6635 bytes for ./Payload/YPV Sadhana English.app/www/assets/imgs/icon-medition.png
2021-01-15 06:26:56 +0000  copying file ./Payload/YPV Sadhana English.app/www/assets/audioHtml/Breathing.html ... 
523 bytes for ./Payload/YPV Sadhana English.app/www/assets/audioHtml/Breathing.html
copying file ./Payload/YPV Sadhana English.app/www/assets/audioHtml/SuperBraiYoga.html ... 
2021-01-15 06:26:56 +0000  516 bytes for ./Payload/YPV Sadhana English.app/www/assets/audioHtml/SuperBraiYoga.html
copying file ./Payload/YPV Sadhana English.app/www/assets/audioHtml/PPM-Exercises.html ... 
528 bytes for ./Payload/YPV Sadhana English.app/www/assets/audioHtml/PPM-Exercises.html
copying file ./Payload/YPV Sadhana English.app/www/assets/audioHtml/ForgivenessSadhana.html ... 
2021-01-15 06:26:56 +0000  529 bytes for ./Payload/YPV Sadhana English.app/www/assets/audioHtml/ForgivenessSadhana.html
copying file ./Payload/YPV Sadhana English.app/www/assets/audioHtml/style.css ... 
323 bytes for ./Payload/YPV Sadhana English.app/www/assets/audioHtml/style.css
2021-01-15 06:26:56 +0000  copying file ./Payload/YPV Sadhana English.app/www/assets/audioHtml/Meditation.html ... 
546 bytes for ./Payload/YPV Sadhana English.app/www/assets/audioHtml/Meditation.html
copying file ./Payload/YPV Sadhana English.app/www/assets/audio/Untitled Document ... 
2021-01-15 06:26:56 +0000  416 bytes for ./Payload/YPV Sadhana English.app/www/assets/audio/Untitled Document
copying file ./Payload/YPV Sadhana English.app/www/assets/audio/Breathing.mp3 ... 
2021-01-15 06:26:56 +0000  11571410 bytes for ./Payload/YPV Sadhana English.app/www/assets/audio/Breathing.mp3
copying file ./Payload/YPV Sadhana English.app/www/assets/audio/ForgivenessSadhana.mp3 ... 
2021-01-15 06:26:57 +0000  12915067 bytes for ./Payload/YPV Sadhana English.app/www/assets/audio/ForgivenessSadhana.mp3
copying file ./Payload/YPV Sadhana English.app/www/assets/audio/Meditation.mp3 ... 
2021-01-15 06:26:57 +0000  12854510 bytes for ./Payload/YPV Sadhana English.app/www/assets/audio/Meditation.mp3
copying file ./Payload/YPV Sadhana English.app/www/assets/audio/SuperBraiYoga.mp3 ... 
2021-01-15 06:26:58 +0000  8727235 bytes for ./Payload/YPV Sadhana English.app/www/assets/audio/SuperBraiYoga.mp3
copying file ./Payload/YPV Sadhana English.app/www/assets/audio/PPM-Exercises.mp3 ... 
2021-01-15 06:26:59 +0000  41560061 bytes for ./Payload/YPV Sadhana English.app/www/assets/audio/PPM-Exercises.mp3
2021-01-15 06:26:59 +0000  copying file ./Payload/YPV Sadhana English.app/www/assets/icon/favicon.ico ... 
1981 bytes for ./Payload/YPV Sadhana English.app/www/assets/icon/favicon.ico
copying file ./Payload/YPV Sadhana English.app/www/assets/fonts/roboto-medium.ttf ... 
2021-01-15 06:26:59 +0000  19752 bytes for ./Payload/YPV Sadhana English.app/www/assets/fonts/roboto-medium.ttf
copying file ./Payload/YPV Sadhana English.app/www/assets/fonts/roboto-light.woff2 ... 
2021-01-15 06:26:59 +0000  10220 bytes for ./Payload/YPV Sadhana English.app/www/assets/fonts/roboto-light.woff2
2021-01-15 06:26:59 +0000  copying file ./Payload/YPV Sadhana English.app/www/assets/fonts/roboto-light.ttf ... 
2021-01-15 06:26:59 +0000  19908 bytes for ./Payload/YPV Sadhana English.app/www/assets/fonts/roboto-light.ttf
copying file ./Payload/YPV Sadhana English.app/www/assets/fonts/roboto-regular.woff2 ... 
2021-01-15 06:26:59 +0000  10196 bytes for ./Payload/YPV Sadhana English.app/www/assets/fonts/roboto-regular.woff2
2021-01-15 06:26:59 +0000  copying file ./Payload/YPV Sadhana English.app/www/assets/fonts/roboto-regular.woff ... 
2021-01-15 06:26:59 +0000  13308 bytes for ./Payload/YPV Sadhana English.app/www/assets/fonts/roboto-regular.woff
copying file ./Payload/YPV Sadhana English.app/www/assets/fonts/noto-sans-bold.ttf ... 
2021-01-15 06:26:59 +0000  415132 bytes for ./Payload/YPV Sadhana English.app/www/assets/fonts/noto-sans-bold.ttf
2021-01-15 06:26:59 +0000  copying file ./Payload/YPV Sadhana English.app/www/assets/fonts/roboto-regular/roboto-regular-webfont.woff2 ... 
2021-01-15 06:26:59 +0000  19160 bytes for ./Payload/YPV Sadhana English.app/www/assets/fonts/roboto-regular/roboto-regular-webfont.woff2
copying file ./Payload/YPV Sadhana English.app/www/assets/fonts/roboto-regular/generator_config.txt ... 
2021-01-15 06:26:59 +0000  608 bytes for ./Payload/YPV Sadhana English.app/www/assets/fonts/roboto-regular/generator_config.txt
copying file ./Payload/YPV Sadhana English.app/www/assets/fonts/roboto-regular/roboto-regular-webfont.woff ... 
2021-01-15 06:26:59 +0000  25160 bytes for ./Payload/YPV Sadhana English.app/www/assets/fonts/roboto-regular/roboto-regular-webfont.woff
2021-01-15 06:26:59 +0000  copying file ./Payload/YPV Sadhana English.app/www/assets/fonts/roboto-regular/roboto-regular-demo.html ... 
2021-01-15 06:26:59 +0000  37806 bytes for ./Payload/YPV Sadhana English.app/www/assets/fonts/roboto-regular/roboto-regular-demo.html
2021-01-15 06:26:59 +0000  copying file ./Payload/YPV Sadhana English.app/www/assets/fonts/roboto-regular/stylesheet.css ... 
304 bytes for ./Payload/YPV Sadhana English.app/www/assets/fonts/roboto-regular/stylesheet.css
2021-01-15 06:26:59 +0000  copying file ./Payload/YPV Sadhana English.app/www/assets/fonts/roboto-regular/specimen_files/specimen_stylesheet.css ... 
2021-01-15 06:26:59 +0000  7310 bytes for ./Payload/YPV Sadhana English.app/www/assets/fonts/roboto-regular/specimen_files/specimen_stylesheet.css
2021-01-15 06:26:59 +0000  copying file ./Payload/YPV Sadhana English.app/www/assets/fonts/roboto-regular/specimen_files/grid_12-825-55-15.css ... 
2021-01-15 06:26:59 +0000  4597 bytes for ./Payload/YPV Sadhana English.app/www/assets/fonts/roboto-regular/specimen_files/grid_12-825-55-15.css
2021-01-15 06:26:59 +0000  copying file ./Payload/YPV Sadhana English.app/www/assets/fonts/ionicons.eot ... 
2021-01-15 06:26:59 +0000  144114 bytes for ./Payload/YPV Sadhana English.app/www/assets/fonts/ionicons.eot
copying file ./Payload/YPV Sadhana English.app/www/assets/fonts/noto-sans-bold.woff ... 
2021-01-15 06:26:59 +0000  211888 bytes for ./Payload/YPV Sadhana English.app/www/assets/fonts/noto-sans-bold.woff
copying file ./Payload/YPV Sadhana English.app/www/assets/fonts/roboto-light.woff ... 
2021-01-15 06:26:59 +0000  13360 bytes for ./Payload/YPV Sadhana English.app/www/assets/fonts/roboto-light.woff
copying file ./Payload/YPV Sadhana English.app/www/assets/fonts/roboto-medium.woff2 ... 
2021-01-15 06:26:59 +0000  10192 bytes for ./Payload/YPV Sadhana English.app/www/assets/fonts/roboto-medium.woff2
2021-01-15 06:26:59 +0000  copying file ./Payload/YPV Sadhana English.app/www/assets/fonts/ionicons.woff ... 
2021-01-15 06:26:59 +0000  80356 bytes for ./Payload/YPV Sadhana English.app/www/assets/fonts/ionicons.woff
copying file ./Payload/YPV Sadhana English.app/www/assets/fonts/roboto-regular.ttf ... 
2021-01-15 06:26:59 +0000  19876 bytes for ./Payload/YPV Sadhana English.app/www/assets/fonts/roboto-regular.ttf
copying file ./Payload/YPV Sadhana English.app/www/assets/fonts/ionicons.ttf ... 
2021-01-15 06:26:59 +0000  143936 bytes for ./Payload/YPV Sadhana English.app/www/assets/fonts/ionicons.ttf
2021-01-15 06:26:59 +0000  copying file ./Payload/YPV Sadhana English.app/www/assets/fonts/roboto-thin/roboto-thin_1-webfont.eot ... 
2021-01-15 06:26:59 +0000  47846 bytes for ./Payload/YPV Sadhana English.app/www/assets/fonts/roboto-thin/roboto-thin_1-webfont.eot
copying file ./Payload/YPV Sadhana English.app/www/assets/fonts/roboto-thin/roboto-thin_1-webfont.woff ... 
2021-01-15 06:26:59 +0000  24996 bytes for ./Payload/YPV Sadhana English.app/www/assets/fonts/roboto-thin/roboto-thin_1-webfont.woff
copying file ./Payload/YPV Sadhana English.app/www/assets/fonts/roboto-thin/roboto-thin_1-webfont.ttf ... 
2021-01-15 06:26:59 +0000  47580 bytes for ./Payload/YPV Sadhana English.app/www/assets/fonts/roboto-thin/roboto-thin_1-webfont.ttf
copying file ./Payload/YPV Sadhana English.app/www/assets/fonts/roboto-thin/roboto-thin_1-webfont.woff2 ... 
2021-01-15 06:26:59 +0000  19020 bytes for ./Payload/YPV Sadhana English.app/www/assets/fonts/roboto-thin/roboto-thin_1-webfont.woff2
copying file ./Payload/YPV Sadhana English.app/www/assets/fonts/roboto-thin/roboto-thin_1-webfont.svg ... 
2021-01-15 06:26:59 +0000  74045 bytes for ./Payload/YPV Sadhana English.app/www/assets/fonts/roboto-thin/roboto-thin_1-webfont.svg
2021-01-15 06:26:59 +0000  copying file ./Payload/YPV Sadhana English.app/www/assets/fonts/roboto-bold/generator_config.txt ... 
608 bytes for ./Payload/YPV Sadhana English.app/www/assets/fonts/roboto-bold/generator_config.txt
2021-01-15 06:26:59 +0000  copying file ./Payload/YPV Sadhana English.app/www/assets/fonts/roboto-bold/roboto-bold-webfont.woff2 ... 
2021-01-15 06:26:59 +0000  18896 bytes for ./Payload/YPV Sadhana English.app/www/assets/fonts/roboto-bold/roboto-bold-webfont.woff2
2021-01-15 06:26:59 +0000  copying file ./Payload/YPV Sadhana English.app/www/assets/fonts/roboto-bold/roboto-bold-webfont.woff ... 
2021-01-15 06:26:59 +0000  24956 bytes for ./Payload/YPV Sadhana English.app/www/assets/fonts/roboto-bold/roboto-bold-webfont.woff
copying file ./Payload/YPV Sadhana English.app/www/assets/fonts/roboto-bold/stylesheet.css ... 
2021-01-15 06:26:59 +0000  295 bytes for ./Payload/YPV Sadhana English.app/www/assets/fonts/roboto-bold/stylesheet.css
copying file ./Payload/YPV Sadhana English.app/www/assets/fonts/roboto-bold/roboto-bold-demo.html ... 
2021-01-15 06:26:59 +0000  37788 bytes for ./Payload/YPV Sadhana English.app/www/assets/fonts/roboto-bold/roboto-bold-demo.html
2021-01-15 06:26:59 +0000  copying file ./Payload/YPV Sadhana English.app/www/assets/fonts/roboto-bold/specimen_files/specimen_stylesheet.css ... 
2021-01-15 06:26:59 +0000  7310 bytes for ./Payload/YPV Sadhana English.app/www/assets/fonts/roboto-bold/specimen_files/specimen_stylesheet.css
copying file ./Payload/YPV Sadhana English.app/www/assets/fonts/roboto-bold/specimen_files/grid_12-825-55-15.css ... 
2021-01-15 06:26:59 +0000  4597 bytes for ./Payload/YPV Sadhana English.app/www/assets/fonts/roboto-bold/specimen_files/grid_12-825-55-15.css
2021-01-15 06:26:59 +0000  copying file ./Payload/YPV Sadhana English.app/www/assets/fonts/roboto-bold.woff2 ... 
2021-01-15 06:26:59 +0000  10212 bytes for ./Payload/YPV Sadhana English.app/www/assets/fonts/roboto-bold.woff2
copying file ./Payload/YPV Sadhana English.app/www/assets/fonts/noto-sans.scss ... 
2021-01-15 06:26:59 +0000  1282 bytes for ./Payload/YPV Sadhana English.app/www/assets/fonts/noto-sans.scss
2021-01-15 06:26:59 +0000  copying file ./Payload/YPV Sadhana English.app/www/assets/fonts/roboto-medium/roboto-medium-demo.html ... 
2021-01-15 06:26:59 +0000  37840 bytes for ./Payload/YPV Sadhana English.app/www/assets/fonts/roboto-medium/roboto-medium-demo.html
copying file ./Payload/YPV Sadhana English.app/www/assets/fonts/roboto-medium/generator_config.txt ... 
2021-01-15 06:26:59 +0000  608 bytes for ./Payload/YPV Sadhana English.app/www/assets/fonts/roboto-medium/generator_config.txt
copying file ./Payload/YPV Sadhana English.app/www/assets/fonts/roboto-medium/roboto-medium-webfont.woff2 ... 
2021-01-15 06:26:59 +0000  19212 bytes for ./Payload/YPV Sadhana English.app/www/assets/fonts/roboto-medium/roboto-medium-webfont.woff2
2021-01-15 06:26:59 +0000  copying file ./Payload/YPV Sadhana English.app/www/assets/fonts/roboto-medium/stylesheet.css ... 
2021-01-15 06:26:59 +0000  301 bytes for ./Payload/YPV Sadhana English.app/www/assets/fonts/roboto-medium/stylesheet.css
copying file ./Payload/YPV Sadhana English.app/www/assets/fonts/roboto-medium/roboto-medium-webfont.woff ... 
2021-01-15 06:26:59 +0000  25212 bytes for ./Payload/YPV Sadhana English.app/www/assets/fonts/roboto-medium/roboto-medium-webfont.woff
2021-01-15 06:26:59 +0000  copying file ./Payload/YPV Sadhana English.app/www/assets/fonts/roboto-medium/specimen_files/specimen_stylesheet.css ... 
2021-01-15 06:26:59 +0000  7310 bytes for ./Payload/YPV Sadhana English.app/www/assets/fonts/roboto-medium/specimen_files/specimen_stylesheet.css
2021-01-15 06:26:59 +0000  copying file ./Payload/YPV Sadhana English.app/www/assets/fonts/roboto-medium/specimen_files/grid_12-825-55-15.css ... 
2021-01-15 06:26:59 +0000  4597 bytes for ./Payload/YPV Sadhana English.app/www/assets/fonts/roboto-medium/specimen_files/grid_12-825-55-15.css
2021-01-15 06:26:59 +0000  copying file ./Payload/YPV Sadhana English.app/www/assets/fonts/roboto.scss ... 
2021-01-15 06:26:59 +0000  1458 bytes for ./Payload/YPV Sadhana English.app/www/assets/fonts/roboto.scss
copying file ./Payload/YPV Sadhana English.app/www/assets/fonts/noto-sans-regular.woff ... 
2021-01-15 06:26:59 +0000  212780 bytes for ./Payload/YPV Sadhana English.app/www/assets/fonts/noto-sans-regular.woff
2021-01-15 06:26:59 +0000  copying file ./Payload/YPV Sadhana English.app/www/assets/fonts/roboto-medium.woff ... 
2021-01-15 06:26:59 +0000  13248 bytes for ./Payload/YPV Sadhana English.app/www/assets/fonts/roboto-medium.woff
copying file ./Payload/YPV Sadhana English.app/www/assets/fonts/roboto-bold.woff ... 
2021-01-15 06:26:59 +0000  13348 bytes for ./Payload/YPV Sadhana English.app/www/assets/fonts/roboto-bold.woff
copying file ./Payload/YPV Sadhana English.app/www/assets/fonts/noto-sans-regular.ttf ... 
2021-01-15 06:26:59 +0000  414820 bytes for ./Payload/YPV Sadhana English.app/www/assets/fonts/noto-sans-regular.ttf
copying file ./Payload/YPV Sadhana English.app/www/assets/fonts/ionicons.svg ... 
2021-01-15 06:26:59 +0000  400219 bytes for ./Payload/YPV Sadhana English.app/www/assets/fonts/ionicons.svg
copying file ./Payload/YPV Sadhana English.app/www/assets/fonts/roboto-bold.ttf ... 
2021-01-15 06:26:59 +0000  20040 bytes for ./Payload/YPV Sadhana English.app/www/assets/fonts/roboto-bold.ttf
copying file ./Payload/YPV Sadhana English.app/www/assets/fonts/ionicons.woff2 ... 
2021-01-15 06:26:59 +0000  61020 bytes for ./Payload/YPV Sadhana English.app/www/assets/fonts/ionicons.woff2
copying file ./Payload/YPV Sadhana English.app/www/assets/fonts/ionicons.scss ... 
2021-01-15 06:26:59 +0000  1152 bytes for ./Payload/YPV Sadhana English.app/www/assets/fonts/ionicons.scss
copying file ./Payload/YPV Sadhana English.app/www/assets/fonts/roboto-light/generator_config.txt ... 
2021-01-15 06:26:59 +0000  608 bytes for ./Payload/YPV Sadhana English.app/www/assets/fonts/roboto-light/generator_config.txt
copying file ./Payload/YPV Sadhana English.app/www/assets/fonts/roboto-light/roboto-light-webfont.woff ... 
2021-01-15 06:26:59 +0000  24684 bytes for ./Payload/YPV Sadhana English.app/www/assets/fonts/roboto-light/roboto-light-webfont.woff
copying file ./Payload/YPV Sadhana English.app/www/assets/fonts/roboto-light/roboto-bold-webfont.woff2 ... 
2021-01-15 06:26:59 +0000  18808 bytes for ./Payload/YPV Sadhana English.app/www/assets/fonts/roboto-light/roboto-bold-webfont.woff2
copying file ./Payload/YPV Sadhana English.app/www/assets/fonts/roboto-light/roboto-bold-webfont.woff ... 
2021-01-15 06:26:59 +0000  24860 bytes for ./Payload/YPV Sadhana English.app/www/assets/fonts/roboto-light/roboto-bold-webfont.woff
copying file ./Payload/YPV Sadhana English.app/www/assets/fonts/roboto-light/stylesheet.css ... 
2021-01-15 06:26:59 +0000  514 bytes for ./Payload/YPV Sadhana English.app/www/assets/fonts/roboto-light/stylesheet.css
copying file ./Payload/YPV Sadhana English.app/www/assets/fonts/roboto-light/roboto-light-webfont.woff2 ... 
2021-01-15 06:26:59 +0000  18768 bytes for ./Payload/YPV Sadhana English.app/www/assets/fonts/roboto-light/roboto-light-webfont.woff2
copying file ./Payload/YPV Sadhana English.app/www/assets/fonts/roboto-light/roboto-light-demo.html ... 
2021-01-15 06:26:59 +0000  37834 bytes for ./Payload/YPV Sadhana English.app/www/assets/fonts/roboto-light/roboto-light-demo.html
copying file ./Payload/YPV Sadhana English.app/www/assets/fonts/roboto-light/roboto-bold-demo.html ... 
2021-01-15 06:26:59 +0000  37788 bytes for ./Payload/YPV Sadhana English.app/www/assets/fonts/roboto-light/roboto-bold-demo.html
2021-01-15 06:26:59 +0000  copying file ./Payload/YPV Sadhana English.app/www/assets/fonts/roboto-light/specimen_files/specimen_stylesheet.css ... 
2021-01-15 06:26:59 +0000  7310 bytes for ./Payload/YPV Sadhana English.app/www/assets/fonts/roboto-light/specimen_files/specimen_stylesheet.css
2021-01-15 06:26:59 +0000  copying file ./Payload/YPV Sadhana English.app/www/assets/fonts/roboto-light/specimen_files/grid_12-825-55-15.css ... 
2021-01-15 06:26:59 +0000  4597 bytes for ./Payload/YPV Sadhana English.app/www/assets/fonts/roboto-light/specimen_files/grid_12-825-55-15.css
2021-01-15 06:26:59 +0000  copying file ./Payload/YPV Sadhana English.app/www/wk-plugin.js ... 
2021-01-15 06:26:59 +0000  1779 bytes for ./Payload/YPV Sadhana English.app/www/wk-plugin.js
2021-01-15 06:26:59 +0000  copying file ./Payload/YPV Sadhana English.app/LaunchImage-Landscape~ipad.png ... 
2021-01-15 06:26:59 +0000  154760 bytes for ./Payload/YPV Sadhana English.app/LaunchImage-Landscape~ipad.png
copying file ./Payload/YPV Sadhana English.app/appbeep.wav ... 
2021-01-15 06:26:59 +0000  11968 bytes for ./Payload/YPV Sadhana English.app/appbeep.wav
copying file ./Payload/YPV Sadhana English.app/LaunchImage-700-Portrait~ipad.png ... 
2021-01-15 06:26:59 +0000  191902 bytes for ./Payload/YPV Sadhana English.app/LaunchImage-700-Portrait~ipad.png
2021-01-15 06:26:59 +0000  copying file ./Payload/YPV Sadhana English.app/Assets.car ... 
2021-01-15 06:26:59 +0000  2757872 bytes for ./Payload/YPV Sadhana English.app/Assets.car
copying file ./Payload/YPV Sadhana English.app/AppIcon40x40@2x~ipad.png ... 
2021-01-15 06:26:59 +0000  7627 bytes for ./Payload/YPV Sadhana English.app/AppIcon40x40@2x~ipad.png
copying file ./Payload/YPV Sadhana English.app/AppIcon76x76@2x~ipad.png ... 
2021-01-15 06:26:59 +0000  19336 bytes for ./Payload/YPV Sadhana English.app/AppIcon76x76@2x~ipad.png
copying file ./Payload/YPV Sadhana English.app/LaunchImage-800-Portrait-736h@3x.png ... 
2021-01-15 06:26:59 +0000  580234 bytes for ./Payload/YPV Sadhana English.app/LaunchImage-800-Portrait-736h@3x.png
copying file ./Payload/YPV Sadhana English.app/AppIcon72x72~ipad.png ... 
2021-01-15 06:26:59 +0000  6568 bytes for ./Payload/YPV Sadhana English.app/AppIcon72x72~ipad.png
2021-01-15 06:26:59 +0000  copying file ./Payload/YPV Sadhana English.app/CDVLaunchScreen.storyboardc/01J-lp-oVM-view-Ze5-6b-2t3.nib/objects-13.0+.nib ... 
2021-01-15 06:26:59 +0000  2325 bytes for ./Payload/YPV Sadhana English.app/CDVLaunchScreen.storyboardc/01J-lp-oVM-view-Ze5-6b-2t3.nib/objects-13.0+.nib
2021-01-15 06:26:59 +0000  copying file ./Payload/YPV Sadhana English.app/CDVLaunchScreen.storyboardc/01J-lp-oVM-view-Ze5-6b-2t3.nib/runtime.nib ... 
2329 bytes for ./Payload/YPV Sadhana English.app/CDVLaunchScreen.storyboardc/01J-lp-oVM-view-Ze5-6b-2t3.nib/runtime.nib
2021-01-15 06:26:59 +0000  copying file ./Payload/YPV Sadhana English.app/CDVLaunchScreen.storyboardc/UIViewController-01J-lp-oVM.nib/objects-13.0+.nib ... 
2021-01-15 06:26:59 +0000  896 bytes for ./Payload/YPV Sadhana English.app/CDVLaunchScreen.storyboardc/UIViewController-01J-lp-oVM.nib/objects-13.0+.nib
copying file ./Payload/YPV Sadhana English.app/CDVLaunchScreen.storyboardc/UIViewController-01J-lp-oVM.nib/runtime.nib ... 
896 bytes for ./Payload/YPV Sadhana English.app/CDVLaunchScreen.storyboardc/UIViewController-01J-lp-oVM.nib/runtime.nib
2021-01-15 06:26:59 +0000  copying file ./Payload/YPV Sadhana English.app/CDVLaunchScreen.storyboardc/Info.plist ... 
258 bytes for ./Payload/YPV Sadhana English.app/CDVLaunchScreen.storyboardc/Info.plist
copying file ./Payload/YPV Sadhana English.app/LaunchImage-700@2x.png ... 
2021-01-15 06:26:59 +0000  169970 bytes for ./Payload/YPV Sadhana English.app/LaunchImage-700@2x.png
copying file ./Payload/YPV Sadhana English.app/AppIcon83.5x83.5@2x~ipad.png ... 
2021-01-15 06:26:59 +0000  22058 bytes for ./Payload/YPV Sadhana English.app/AppIcon83.5x83.5@2x~ipad.png
2021-01-15 06:26:59 +0000  copying file ./Payload/YPV Sadhana English.app/LaunchImage-700-568h@2x.png ... 
2021-01-15 06:26:59 +0000  201254 bytes for ./Payload/YPV Sadhana English.app/LaunchImage-700-568h@2x.png
copying file ./Payload/YPV Sadhana English.app/LaunchImage-Landscape@2x~ipad.png ... 
2021-01-15 06:26:59 +0000  465497 bytes for ./Payload/YPV Sadhana English.app/LaunchImage-Landscape@2x~ipad.png
2021-01-15 06:26:59 +0000  copying file ./Payload/YPV Sadhana English.app/CDVNotification.bundle/beep.wav ... 
2021-01-15 06:26:59 +0000  8114 bytes for ./Payload/YPV Sadhana English.app/CDVNotification.bundle/beep.wav
copying file ./Payload/YPV Sadhana English.app/AppIcon50x50~ipad.png ... 
2021-01-15 06:26:59 +0000  3624 bytes for ./Payload/YPV Sadhana English.app/AppIcon50x50~ipad.png
copying file ./Payload/YPV Sadhana English.app/AppIcon29x29@2x~ipad.png ... 
2021-01-15 06:26:59 +0000  4688 bytes for ./Payload/YPV Sadhana English.app/AppIcon29x29@2x~ipad.png
copying file ./Payload/YPV Sadhana English.app/LaunchImage-700-Landscape@2x~ipad.png ... 
2021-01-15 06:26:59 +0000  465497 bytes for ./Payload/YPV Sadhana English.app/LaunchImage-700-Landscape@2x~ipad.png
copying file ./Payload/YPV Sadhana English.app/AppIcon50x50@2x~ipad.png ... 
2021-01-15 06:26:59 +0000  10360 bytes for ./Payload/YPV Sadhana English.app/AppIcon50x50@2x~ipad.png
2021-01-15 06:26:59 +0000  copying file ./Payload/YPV Sadhana English.app/AppIcon40x40~ipad.png ... 
2021-01-15 06:26:59 +0000  2672 bytes for ./Payload/YPV Sadhana English.app/AppIcon40x40~ipad.png
copying file ./Payload/YPV Sadhana English.app/AppIcon20x20~ipad.png ... 
2021-01-15 06:26:59 +0000  1037 bytes for ./Payload/YPV Sadhana English.app/AppIcon20x20~ipad.png
copying file ./Payload/YPV Sadhana English.app/LaunchImage.png ... 
2021-01-15 06:26:59 +0000  62752 bytes for ./Payload/YPV Sadhana English.app/LaunchImage.png
copying file ./Payload/YPV Sadhana English.app/embedded.mobileprovision ... 
2021-01-15 06:26:59 +0000  35252 bytes for ./Payload/YPV Sadhana English.app/embedded.mobileprovision
copying file ./Payload/YPV Sadhana English.app/LaunchImage-800-Landscape-736h@3x.png ... 
2021-01-15 06:26:59 +0000  432321 bytes for ./Payload/YPV Sadhana English.app/LaunchImage-800-Landscape-736h@3x.png
copying file ./Payload/YPV Sadhana English.app/LaunchImage-700-Portrait@2x~ipad.png ... 
2021-01-15 06:26:59 +0000  554766 bytes for ./Payload/YPV Sadhana English.app/LaunchImage-700-Portrait@2x~ipad.png
copying file ./Payload/YPV Sadhana English.app/LaunchImage-700-Landscape~ipad.png ... 
2021-01-15 06:26:59 +0000  154760 bytes for ./Payload/YPV Sadhana English.app/LaunchImage-700-Landscape~ipad.png
copying file ./Payload/YPV Sadhana English.app/AppIcon20x20@2x~ipad.png ... 
2021-01-15 06:26:59 +0000  2672 bytes for ./Payload/YPV Sadhana English.app/AppIcon20x20@2x~ipad.png
copying file ./Payload/YPV Sadhana English.app/Info.plist ... 
2021-01-15 06:26:59 +0000  2218 bytes for ./Payload/YPV Sadhana English.app/Info.plist
copying file ./Payload/YPV Sadhana English.app/PkgInfo ... 
2021-01-15 06:26:59 +0000  8 bytes for ./Payload/YPV Sadhana English.app/PkgInfo
copying file ./Payload/YPV Sadhana English.app/AppIcon76x76~ipad.png ... 
2021-01-15 06:26:59 +0000  7145 bytes for ./Payload/YPV Sadhana English.app/AppIcon76x76~ipad.png
2021-01-15 06:26:59 +0000  /usr/bin/ditto exited with 0
2021-01-15 06:26:59 +0000  Processing step: IDEDistributionAppStoreInformationStep
2021-01-15 06:26:59 +0000  Skipping step: IDEDistributionAppStoreInformationStep because it said so
2021-01-15 06:26:59 +0000  Processing step: IDEDistributionGenerateProcessedDistributionItems
2021-01-15 06:26:59 +0000  Processing step: IDEDistributionCreateManifestStep
