2021-01-15 06:23:56 +0000  Initial pipeline context: <IDEDistributionProcessingPipelineContext: 0x7fd8aa918f40; archive(resolved)='<IDEArchive: 0x7fd8a94f5d40>', distributionTask(resolved)='2', distributionDestination(resolved)='1', distributionMethod(resolved)='<IDEDistributionMethodDevelopmentSigned: 0x7fd8a9d0c290>', team(resolved)='<IDEProvisioningDisambiguatableBasicTeam: 0x7fd8a6399630; teamID='98TCDCHV95', teamName='Varun Bihani', teamType='Individual', username='iphone@galaxyweblinks.in', isFreeProvisioningTeam='0'>'>
	Chain (13, self inclusive):
	<IDEDistributionProcessingPipelineContext: 0x7fd8aa918f40; archive = '<IDEArchive: 0x7fd8a94f5d40>', distributionMethod='<IDEDistributionMethodDevelopmentSigned: 0x7fd8a9d0c290>', team='<IDEProvisioningDisambiguatableBasicTeam: 0x7fd8a6399630; teamID='98TCDCHV95', teamName='Varun Bihani', teamType='Individual', username='iphone@galaxyweblinks.in', isFreeProvisioningTeam='0'>'>
	<IDEDistributionProcessingPipelineContext: 0x7fd8aab18c30; archive = '<IDEArchive: 0x7fd8a94f5d40>', distributionMethod='<IDEDistributionMethodDevelopmentSigned: 0x7fd8a9d0c290>', team='<IDEProvisioningDisambiguatableBasicTeam: 0x7fd8a6399630; teamID='98TCDCHV95', teamName='Varun Bihani', teamType='Individual', username='iphone@galaxyweblinks.in', isFreeProvisioningTeam='0'>'>
	<IDEDistributionContext: 0x7fd8aab113e0; archive = '<IDEArchive: 0x7fd8a94f5d40>', distributionMethod='<IDEDistributionMethodDevelopmentSigned: 0x7fd8a9d0c290>', team='<IDEProvisioningDisambiguatableBasicTeam: 0x7fd8a6399630; teamID='98TCDCHV95', teamName='Varun Bihani', teamType='Individual', username='iphone@galaxyweblinks.in', isFreeProvisioningTeam='0'>'>
	<IDEDistributionContext: 0x7fd8aa905ef0; archive = '<IDEArchive: 0x7fd8a94f5d40>', distributionMethod='<IDEDistributionMethodDevelopmentSigned: 0x7fd8a9d0c290>', team='<IDEProvisioningDisambiguatableBasicTeam: 0x7fd8a6399630; teamID='98TCDCHV95', teamName='Varun Bihani', teamType='Individual', username='iphone@galaxyweblinks.in', isFreeProvisioningTeam='0'>'>
	<IDEDistributionContext: 0x7fd8a9f81f50; archive = '<IDEArchive: 0x7fd8a94f5d40>', distributionMethod='<IDEDistributionMethodDevelopmentSigned: 0x7fd8a9d0c290>', team='<IDEProvisioningDisambiguatableBasicTeam: 0x7fd8a6399630; teamID='98TCDCHV95', teamName='Varun Bihani', teamType='Individual', username='iphone@galaxyweblinks.in', isFreeProvisioningTeam='0'>'>
	<IDEDistributionContext: 0x7fd8a9f96670; archive = '<IDEArchive: 0x7fd8a94f5d40>', distributionMethod='<IDEDistributionMethodDevelopmentSigned: 0x7fd8a9d0c290>', team='<IDEProvisioningDisambiguatableBasicTeam: 0x7fd8a6399630; teamID='98TCDCHV95', teamName='Varun Bihani', teamType='Individual', username='iphone@galaxyweblinks.in', isFreeProvisioningTeam='0'>'>
	<IDEDistributionContext: 0x7fd8a97e1c30; archive = '<IDEArchive: 0x7fd8a94f5d40>', distributionMethod='<IDEDistributionMethodDevelopmentSigned: 0x7fd8a9d0c290>', team='<IDEProvisioningDisambiguatableBasicTeam: 0x7fd8a6399630; teamID='98TCDCHV95', teamName='Varun Bihani', teamType='Individual', username='iphone@galaxyweblinks.in', isFreeProvisioningTeam='0'>'>
	<IDEDistributionContext: 0x7fd8a9f810c0; archive = '<IDEArchive: 0x7fd8a94f5d40>', distributionMethod='<IDEDistributionMethodDevelopmentSigned: 0x7fd8a9d0c290>', team='<IDEProvisioningDisambiguatableBasicTeam: 0x7fd8a6399630; teamID='98TCDCHV95', teamName='Varun Bihani', teamType='Individual', username='iphone@galaxyweblinks.in', isFreeProvisioningTeam='0'>'>
	<IDEDistributionContext: 0x7fd8a9d794a0; archive = '<IDEArchive: 0x7fd8a94f5d40>', distributionMethod='<IDEDistributionMethodDevelopmentSigned: 0x7fd8a9d0c290>', team='<IDEProvisioningDisambiguatableBasicTeam: 0x7fd8a6399630; teamID='98TCDCHV95', teamName='Varun Bihani', teamType='Individual', username='iphone@galaxyweblinks.in', isFreeProvisioningTeam='0'>'>
	<IDEDistributionContext: 0x7fd8aaad81f0; archive = '<IDEArchive: 0x7fd8a94f5d40>', distributionMethod='<IDEDistributionMethodDevelopmentSigned: 0x7fd8a9d0c290>', team='(null)'>
	<IDEDistributionContext: 0x7fd8aaa8d5b0; archive = '<IDEArchive: 0x7fd8a94f5d40>', distributionMethod='<IDEDistributionMethodDevelopmentSigned: 0x7fd8a9d0c290>', team='(null)'>
	<IDEDistributionContext: 0x7fd8aac01430; archive = '<IDEArchive: 0x7fd8a94f5d40>', distributionMethod='<IDEDistributionMethodDevelopmentSigned: 0x7fd8a9d0c290>', team='(null)'>
	<IDEDistributionContext: 0x7fd8a9e1c750; archive = '<IDEArchive: 0x7fd8a94f5d40>', distributionMethod='(null)', team='(null)'>
</IDEDistributionProcessingPipelineContext: 0x7fd8aa918f40>
2021-01-15 06:23:56 +0000  Processing step: IDEDistributionCreateDestRootStep
2021-01-15 06:23:56 +0000  Processing step: IDEDistributionCopyItemStep
2021-01-15 06:23:56 +0000  Running /usr/bin/ditto '-V' '/Users/gwl/Library/Developer/Xcode/Archives/2021-01-13/MyApp 13-01-21, 6.35 PM.xcarchive/Products/Applications/Spiritual Buddy.app' '/var/folders/st/dg689sv55q1c9bvs64bvl_rh0000gn/T/XcodeDistPipeline.~~~PzKbjF/Root/Payload/Spiritual Buddy.app'
2021-01-15 06:23:56 +0000  >>> Copying /Users/gwl/Library/Developer/Xcode/Archives/2021-01-13/MyApp 13-01-21, 6.35 PM.xcarchive/Products/Applications/Spiritual Buddy.app 
2021-01-15 06:23:56 +0000  copying file ./_CodeSignature/CodeResources ... 
2021-01-15 06:23:56 +0000  78859 bytes for ./_CodeSignature/CodeResources
2021-01-15 06:23:56 +0000  copying file ./LaunchImage-1100-Portrait-2436h@3x.png ... 
2021-01-15 06:23:56 +0000  349605 bytes for ./LaunchImage-1100-Portrait-2436h@3x.png
2021-01-15 06:23:56 +0000  copying file ./LaunchImage@2x.png ... 
2021-01-15 06:23:56 +0000  84304 bytes for ./LaunchImage@2x.png
2021-01-15 06:23:56 +0000  copying file ./AppIcon20x20@2x.png ... 
2021-01-15 06:23:56 +0000  2842 bytes for ./AppIcon20x20@2x.png
2021-01-15 06:23:56 +0000  copying file ./MainViewController.nib/objects-13.0+.nib ... 
2021-01-15 06:23:56 +0000  980 bytes for ./MainViewController.nib/objects-13.0+.nib
copying file ./MainViewController.nib/runtime.nib ... 
2021-01-15 06:23:56 +0000  980 bytes for ./MainViewController.nib/runtime.nib
2021-01-15 06:23:56 +0000  copying file ./AppIcon57x57.png ... 
2021-01-15 06:23:56 +0000  4770 bytes for ./AppIcon57x57.png
2021-01-15 06:23:56 +0000  copying file ./AppIcon20x20@3x.png ... 
2021-01-15 06:23:56 +0000  5321 bytes for ./AppIcon20x20@3x.png
2021-01-15 06:23:56 +0000  copying file ./AppIcon29x29.png ... 
2021-01-15 06:23:56 +0000  1588 bytes for ./AppIcon29x29.png
2021-01-15 06:23:56 +0000  copying file ./LaunchImage-568h@2x.png ... 
2021-01-15 06:23:56 +0000  113799 bytes for ./LaunchImage-568h@2x.png
2021-01-15 06:23:56 +0000  copying file ./AppIcon60x60@2x.png ... 
2021-01-15 06:23:56 +0000  17076 bytes for ./AppIcon60x60@2x.png
2021-01-15 06:23:56 +0000  copying file ./AppIcon72x72@2x~ipad.png ... 
2021-01-15 06:23:56 +0000  23435 bytes for ./AppIcon72x72@2x~ipad.png
2021-01-15 06:23:56 +0000  copying file ./AppIcon29x29@2x.png ... 
2021-01-15 06:23:56 +0000  4987 bytes for ./AppIcon29x29@2x.png
2021-01-15 06:23:56 +0000  copying file ./LaunchImage-1100-Landscape-2436h@3x.png ... 
2021-01-15 06:23:56 +0000  139454 bytes for ./LaunchImage-1100-Landscape-2436h@3x.png
2021-01-15 06:23:56 +0000  copying file ./Spiritual Buddy ... 
2021-01-15 06:23:56 +0000  648976 bytes for ./Spiritual Buddy
2021-01-15 06:23:56 +0000  copying file ./LaunchImage-800-667h@2x.png ... 
2021-01-15 06:23:56 +0000  143012 bytes for ./LaunchImage-800-667h@2x.png
2021-01-15 06:23:56 +0000  copying file ./LaunchImage-Portrait@2x~ipad.png ... 
2021-01-15 06:23:56 +0000  248743 bytes for ./LaunchImage-Portrait@2x~ipad.png
2021-01-15 06:23:56 +0000  copying file ./AppIcon40x40@3x.png ... 
2021-01-15 06:23:56 +0000  17076 bytes for ./AppIcon40x40@3x.png
2021-01-15 06:23:56 +0000  copying file ./AppIcon57x57@2x.png ... 
2021-01-15 06:23:56 +0000  15769 bytes for ./AppIcon57x57@2x.png
2021-01-15 06:23:56 +0000  copying file ./AppIcon29x29~ipad.png ... 
2021-01-15 06:23:56 +0000  1588 bytes for ./AppIcon29x29~ipad.png
2021-01-15 06:23:56 +0000  copying file ./AppIcon40x40@2x.png ... 
2021-01-15 06:23:56 +0000  8958 bytes for ./AppIcon40x40@2x.png
2021-01-15 06:23:56 +0000  copying file ./LaunchImage-Portrait~ipad.png ... 
2021-01-15 06:23:56 +0000  108974 bytes for ./LaunchImage-Portrait~ipad.png
2021-01-15 06:23:56 +0000  copying file ./AppIcon29x29@3x.png ... 
2021-01-15 06:23:56 +0000  9978 bytes for ./AppIcon29x29@3x.png
2021-01-15 06:23:56 +0000  copying file ./AppIcon60x60@3x.png ... 
2021-01-15 06:23:56 +0000  34239 bytes for ./AppIcon60x60@3x.png
2021-01-15 06:23:56 +0000  copying file ./config.xml ... 
2021-01-15 06:23:56 +0000  7443 bytes for ./config.xml
2021-01-15 06:23:56 +0000  copying file ./www/index.html ... 
2021-01-15 06:23:56 +0000  1714 bytes for ./www/index.html
2021-01-15 06:23:56 +0000  copying file ./www/cordova.js ... 
2021-01-15 06:23:56 +0000  69846 bytes for ./www/cordova.js
2021-01-15 06:23:56 +0000  copying file ./www/css/custom.css ... 
2021-01-15 06:23:56 +0000  24439 bytes for ./www/css/custom.css
2021-01-15 06:23:56 +0000  copying file ./www/css/ionic.app.min.css ... 
2021-01-15 06:23:56 +0000  196038 bytes for ./www/css/ionic.app.min.css
2021-01-15 06:23:56 +0000  copying file ./www/css/style.css ... 
2021-01-15 06:23:56 +0000  43 bytes for ./www/css/style.css
2021-01-15 06:23:56 +0000  copying file ./www/css/ionic.app.css ... 
2021-01-15 06:23:56 +0000  249846 bytes for ./www/css/ionic.app.css
2021-01-15 06:23:56 +0000  copying file ./www/plugins/cordova-plugin-inappbrowser/www/inappbrowser.js ... 
2021-01-15 06:23:56 +0000  4685 bytes for ./www/plugins/cordova-plugin-inappbrowser/www/inappbrowser.js
2021-01-15 06:23:56 +0000  copying file ./www/plugins/cordova-plugin-device/www/device.js ... 
2021-01-15 06:23:56 +0000  3070 bytes for ./www/plugins/cordova-plugin-device/www/device.js
2021-01-15 06:23:56 +0000  copying file ./www/plugins/cordova-plugin-statusbar/www/statusbar.js ... 
2021-01-15 06:23:56 +0000  3489 bytes for ./www/plugins/cordova-plugin-statusbar/www/statusbar.js
2021-01-15 06:23:56 +0000  copying file ./www/plugins/cordova-plugin-splashscreen/www/splashscreen.js ... 
2021-01-15 06:23:56 +0000  1173 bytes for ./www/plugins/cordova-plugin-splashscreen/www/splashscreen.js
2021-01-15 06:23:56 +0000  copying file ./www/plugins/cordova-plugin-ionic-keyboard/www/ios/keyboard.js ... 
2021-01-15 06:23:56 +0000  3287 bytes for ./www/plugins/cordova-plugin-ionic-keyboard/www/ios/keyboard.js
2021-01-15 06:23:56 +0000  copying file ./www/js/controllers.js ... 
2021-01-15 06:23:56 +0000  40010 bytes for ./www/js/controllers.js
2021-01-15 06:23:56 +0000  copying file ./www/js/services.js ... 
2021-01-15 06:23:56 +0000  135 bytes for ./www/js/services.js
2021-01-15 06:23:56 +0000  copying file ./www/js/config-urls.js ... 
2021-01-15 06:23:56 +0000  678 bytes for ./www/js/config-urls.js
2021-01-15 06:23:56 +0000  copying file ./www/js/routes.js ... 
2021-01-15 06:23:56 +0000  675 bytes for ./www/js/routes.js
2021-01-15 06:23:56 +0000  copying file ./www/js/directives.js ... 
2021-01-15 06:23:56 +0000  5285 bytes for ./www/js/directives.js
2021-01-15 06:23:56 +0000  copying file ./www/js/app.js ... 
2021-01-15 06:23:56 +0000  5200 bytes for ./www/js/app.js
2021-01-15 06:23:56 +0000  copying file ./www/img/icon-buddy.png ... 
2021-01-15 06:23:56 +0000  3089 bytes for ./www/img/icon-buddy.png
2021-01-15 06:23:56 +0000  copying file ./www/img/default-female.png ... 
2021-01-15 06:23:56 +0000  4464 bytes for ./www/img/default-female.png
2021-01-15 06:23:56 +0000  copying file ./www/img/icon-hamburger.png ... 
2021-01-15 06:23:56 +0000  1213 bytes for ./www/img/icon-hamburger.png
2021-01-15 06:23:56 +0000  copying file ./www/img/default-male.png ... 
2021-01-15 06:23:56 +0000  4341 bytes for ./www/img/default-male.png
2021-01-15 06:23:56 +0000  copying file ./www/img/arrow-right2.png ... 
2021-01-15 06:23:56 +0000  1359 bytes for ./www/img/arrow-right2.png
2021-01-15 06:23:56 +0000  copying file ./www/img/icon-search.png ... 
2021-01-15 06:23:56 +0000  1546 bytes for ./www/img/icon-search.png
2021-01-15 06:23:56 +0000  copying file ./www/img/icon-feedback.png ... 
2021-01-15 06:23:56 +0000  2917 bytes for ./www/img/icon-feedback.png
2021-01-15 06:23:56 +0000  copying file ./www/img/icon-no-comment.png ... 
2021-01-15 06:23:56 +0000  1475 bytes for ./www/img/icon-no-comment.png
2021-01-15 06:23:56 +0000  copying file ./www/img/icon-plus.png ... 
2021-01-15 06:23:56 +0000  1179 bytes for ./www/img/icon-plus.png
2021-01-15 06:23:56 +0000  copying file ./www/img/perry.png ... 
2021-01-15 06:23:56 +0000  571942 bytes for ./www/img/perry.png
2021-01-15 06:23:56 +0000  copying file ./www/img/icon-buddy-gray.png ... 
2021-01-15 06:23:56 +0000  2652 bytes for ./www/img/icon-buddy-gray.png
2021-01-15 06:23:56 +0000  copying file ./www/img/change-password.png ... 
2021-01-15 06:23:56 +0000  4007 bytes for ./www/img/change-password.png
2021-01-15 06:23:56 +0000  copying file ./www/img/max.png ... 
2021-01-15 06:23:56 +0000  18611 bytes for ./www/img/max.png
2021-01-15 06:23:56 +0000  copying file ./www/img/menu-icon4.png ... 
2021-01-15 06:23:56 +0000  1214 bytes for ./www/img/menu-icon4.png
2021-01-15 06:23:56 +0000  copying file ./www/img/ionic.png ... 
2021-01-15 06:23:56 +0000  4757 bytes for ./www/img/ionic.png
2021-01-15 06:23:56 +0000  copying file ./www/img/menu-icon5.png ... 
2021-01-15 06:23:56 +0000  856 bytes for ./www/img/menu-icon5.png
2021-01-15 06:23:56 +0000  copying file ./www/img/menu.png ... 
2021-01-15 06:23:56 +0000  1238 bytes for ./www/img/menu.png
2021-01-15 06:23:56 +0000  copying file ./www/img/bg-login.jpg ... 
2021-01-15 06:23:56 +0000  24675 bytes for ./www/img/bg-login.jpg
2021-01-15 06:23:56 +0000  copying file ./www/img/arrow-left1.png ... 
2021-01-15 06:23:56 +0000  1356 bytes for ./www/img/arrow-left1.png
2021-01-15 06:23:56 +0000  copying file ./www/img/arrow-add.png ... 
2021-01-15 06:23:56 +0000  5008 bytes for ./www/img/arrow-add.png
2021-01-15 06:23:56 +0000  copying file ./www/img/menu-icon6.png ... 
2021-01-15 06:23:56 +0000  922 bytes for ./www/img/menu-icon6.png
2021-01-15 06:23:56 +0000  copying file ./www/img/logo.png ... 
2021-01-15 06:23:56 +0000  29469 bytes for ./www/img/logo.png
2021-01-15 06:23:56 +0000  copying file ./www/img/ben.png ... 
2021-01-15 06:23:56 +0000  266479 bytes for ./www/img/ben.png
2021-01-15 06:23:56 +0000  copying file ./www/img/map-pin.png ... 
2021-01-15 06:23:56 +0000  1458 bytes for ./www/img/map-pin.png
2021-01-15 06:23:56 +0000  copying file ./www/img/give-feedback-old.png ... 
2021-01-15 06:23:56 +0000  2917 bytes for ./www/img/give-feedback-old.png
2021-01-15 06:23:56 +0000  copying file ./www/img/arrow-sorting.png ... 
2021-01-15 06:23:56 +0000  1577 bytes for ./www/img/arrow-sorting.png
2021-01-15 06:23:56 +0000  copying file ./www/img/arrow-back.png ... 
2021-01-15 06:23:56 +0000  1604 bytes for ./www/img/arrow-back.png
2021-01-15 06:23:56 +0000  copying file ./www/img/adam.jpg ... 
2021-01-15 06:23:56 +0000  42497 bytes for ./www/img/adam.jpg
2021-01-15 06:23:56 +0000  copying file ./www/img/give-feedback.png ... 
2021-01-15 06:23:56 +0000  3552 bytes for ./www/img/give-feedback.png
2021-01-15 06:23:56 +0000  copying file ./www/img/mike.png ... 
2021-01-15 06:23:56 +0000  238136 bytes for ./www/img/mike.png
2021-01-15 06:23:56 +0000  copying file ./www/img/icon-filter.png ... 
2021-01-15 06:23:56 +0000  1220 bytes for ./www/img/icon-filter.png
2021-01-15 06:23:56 +0000  copying file ./www/cordova-js-src/exec.js ... 
2021-01-15 06:23:56 +0000  8856 bytes for ./www/cordova-js-src/exec.js
2021-01-15 06:23:56 +0000  copying file ./www/cordova-js-src/plugin/ios/logger.js ... 
2021-01-15 06:23:56 +0000  10181 bytes for ./www/cordova-js-src/plugin/ios/logger.js
2021-01-15 06:23:56 +0000  copying file ./www/cordova-js-src/plugin/ios/console.js ... 
2021-01-15 06:23:56 +0000  6873 bytes for ./www/cordova-js-src/plugin/ios/console.js
2021-01-15 06:23:56 +0000  copying file ./www/cordova-js-src/plugin/android/app.js ... 
2021-01-15 06:23:56 +0000  4113 bytes for ./www/cordova-js-src/plugin/android/app.js
2021-01-15 06:23:56 +0000  copying file ./www/cordova-js-src/android/nativeapiprovider.js ... 
2021-01-15 06:23:56 +0000  1358 bytes for ./www/cordova-js-src/android/nativeapiprovider.js
2021-01-15 06:23:56 +0000  copying file ./www/cordova-js-src/android/promptbasednativeapi.js ... 
2021-01-15 06:23:56 +0000  1476 bytes for ./www/cordova-js-src/android/promptbasednativeapi.js
2021-01-15 06:23:56 +0000  copying file ./www/cordova-js-src/platform.js ... 
2021-01-15 06:23:56 +0000  1168 bytes for ./www/cordova-js-src/platform.js
2021-01-15 06:23:56 +0000  copying file ./www/lib/ionic/version.json ... 
2021-01-15 06:23:56 +0000  95 bytes for ./www/lib/ionic/version.json
2021-01-15 06:23:56 +0000  copying file ./www/lib/ionic/css/ionic.css ... 
2021-01-15 06:23:56 +0000  258736 bytes for ./www/lib/ionic/css/ionic.css
2021-01-15 06:23:56 +0000  copying file ./www/lib/ionic/css/ionic.min.css ... 
2021-01-15 06:23:56 +0000  196889 bytes for ./www/lib/ionic/css/ionic.min.css
2021-01-15 06:23:56 +0000  copying file ./www/lib/ionic/js/ionic-angular.min.js ... 
2021-01-15 06:23:56 +0000  123143 bytes for ./www/lib/ionic/js/ionic-angular.min.js
2021-01-15 06:23:56 +0000  copying file ./www/lib/ionic/js/ionic.js ... 
2021-01-15 06:23:56 +0000  481972 bytes for ./www/lib/ionic/js/ionic.js
2021-01-15 06:23:56 +0000  copying file ./www/lib/ionic/js/angular/angular.min.js ... 
2021-01-15 06:23:56 +0000  156188 bytes for ./www/lib/ionic/js/angular/angular.min.js
2021-01-15 06:23:56 +0000  copying file ./www/lib/ionic/js/angular/angular-sanitize.js ... 
2021-01-15 06:23:56 +0000  26372 bytes for ./www/lib/ionic/js/angular/angular-sanitize.js
2021-01-15 06:23:56 +0000  copying file ./www/lib/ionic/js/angular/angular.js ... 
2021-01-15 06:23:56 +0000  1172472 bytes for ./www/lib/ionic/js/angular/angular.js
2021-01-15 06:23:56 +0000  copying file ./www/lib/ionic/js/angular/angular-sanitize.min.js ... 
2021-01-15 06:23:56 +0000  5843 bytes for ./www/lib/ionic/js/angular/angular-sanitize.min.js
2021-01-15 06:23:56 +0000  copying file ./www/lib/ionic/js/angular/angular-animate.js ... 
2021-01-15 06:23:56 +0000  153536 bytes for ./www/lib/ionic/js/angular/angular-animate.js
2021-01-15 06:23:56 +0000  copying file ./www/lib/ionic/js/angular/angular-resource.js ... 
2021-01-15 06:23:56 +0000  32164 bytes for ./www/lib/ionic/js/angular/angular-resource.js
2021-01-15 06:23:56 +0000  copying file ./www/lib/ionic/js/angular/angular-resource.min.js ... 
2021-01-15 06:23:56 +0000  4501 bytes for ./www/lib/ionic/js/angular/angular-resource.min.js
2021-01-15 06:23:56 +0000  copying file ./www/lib/ionic/js/angular/angular-animate.min.js ... 
2021-01-15 06:23:56 +0000  25423 bytes for ./www/lib/ionic/js/angular/angular-animate.min.js
2021-01-15 06:23:56 +0000  copying file ./www/lib/ionic/js/angular-ui/angular-ui-router.js ... 
2021-01-15 06:23:56 +0000  160971 bytes for ./www/lib/ionic/js/angular-ui/angular-ui-router.js
2021-01-15 06:23:56 +0000  copying file ./www/lib/ionic/js/angular-ui/angular-ui-router.min.js ... 
2021-01-15 06:23:56 +0000  28690 bytes for ./www/lib/ionic/js/angular-ui/angular-ui-router.min.js
2021-01-15 06:23:56 +0000  copying file ./www/lib/ionic/js/ionic.bundle.js ... 
2021-01-15 06:23:56 +0000  2337386 bytes for ./www/lib/ionic/js/ionic.bundle.js
2021-01-15 06:23:56 +0000  copying file ./www/lib/ionic/js/ionic-angular.js ... 
460746 bytes for ./www/lib/ionic/js/ionic-angular.js
copying file ./www/lib/ionic/js/ionic.bundle.min.js ... 
2021-01-15 06:23:56 +0000  494339 bytes for ./www/lib/ionic/js/ionic.bundle.min.js
2021-01-15 06:23:56 +0000  copying file ./www/lib/ionic/js/ionic.min.js ... 
2021-01-15 06:23:56 +0000  166275 bytes for ./www/lib/ionic/js/ionic.min.js
2021-01-15 06:23:56 +0000  copying file ./www/lib/ionic/scss/_select.scss ... 
2021-01-15 06:23:56 +0000  2722 bytes for ./www/lib/ionic/scss/_select.scss
2021-01-15 06:23:56 +0000  copying file ./www/lib/ionic/scss/_button-bar.scss ... 
2021-01-15 06:23:56 +0000  1073 bytes for ./www/lib/ionic/scss/_button-bar.scss
2021-01-15 06:23:56 +0000  copying file ./www/lib/ionic/scss/_variables.scss ... 
2021-01-15 06:23:56 +0000  32568 bytes for ./www/lib/ionic/scss/_variables.scss
2021-01-15 06:23:56 +0000  copying file ./www/lib/ionic/scss/_progress.scss ... 
2021-01-15 06:23:56 +0000  172 bytes for ./www/lib/ionic/scss/_progress.scss
2021-01-15 06:23:56 +0000  copying file ./www/lib/ionic/scss/_toggle.scss ... 
2021-01-15 06:23:56 +0000  5298 bytes for ./www/lib/ionic/scss/_toggle.scss
2021-01-15 06:23:56 +0000  copying file ./www/lib/ionic/scss/_bar.scss ... 
2021-01-15 06:23:56 +0000  10147 bytes for ./www/lib/ionic/scss/_bar.scss
2021-01-15 06:23:56 +0000  copying file ./www/lib/ionic/scss/_checkbox.scss ... 
2021-01-15 06:23:56 +0000  4901 bytes for ./www/lib/ionic/scss/_checkbox.scss
2021-01-15 06:23:56 +0000  copying file ./www/lib/ionic/scss/_reset.scss ... 
2021-01-15 06:23:56 +0000  7284 bytes for ./www/lib/ionic/scss/_reset.scss
2021-01-15 06:23:56 +0000  copying file ./www/lib/ionic/scss/_popover.scss ... 
2021-01-15 06:23:56 +0000  3210 bytes for ./www/lib/ionic/scss/_popover.scss
2021-01-15 06:23:56 +0000  copying file ./www/lib/ionic/scss/_badge.scss ... 
2021-01-15 06:23:56 +0000  1569 bytes for ./www/lib/ionic/scss/_badge.scss
2021-01-15 06:23:56 +0000  copying file ./www/lib/ionic/scss/_slide-box.scss ... 
2021-01-15 06:23:56 +0000  1175 bytes for ./www/lib/ionic/scss/_slide-box.scss
2021-01-15 06:23:56 +0000  copying file ./www/lib/ionic/scss/_animations.scss ... 
2021-01-15 06:23:56 +0000  1201 bytes for ./www/lib/ionic/scss/_animations.scss
2021-01-15 06:23:56 +0000  copying file ./www/lib/ionic/scss/ionicons/_ionicons-icons.scss ... 
2021-01-15 06:23:56 +0000  92973 bytes for ./www/lib/ionic/scss/ionicons/_ionicons-icons.scss
2021-01-15 06:23:56 +0000  copying file ./www/lib/ionic/scss/ionicons/_ionicons-font.scss ... 
2021-01-15 06:23:56 +0000  995 bytes for ./www/lib/ionic/scss/ionicons/_ionicons-font.scss
2021-01-15 06:23:56 +0000  copying file ./www/lib/ionic/scss/ionicons/_ionicons-variables.scss ... 
2021-01-15 06:23:56 +0000  28247 bytes for ./www/lib/ionic/scss/ionicons/_ionicons-variables.scss
2021-01-15 06:23:56 +0000  copying file ./www/lib/ionic/scss/ionicons/ionicons.scss ... 
2021-01-15 06:23:56 +0000  579 bytes for ./www/lib/ionic/scss/ionicons/ionicons.scss
2021-01-15 06:23:56 +0000  copying file ./www/lib/ionic/scss/ionic.scss ... 
2021-01-15 06:23:56 +0000  661 bytes for ./www/lib/ionic/scss/ionic.scss
2021-01-15 06:23:56 +0000  copying file ./www/lib/ionic/scss/_action-sheet.scss ... 
2021-01-15 06:23:56 +0000  2985 bytes for ./www/lib/ionic/scss/_action-sheet.scss
2021-01-15 06:23:56 +0000  copying file ./www/lib/ionic/scss/_radio.scss ... 
2021-01-15 06:23:56 +0000  946 bytes for ./www/lib/ionic/scss/_radio.scss
2021-01-15 06:23:56 +0000  copying file ./www/lib/ionic/scss/_button.scss ... 
2021-01-15 06:23:56 +0000  6682 bytes for ./www/lib/ionic/scss/_button.scss
2021-01-15 06:23:56 +0000  copying file ./www/lib/ionic/scss/_popup.scss ... 
2021-01-15 06:23:56 +0000  2124 bytes for ./www/lib/ionic/scss/_popup.scss
2021-01-15 06:23:56 +0000  copying file ./www/lib/ionic/scss/_scaffolding.scss ... 
2021-01-15 06:23:56 +0000  5927 bytes for ./www/lib/ionic/scss/_scaffolding.scss
2021-01-15 06:23:56 +0000  copying file ./www/lib/ionic/scss/_slides.scss ... 
2021-01-15 06:23:56 +0000  19022 bytes for ./www/lib/ionic/scss/_slides.scss
2021-01-15 06:23:56 +0000  copying file ./www/lib/ionic/scss/_tabs.scss ... 
2021-01-15 06:23:56 +0000  14405 bytes for ./www/lib/ionic/scss/_tabs.scss
2021-01-15 06:23:56 +0000  copying file ./www/lib/ionic/scss/_list.scss ... 
2021-01-15 06:23:56 +0000  2508 bytes for ./www/lib/ionic/scss/_list.scss
2021-01-15 06:23:56 +0000  copying file ./www/lib/ionic/scss/_items.scss ... 
2021-01-15 06:23:56 +0000  20089 bytes for ./www/lib/ionic/scss/_items.scss
2021-01-15 06:23:56 +0000  copying file ./www/lib/ionic/scss/_range.scss ... 
2021-01-15 06:23:56 +0000  3878 bytes for ./www/lib/ionic/scss/_range.scss
2021-01-15 06:23:56 +0000  copying file ./www/lib/ionic/scss/_menu.scss ... 
2021-01-15 06:23:56 +0000  1234 bytes for ./www/lib/ionic/scss/_menu.scss
2021-01-15 06:23:56 +0000  copying file ./www/lib/ionic/scss/_refresher.scss ... 
2021-01-15 06:23:56 +0000  2779 bytes for ./www/lib/ionic/scss/_refresher.scss
2021-01-15 06:23:56 +0000  copying file ./www/lib/ionic/scss/_grid.scss ... 
2021-01-15 06:23:56 +0000  3181 bytes for ./www/lib/ionic/scss/_grid.scss
2021-01-15 06:23:56 +0000  copying file ./www/lib/ionic/scss/_loading.scss ... 
2021-01-15 06:23:56 +0000  903 bytes for ./www/lib/ionic/scss/_loading.scss
2021-01-15 06:23:56 +0000  copying file ./www/lib/ionic/scss/_mixins.scss ... 
2021-01-15 06:23:56 +0000  16334 bytes for ./www/lib/ionic/scss/_mixins.scss
2021-01-15 06:23:56 +0000  copying file ./www/lib/ionic/scss/_backdrop.scss ... 
2021-01-15 06:23:56 +0000  378 bytes for ./www/lib/ionic/scss/_backdrop.scss
2021-01-15 06:23:56 +0000  copying file ./www/lib/ionic/scss/_transitions.scss ... 
2021-01-15 06:23:56 +0000  4066 bytes for ./www/lib/ionic/scss/_transitions.scss
2021-01-15 06:23:56 +0000  copying file ./www/lib/ionic/scss/_platform.scss ... 
2021-01-15 06:23:56 +0000  2006 bytes for ./www/lib/ionic/scss/_platform.scss
2021-01-15 06:23:56 +0000  copying file ./www/lib/ionic/scss/_spinner.scss ... 
2021-01-15 06:23:56 +0000  2078 bytes for ./www/lib/ionic/scss/_spinner.scss
2021-01-15 06:23:56 +0000  copying file ./www/lib/ionic/scss/_form.scss ... 
2021-01-15 06:23:56 +0000  6560 bytes for ./www/lib/ionic/scss/_form.scss
2021-01-15 06:23:56 +0000  copying file ./www/lib/ionic/scss/_modal.scss ... 
2021-01-15 06:23:56 +0000  2231 bytes for ./www/lib/ionic/scss/_modal.scss
2021-01-15 06:23:56 +0000  copying file ./www/lib/ionic/scss/_type.scss ... 
2021-01-15 06:23:56 +0000  3035 bytes for ./www/lib/ionic/scss/_type.scss
2021-01-15 06:23:56 +0000  copying file ./www/lib/ionic/scss/_util.scss ... 
2021-01-15 06:23:56 +0000  5332 bytes for ./www/lib/ionic/scss/_util.scss
2021-01-15 06:23:56 +0000  copying file ./www/lib/ionic/fonts/ionicons.eot ... 
2021-01-15 06:23:56 +0000  120724 bytes for ./www/lib/ionic/fonts/ionicons.eot
2021-01-15 06:23:56 +0000  copying file ./www/lib/ionic/fonts/ionicons.woff ... 
2021-01-15 06:23:56 +0000  67904 bytes for ./www/lib/ionic/fonts/ionicons.woff
2021-01-15 06:23:56 +0000  copying file ./www/lib/ionic/fonts/ionicons.ttf ... 
2021-01-15 06:23:56 +0000  188508 bytes for ./www/lib/ionic/fonts/ionicons.ttf
2021-01-15 06:23:56 +0000  copying file ./www/lib/ionic/fonts/ionicons.svg ... 
2021-01-15 06:23:56 +0000  336064 bytes for ./www/lib/ionic/fonts/ionicons.svg
2021-01-15 06:23:56 +0000  copying file ./www/lib/ngCordova/dist/ng-cordova-mocks.js ... 
2021-01-15 06:23:56 +0000  105010 bytes for ./www/lib/ngCordova/dist/ng-cordova-mocks.js
2021-01-15 06:23:56 +0000  copying file ./www/lib/ngCordova/dist/ng-cordova-mocks.min.js ... 
2021-01-15 06:23:56 +0000  32081 bytes for ./www/lib/ngCordova/dist/ng-cordova-mocks.min.js
2021-01-15 06:23:56 +0000  copying file ./www/lib/ngCordova/dist/ng-cordova.js ... 
2021-01-15 06:23:56 +0000  211088 bytes for ./www/lib/ngCordova/dist/ng-cordova.js
2021-01-15 06:23:56 +0000  copying file ./www/lib/ngCordova/dist/ng-cordova.min.js ... 
2021-01-15 06:23:56 +0000  93267 bytes for ./www/lib/ngCordova/dist/ng-cordova.min.js
2021-01-15 06:23:56 +0000  copying file ./www/lib/ionicuirouter/ionicUIRouter.js ... 
2021-01-15 06:23:56 +0000  2154 bytes for ./www/lib/ionicuirouter/ionicUIRouter.js
2021-01-15 06:23:56 +0000  copying file ./www/templates/forgot-password.html ... 
2021-01-15 06:23:56 +0000  1784 bytes for ./www/templates/forgot-password.html
2021-01-15 06:23:56 +0000  copying file ./www/templates/unused/feedback-weekly-hard-code.html ... 
2021-01-15 06:23:56 +0000  11472 bytes for ./www/templates/unused/feedback-weekly-hard-code.html
2021-01-15 06:23:56 +0000  copying file ./www/templates/unused/feedback-weekly-with-drop-down.html ... 
2021-01-15 06:23:56 +0000  20847 bytes for ./www/templates/unused/feedback-weekly-with-drop-down.html
2021-01-15 06:23:56 +0000  copying file ./www/templates/unused/view-feedback-weekly-original.html ... 
2021-01-15 06:23:56 +0000  1340 bytes for ./www/templates/unused/view-feedback-weekly-original.html
2021-01-15 06:23:56 +0000  copying file ./www/templates/unused/feedback-weekly-dynamic-un-developed.html ... 
2021-01-15 06:23:56 +0000  2602 bytes for ./www/templates/unused/feedback-weekly-dynamic-un-developed.html
2021-01-15 06:23:56 +0000  copying file ./www/templates/unused/feedback-weekly-shah.html ... 
2021-01-15 06:23:56 +0000  9964 bytes for ./www/templates/unused/feedback-weekly-shah.html
2021-01-15 06:23:56 +0000  copying file ./www/templates/unused/login-old.html ... 
2021-01-15 06:23:56 +0000  2741 bytes for ./www/templates/unused/login-old.html
2021-01-15 06:23:56 +0000  copying file ./www/templates/unused/feedback-monthly-hard-code.html ... 
2021-01-15 06:23:56 +0000  2672 bytes for ./www/templates/unused/feedback-monthly-hard-code.html
2021-01-15 06:23:56 +0000  copying file ./www/templates/unused/feedback-weekly-org-7-7-17.html ... 
2021-01-15 06:23:56 +0000  20983 bytes for ./www/templates/unused/feedback-weekly-org-7-7-17.html
2021-01-15 06:23:56 +0000  copying file ./www/templates/unused/view-feedback-monthly-original.html ... 
2021-01-15 06:23:56 +0000  1072 bytes for ./www/templates/unused/view-feedback-monthly-original.html
2021-01-15 06:23:56 +0000  copying file ./www/templates/unused/signup-background.html ... 
2021-01-15 06:23:56 +0000  6554 bytes for ./www/templates/unused/signup-background.html
2021-01-15 06:23:56 +0000  copying file ./www/templates/menu.html ... 
2021-01-15 06:23:56 +0000  1702 bytes for ./www/templates/menu.html
2021-01-15 06:23:56 +0000  copying file ./www/templates/login.html ... 
2021-01-15 06:23:56 +0000  3043 bytes for ./www/templates/login.html
2021-01-15 06:23:56 +0000  copying file ./www/templates/my-buddies.html ... 
2021-01-15 06:23:56 +0000  5067 bytes for ./www/templates/my-buddies.html
2021-01-15 06:23:56 +0000  copying file ./www/templates/dashboard.html ... 
2021-01-15 06:23:56 +0000  1065 bytes for ./www/templates/dashboard.html
2021-01-15 06:23:56 +0000  copying file ./www/templates/change-password.html ... 
2021-01-15 06:23:56 +0000  2482 bytes for ./www/templates/change-password.html
2021-01-15 06:23:56 +0000  copying file ./www/templates/feedback-buddies.html ... 
2021-01-15 06:23:56 +0000  4486 bytes for ./www/templates/feedback-buddies.html
2021-01-15 06:23:56 +0000  copying file ./www/templates/view-feedback-weekly.html ... 
2021-01-15 06:23:56 +0000  30393 bytes for ./www/templates/view-feedback-weekly.html
2021-01-15 06:23:56 +0000  copying file ./www/templates/add-buddies.html ... 
2021-01-15 06:23:56 +0000  2247 bytes for ./www/templates/add-buddies.html
2021-01-15 06:23:56 +0000  copying file ./www/templates/view-feedback-monthly.html ... 
2021-01-15 06:23:56 +0000  11229 bytes for ./www/templates/view-feedback-monthly.html
2021-01-15 06:23:56 +0000  copying file ./www/templates/loading.html ... 
2021-01-15 06:23:56 +0000  164 bytes for ./www/templates/loading.html
2021-01-15 06:23:56 +0000  copying file ./www/templates/feedback-monthly.html ... 
2021-01-15 06:23:56 +0000  10306 bytes for ./www/templates/feedback-monthly.html
2021-01-15 06:23:56 +0000  copying file ./www/templates/feedback-weekly.html ... 
2021-01-15 06:23:56 +0000  27689 bytes for ./www/templates/feedback-weekly.html
2021-01-15 06:23:56 +0000  copying file ./www/templates/signup.html ... 
2021-01-15 06:23:56 +0000  6116 bytes for ./www/templates/signup.html
2021-01-15 06:23:56 +0000  copying file ./www/cordova_plugins.js ... 
2021-01-15 06:23:56 +0000  1582 bytes for ./www/cordova_plugins.js
2021-01-15 06:23:56 +0000  copying file ./www/fonts/roboto-regular/roboto-regular-webfont.woff2 ... 
2021-01-15 06:23:56 +0000  19160 bytes for ./www/fonts/roboto-regular/roboto-regular-webfont.woff2
2021-01-15 06:23:56 +0000  copying file ./www/fonts/roboto-regular/generator_config.txt ... 
2021-01-15 06:23:56 +0000  612 bytes for ./www/fonts/roboto-regular/generator_config.txt
2021-01-15 06:23:56 +0000  copying file ./www/fonts/roboto-regular/roboto-regular-webfont.woff ... 
2021-01-15 06:23:56 +0000  25160 bytes for ./www/fonts/roboto-regular/roboto-regular-webfont.woff
2021-01-15 06:23:56 +0000  copying file ./www/fonts/roboto-regular/roboto-regular-demo.html ... 
2021-01-15 06:23:56 +0000  38420 bytes for ./www/fonts/roboto-regular/roboto-regular-demo.html
2021-01-15 06:23:56 +0000  copying file ./www/fonts/roboto-regular/stylesheet.css ... 
2021-01-15 06:23:56 +0000  315 bytes for ./www/fonts/roboto-regular/stylesheet.css
2021-01-15 06:23:56 +0000  copying file ./www/fonts/roboto-regular/specimen_files/specimen_stylesheet.css ... 
2021-01-15 06:23:56 +0000  7706 bytes for ./www/fonts/roboto-regular/specimen_files/specimen_stylesheet.css
2021-01-15 06:23:56 +0000  copying file ./www/fonts/roboto-regular/specimen_files/grid_12-825-55-15.css ... 
2021-01-15 06:23:56 +0000  4725 bytes for ./www/fonts/roboto-regular/specimen_files/grid_12-825-55-15.css
2021-01-15 06:23:56 +0000  copying file ./www/fonts/roboto-thin/roboto-thin_1-webfont.eot ... 
2021-01-15 06:23:56 +0000  47846 bytes for ./www/fonts/roboto-thin/roboto-thin_1-webfont.eot
2021-01-15 06:23:56 +0000  copying file ./www/fonts/roboto-thin/roboto-thin_1-webfont.woff ... 
2021-01-15 06:23:56 +0000  24996 bytes for ./www/fonts/roboto-thin/roboto-thin_1-webfont.woff
2021-01-15 06:23:56 +0000  copying file ./www/fonts/roboto-thin/roboto-thin_1-webfont.ttf ... 
2021-01-15 06:23:56 +0000  47580 bytes for ./www/fonts/roboto-thin/roboto-thin_1-webfont.ttf
2021-01-15 06:23:56 +0000  copying file ./www/fonts/roboto-thin/roboto-thin_1-webfont.woff2 ... 
2021-01-15 06:23:56 +0000  19020 bytes for ./www/fonts/roboto-thin/roboto-thin_1-webfont.woff2
2021-01-15 06:23:56 +0000  copying file ./www/fonts/roboto-thin/roboto-thin_1-webfont.svg ... 
2021-01-15 06:23:56 +0000  74674 bytes for ./www/fonts/roboto-thin/roboto-thin_1-webfont.svg
2021-01-15 06:23:56 +0000  copying file ./www/fonts/roboto-bold/generator_config.txt ... 
2021-01-15 06:23:56 +0000  612 bytes for ./www/fonts/roboto-bold/generator_config.txt
2021-01-15 06:23:56 +0000  copying file ./www/fonts/roboto-bold/roboto-bold-webfont.woff2 ... 
2021-01-15 06:23:56 +0000  18896 bytes for ./www/fonts/roboto-bold/roboto-bold-webfont.woff2
2021-01-15 06:23:56 +0000  copying file ./www/fonts/roboto-bold/roboto-bold-webfont.woff ... 
2021-01-15 06:23:56 +0000  24956 bytes for ./www/fonts/roboto-bold/roboto-bold-webfont.woff
2021-01-15 06:23:56 +0000  copying file ./www/fonts/roboto-bold/stylesheet.css ... 
2021-01-15 06:23:56 +0000  306 bytes for ./www/fonts/roboto-bold/stylesheet.css
2021-01-15 06:23:56 +0000  copying file ./www/fonts/roboto-bold/roboto-bold-demo.html ... 
2021-01-15 06:23:56 +0000  38402 bytes for ./www/fonts/roboto-bold/roboto-bold-demo.html
2021-01-15 06:23:56 +0000  copying file ./www/fonts/roboto-bold/specimen_files/specimen_stylesheet.css ... 
2021-01-15 06:23:56 +0000  7706 bytes for ./www/fonts/roboto-bold/specimen_files/specimen_stylesheet.css
2021-01-15 06:23:56 +0000  copying file ./www/fonts/roboto-bold/specimen_files/grid_12-825-55-15.css ... 
2021-01-15 06:23:56 +0000  4725 bytes for ./www/fonts/roboto-bold/specimen_files/grid_12-825-55-15.css
2021-01-15 06:23:56 +0000  copying file ./www/fonts/roboto-medium/roboto-medium-demo.html ... 
2021-01-15 06:23:56 +0000  38454 bytes for ./www/fonts/roboto-medium/roboto-medium-demo.html
2021-01-15 06:23:56 +0000  copying file ./www/fonts/roboto-medium/generator_config.txt ... 
2021-01-15 06:23:56 +0000  612 bytes for ./www/fonts/roboto-medium/generator_config.txt
2021-01-15 06:23:56 +0000  copying file ./www/fonts/roboto-medium/roboto-medium-webfont.woff2 ... 
2021-01-15 06:23:56 +0000  19212 bytes for ./www/fonts/roboto-medium/roboto-medium-webfont.woff2
2021-01-15 06:23:56 +0000  copying file ./www/fonts/roboto-medium/stylesheet.css ... 
2021-01-15 06:23:56 +0000  312 bytes for ./www/fonts/roboto-medium/stylesheet.css
2021-01-15 06:23:56 +0000  copying file ./www/fonts/roboto-medium/roboto-medium-webfont.woff ... 
2021-01-15 06:23:56 +0000  25212 bytes for ./www/fonts/roboto-medium/roboto-medium-webfont.woff
2021-01-15 06:23:56 +0000  copying file ./www/fonts/roboto-medium/specimen_files/specimen_stylesheet.css ... 
2021-01-15 06:23:56 +0000  7706 bytes for ./www/fonts/roboto-medium/specimen_files/specimen_stylesheet.css
2021-01-15 06:23:56 +0000  copying file ./www/fonts/roboto-medium/specimen_files/grid_12-825-55-15.css ... 
2021-01-15 06:23:56 +0000  4725 bytes for ./www/fonts/roboto-medium/specimen_files/grid_12-825-55-15.css
2021-01-15 06:23:56 +0000  copying file ./www/fonts/roboto-light/generator_config.txt ... 
2021-01-15 06:23:56 +0000  612 bytes for ./www/fonts/roboto-light/generator_config.txt
2021-01-15 06:23:56 +0000  copying file ./www/fonts/roboto-light/roboto-light-webfont.woff ... 
2021-01-15 06:23:56 +0000  24684 bytes for ./www/fonts/roboto-light/roboto-light-webfont.woff
2021-01-15 06:23:56 +0000  copying file ./www/fonts/roboto-light/roboto-bold-webfont.woff2 ... 
2021-01-15 06:23:56 +0000  18808 bytes for ./www/fonts/roboto-light/roboto-bold-webfont.woff2
2021-01-15 06:23:56 +0000  copying file ./www/fonts/roboto-light/roboto-bold-webfont.woff ... 
2021-01-15 06:23:56 +0000  24860 bytes for ./www/fonts/roboto-light/roboto-bold-webfont.woff
2021-01-15 06:23:56 +0000  copying file ./www/fonts/roboto-light/stylesheet.css ... 
2021-01-15 06:23:56 +0000  537 bytes for ./www/fonts/roboto-light/stylesheet.css
2021-01-15 06:23:56 +0000  copying file ./www/fonts/roboto-light/roboto-light-webfont.woff2 ... 
2021-01-15 06:23:56 +0000  18768 bytes for ./www/fonts/roboto-light/roboto-light-webfont.woff2
2021-01-15 06:23:56 +0000  copying file ./www/fonts/roboto-light/roboto-light-demo.html ... 
2021-01-15 06:23:56 +0000  38448 bytes for ./www/fonts/roboto-light/roboto-light-demo.html
2021-01-15 06:23:56 +0000  copying file ./www/fonts/roboto-light/roboto-bold-demo.html ... 
2021-01-15 06:23:56 +0000  38402 bytes for ./www/fonts/roboto-light/roboto-bold-demo.html
2021-01-15 06:23:56 +0000  copying file ./www/fonts/roboto-light/specimen_files/specimen_stylesheet.css ... 
2021-01-15 06:23:56 +0000  7706 bytes for ./www/fonts/roboto-light/specimen_files/specimen_stylesheet.css
2021-01-15 06:23:56 +0000  copying file ./www/fonts/roboto-light/specimen_files/grid_12-825-55-15.css ... 
2021-01-15 06:23:56 +0000  4725 bytes for ./www/fonts/roboto-light/specimen_files/grid_12-825-55-15.css
2021-01-15 06:23:56 +0000  copying file ./LaunchImage-Landscape~ipad.png ... 
2021-01-15 06:23:56 +0000  66935 bytes for ./LaunchImage-Landscape~ipad.png
2021-01-15 06:23:56 +0000  copying file ./LaunchImage-700-Portrait~ipad.png ... 
2021-01-15 06:23:56 +0000  108974 bytes for ./LaunchImage-700-Portrait~ipad.png
2021-01-15 06:23:56 +0000  copying file ./Assets.car ... 
2021-01-15 06:23:56 +0000  2056064 bytes for ./Assets.car
2021-01-15 06:23:56 +0000  copying file ./AppIcon40x40@2x~ipad.png ... 
2021-01-15 06:23:56 +0000  8958 bytes for ./AppIcon40x40@2x~ipad.png
2021-01-15 06:23:56 +0000  copying file ./AppIcon76x76@2x~ipad.png ... 
2021-01-15 06:23:56 +0000  25491 bytes for ./AppIcon76x76@2x~ipad.png
2021-01-15 06:23:56 +0000  copying file ./LaunchImage-800-Portrait-736h@3x.png ... 
2021-01-15 06:23:56 +0000  300343 bytes for ./LaunchImage-800-Portrait-736h@3x.png
2021-01-15 06:23:56 +0000  copying file ./AppIcon72x72~ipad.png ... 
2021-01-15 06:23:56 +0000  7581 bytes for ./AppIcon72x72~ipad.png
2021-01-15 06:23:56 +0000  copying file ./CDVLaunchScreen.storyboardc/01J-lp-oVM-view-Ze5-6b-2t3.nib/objects-13.0+.nib ... 
2021-01-15 06:23:56 +0000  2330 bytes for ./CDVLaunchScreen.storyboardc/01J-lp-oVM-view-Ze5-6b-2t3.nib/objects-13.0+.nib
2021-01-15 06:23:56 +0000  copying file ./CDVLaunchScreen.storyboardc/01J-lp-oVM-view-Ze5-6b-2t3.nib/runtime.nib ... 
2021-01-15 06:23:56 +0000  2327 bytes for ./CDVLaunchScreen.storyboardc/01J-lp-oVM-view-Ze5-6b-2t3.nib/runtime.nib
2021-01-15 06:23:56 +0000  copying file ./CDVLaunchScreen.storyboardc/UIViewController-01J-lp-oVM.nib/objects-13.0+.nib ... 
2021-01-15 06:23:56 +0000  896 bytes for ./CDVLaunchScreen.storyboardc/UIViewController-01J-lp-oVM.nib/objects-13.0+.nib
2021-01-15 06:23:56 +0000  copying file ./CDVLaunchScreen.storyboardc/UIViewController-01J-lp-oVM.nib/runtime.nib ... 
2021-01-15 06:23:56 +0000  896 bytes for ./CDVLaunchScreen.storyboardc/UIViewController-01J-lp-oVM.nib/runtime.nib
2021-01-15 06:23:56 +0000  copying file ./CDVLaunchScreen.storyboardc/Info.plist ... 
2021-01-15 06:23:56 +0000  258 bytes for ./CDVLaunchScreen.storyboardc/Info.plist
2021-01-15 06:23:56 +0000  copying file ./LaunchImage-700@2x.png ... 
2021-01-15 06:23:56 +0000  84304 bytes for ./LaunchImage-700@2x.png
2021-01-15 06:23:56 +0000  copying file ./AppIcon83.5x83.5@2x~ipad.png ... 
2021-01-15 06:23:56 +0000  29456 bytes for ./AppIcon83.5x83.5@2x~ipad.png
2021-01-15 06:23:56 +0000  copying file ./LaunchImage-700-568h@2x.png ... 
2021-01-15 06:23:56 +0000  113799 bytes for ./LaunchImage-700-568h@2x.png
2021-01-15 06:23:56 +0000  copying file ./LaunchImage-Landscape@2x~ipad.png ... 
2021-01-15 06:23:56 +0000  201633 bytes for ./LaunchImage-Landscape@2x~ipad.png
2021-01-15 06:23:56 +0000  copying file ./AppIcon50x50~ipad.png ... 
2021-01-15 06:23:56 +0000  3990 bytes for ./AppIcon50x50~ipad.png
2021-01-15 06:23:56 +0000  copying file ./AppIcon29x29@2x~ipad.png ... 
2021-01-15 06:23:56 +0000  4987 bytes for ./AppIcon29x29@2x~ipad.png
2021-01-15 06:23:56 +0000  copying file ./LaunchImage-700-Landscape@2x~ipad.png ... 
2021-01-15 06:23:56 +0000  201633 bytes for ./LaunchImage-700-Landscape@2x~ipad.png
2021-01-15 06:23:56 +0000  copying file ./AppIcon50x50@2x~ipad.png ... 
2021-01-15 06:23:56 +0000  13006 bytes for ./AppIcon50x50@2x~ipad.png
2021-01-15 06:23:56 +0000  copying file ./AppIcon40x40~ipad.png ... 
2021-01-15 06:23:56 +0000  2842 bytes for ./AppIcon40x40~ipad.png
2021-01-15 06:23:56 +0000  copying file ./AppIcon20x20~ipad.png ... 
2021-01-15 06:23:56 +0000  1021 bytes for ./AppIcon20x20~ipad.png
2021-01-15 06:23:56 +0000  copying file ./LaunchImage.png ... 
2021-01-15 06:23:56 +0000  27695 bytes for ./LaunchImage.png
2021-01-15 06:23:56 +0000  copying file ./embedded.mobileprovision ... 
2021-01-15 06:23:56 +0000  35285 bytes for ./embedded.mobileprovision
2021-01-15 06:23:56 +0000  copying file ./LaunchImage-800-Landscape-736h@3x.png ... 
2021-01-15 06:23:56 +0000  160068 bytes for ./LaunchImage-800-Landscape-736h@3x.png
2021-01-15 06:23:56 +0000  copying file ./LaunchImage-700-Portrait@2x~ipad.png ... 
2021-01-15 06:23:56 +0000  248743 bytes for ./LaunchImage-700-Portrait@2x~ipad.png
2021-01-15 06:23:56 +0000  copying file ./LaunchImage-700-Landscape~ipad.png ... 
2021-01-15 06:23:56 +0000  66935 bytes for ./LaunchImage-700-Landscape~ipad.png
2021-01-15 06:23:56 +0000  copying file ./AppIcon20x20@2x~ipad.png ... 
2021-01-15 06:23:56 +0000  2842 bytes for ./AppIcon20x20@2x~ipad.png
2021-01-15 06:23:56 +0000  copying file ./Info.plist ... 
2021-01-15 06:23:56 +0000  2207 bytes for ./Info.plist
2021-01-15 06:23:56 +0000  copying file ./PkgInfo ... 
2021-01-15 06:23:56 +0000  8 bytes for ./PkgInfo
2021-01-15 06:23:56 +0000  copying file ./AppIcon76x76~ipad.png ... 
2021-01-15 06:23:56 +0000  8167 bytes for ./AppIcon76x76~ipad.png
2021-01-15 06:23:56 +0000  /usr/bin/ditto exited with 0
2021-01-15 06:23:56 +0000  Processing step: IDEDistributionEmbedProfileStep
2021-01-15 06:23:56 +0000  Processing step: IDEDistributionAppThinningPlistStep
2021-01-15 06:23:56 +0000  Skipping step: IDEDistributionAppThinningPlistStep because it said so
2021-01-15 06:23:56 +0000  Processing step: IDEDistributionCompileBitcodeStep
2021-01-15 06:23:56 +0000  Skipping step: IDEDistributionCompileBitcodeStep because it said so
2021-01-15 06:23:56 +0000  Processing step: IDEDistributionCodeSlimmingStep
2021-01-15 06:23:56 +0000  Processing step: IDEDistributionCopyBCSymbolMapsStep
2021-01-15 06:23:56 +0000  Skipping step: IDEDistributionCopyBCSymbolMapsStep because it said so
2021-01-15 06:23:56 +0000  Processing step: IDEDistributionSymbolsStep
2021-01-15 06:23:56 +0000  Skipping step: IDEDistributionSymbolsStep because it said so
2021-01-15 06:23:56 +0000  Processing step: IDEDistributionAppThinningStep
2021-01-15 06:23:56 +0000  Skipping step: IDEDistributionAppThinningStep because it said so
2021-01-15 06:23:56 +0000  Processing step: IDEDistributionArchThinningStep
2021-01-15 06:23:56 +0000  Running /Applications/Xcode.app/Contents/Developer/Toolchains/XcodeDefault.xctoolchain/usr/bin/lipo '/var/folders/st/dg689sv55q1c9bvs64bvl_rh0000gn/T/XcodeDistPipeline.~~~PzKbjF/Root/Payload/Spiritual Buddy.app/Spiritual Buddy' '-verify_arch' 'arm64e'
2021-01-15 06:23:56 +0000  /Applications/Xcode.app/Contents/Developer/Toolchains/XcodeDefault.xctoolchain/usr/bin/lipo exited with 1
2021-01-15 06:23:56 +0000  Skipping architecture thinning for item "Spiritual Buddy" because arch "arm64e" wasn't found
2021-01-15 06:23:56 +0000  Processing step: IDEDistributionODRStep
2021-01-15 06:23:56 +0000  Processing step: IDEDistributionStripXattrsStep
2021-01-15 06:23:56 +0000  Running /usr/bin/xattr '-crs' '/var/folders/st/dg689sv55q1c9bvs64bvl_rh0000gn/T/XcodeDistPipeline.~~~PzKbjF/Root/Payload/Spiritual Buddy.app'
2021-01-15 06:23:56 +0000  /usr/bin/xattr exited with 0
2021-01-15 06:23:56 +0000  Processing step: IDEDistributionCodesignStep
2021-01-15 06:23:56 +0000  Entitlements for <IDEDistributionItem: 0x7fd8aab3d390; bundleID='com.ypvsadhna.Spiritual', path='<DVTFilePath:0x7fd8a94c6580:'/Users/gwl/Library/Developer/Xcode/Archives/2021-01-13/MyApp 13-01-21, 6.35 PM.xcarchive/Products/Applications/Spiritual Buddy.app'>', codeSigningInfo='<_DVTCodeSigningInformation_Path: 0x7fd8aab3b100; isSigned='1', isAdHocSigned='0', signingCertificate='<DVTSigningCertificate: 0x7fd8a704cad0; name='Apple Development: Varun Bihani (83A9L94Y35)', hash='C08BC8A8063F1D77CB92BC12CCC1732332A3826B', serialNumber='61977914F37869DB', certificateKinds='(
    "1.2.840.113635.100.6.1.12",
    "1.2.840.113635.100.6.1.2"
), issueDate='2021-01-07 08:18:54 +0000''>', entitlements='{
    "application-identifier" = "98TCDCHV95.com.ypvsadhna.Spiritual";
    "com.apple.developer.team-identifier" = 98TCDCHV95;
    "get-task-allow" = 1;
}', teamID='98TCDCHV95', identifier='com.ypvsadhna.Spiritual', executablePath='<DVTFilePath:0x7fd8aaab8940:'/Users/gwl/Library/Developer/Xcode/Archives/2021-01-13/MyApp 13-01-21, 6.35 PM.xcarchive/Products/Applications/Spiritual Buddy.app/Spiritual Buddy'>', hardenedRuntime='0'>'>: {
    "application-identifier" = "98TCDCHV95.com.ypvsadhna.Spiritual";
    "com.apple.developer.team-identifier" = 98TCDCHV95;
    "get-task-allow" = 1;
}
2021-01-15 06:23:56 +0000  Writing entitlements for <IDEDistributionItem: 0x7fd8aab3d390; bundleID='com.ypvsadhna.Spiritual', path='<DVTFilePath:0x7fd8a94c6580:'/Users/gwl/Library/Developer/Xcode/Archives/2021-01-13/MyApp 13-01-21, 6.35 PM.xcarchive/Products/Applications/Spiritual Buddy.app'>', codeSigningInfo='<_DVTCodeSigningInformation_Path: 0x7fd8aab3b100; isSigned='1', isAdHocSigned='0', signingCertificate='<DVTSigningCertificate: 0x7fd8aac25500; name='Apple Development: Varun Bihani (83A9L94Y35)', hash='C08BC8A8063F1D77CB92BC12CCC1732332A3826B', serialNumber='61977914F37869DB', certificateKinds='(
    "1.2.840.113635.100.6.1.12",
    "1.2.840.113635.100.6.1.2"
), issueDate='2021-01-07 08:18:54 +0000''>', entitlements='{
    "application-identifier" = "98TCDCHV95.com.ypvsadhna.Spiritual";
    "com.apple.developer.team-identifier" = 98TCDCHV95;
    "get-task-allow" = 1;
}', teamID='98TCDCHV95', identifier='com.ypvsadhna.Spiritual', executablePath='<DVTFilePath:0x7fd8aaab8940:'/Users/gwl/Library/Developer/Xcode/Archives/2021-01-13/MyApp 13-01-21, 6.35 PM.xcarchive/Products/Applications/Spiritual Buddy.app/Spiritual Buddy'>', hardenedRuntime='0'>'> to: /var/folders/st/dg689sv55q1c9bvs64bvl_rh0000gn/T/XcodeDistPipeline.~~~PzKbjF/entitlements~~~hPIbZj
2021-01-15 06:23:56 +0000  Running /usr/bin/codesign '-vvv' '--force' '--sign' 'C08BC8A8063F1D77CB92BC12CCC1732332A3826B' '--entitlements' '/var/folders/st/dg689sv55q1c9bvs64bvl_rh0000gn/T/XcodeDistPipeline.~~~PzKbjF/entitlements~~~hPIbZj' '--preserve-metadata=identifier,flags,runtime' '/var/folders/st/dg689sv55q1c9bvs64bvl_rh0000gn/T/XcodeDistPipeline.~~~PzKbjF/Root/Payload/Spiritual Buddy.app'
2021-01-15 06:23:56 +0000  /var/folders/st/dg689sv55q1c9bvs64bvl_rh0000gn/T/XcodeDistPipeline.~~~PzKbjF/Root/Payload/Spiritual Buddy.app: replacing existing signature
2021-01-15 06:23:56 +0000  /var/folders/st/dg689sv55q1c9bvs64bvl_rh0000gn/T/XcodeDistPipeline.~~~PzKbjF/Root/Payload/Spiritual Buddy.app: signed app bundle with Mach-O universal (armv7 arm64) [com.ypvsadhna.Spiritual]
2021-01-15 06:23:56 +0000  /usr/bin/codesign exited with 0
2021-01-15 06:23:56 +0000  Processing step: IDEDistributionZipODRItemStep
2021-01-15 06:23:56 +0000  Skipping step: IDEDistributionZipODRItemStep because it said so
2021-01-15 06:23:56 +0000  Processing step: IDEDistributionCreateIPAStep
2021-01-15 06:23:56 +0000  Running /usr/bin/ditto '-V' '-c' '-k' '--norsrc' '/var/folders/st/dg689sv55q1c9bvs64bvl_rh0000gn/T/XcodeDistPipeline.~~~PzKbjF/Root' '/var/folders/st/dg689sv55q1c9bvs64bvl_rh0000gn/T/XcodeDistPipeline.~~~PzKbjF/Packages/MyApp.ipa'
2021-01-15 06:23:56 +0000  >>> Copying /var/folders/st/dg689sv55q1c9bvs64bvl_rh0000gn/T/XcodeDistPipeline.~~~PzKbjF/Root 
2021-01-15 06:23:56 +0000  copying file ./Payload/Spiritual Buddy.app/_CodeSignature/CodeResources ... 
2021-01-15 06:23:56 +0000  78859 bytes for ./Payload/Spiritual Buddy.app/_CodeSignature/CodeResources
copying file ./Payload/Spiritual Buddy.app/LaunchImage-1100-Portrait-2436h@3x.png ... 
2021-01-15 06:23:56 +0000  349605 bytes for ./Payload/Spiritual Buddy.app/LaunchImage-1100-Portrait-2436h@3x.png
copying file ./Payload/Spiritual Buddy.app/LaunchImage@2x.png ... 
2021-01-15 06:23:56 +0000  84304 bytes for ./Payload/Spiritual Buddy.app/LaunchImage@2x.png
copying file ./Payload/Spiritual Buddy.app/AppIcon20x20@2x.png ... 
2021-01-15 06:23:56 +0000  2842 bytes for ./Payload/Spiritual Buddy.app/AppIcon20x20@2x.png
copying file ./Payload/Spiritual Buddy.app/MainViewController.nib/objects-13.0+.nib ... 
2021-01-15 06:23:56 +0000  980 bytes for ./Payload/Spiritual Buddy.app/MainViewController.nib/objects-13.0+.nib
copying file ./Payload/Spiritual Buddy.app/MainViewController.nib/runtime.nib ... 
2021-01-15 06:23:56 +0000  980 bytes for ./Payload/Spiritual Buddy.app/MainViewController.nib/runtime.nib
copying file ./Payload/Spiritual Buddy.app/AppIcon57x57.png ... 
2021-01-15 06:23:56 +0000  4770 bytes for ./Payload/Spiritual Buddy.app/AppIcon57x57.png
copying file ./Payload/Spiritual Buddy.app/AppIcon20x20@3x.png ... 
2021-01-15 06:23:56 +0000  5321 bytes for ./Payload/Spiritual Buddy.app/AppIcon20x20@3x.png
copying file ./Payload/Spiritual Buddy.app/AppIcon29x29.png ... 
2021-01-15 06:23:56 +0000  1588 bytes for ./Payload/Spiritual Buddy.app/AppIcon29x29.png
copying file ./Payload/Spiritual Buddy.app/LaunchImage-568h@2x.png ... 
2021-01-15 06:23:56 +0000  113799 bytes for ./Payload/Spiritual Buddy.app/LaunchImage-568h@2x.png
copying file ./Payload/Spiritual Buddy.app/AppIcon60x60@2x.png ... 
2021-01-15 06:23:56 +0000  17076 bytes for ./Payload/Spiritual Buddy.app/AppIcon60x60@2x.png
copying file ./Payload/Spiritual Buddy.app/AppIcon72x72@2x~ipad.png ... 
2021-01-15 06:23:56 +0000  23435 bytes for ./Payload/Spiritual Buddy.app/AppIcon72x72@2x~ipad.png
copying file ./Payload/Spiritual Buddy.app/AppIcon29x29@2x.png ... 
2021-01-15 06:23:56 +0000  4987 bytes for ./Payload/Spiritual Buddy.app/AppIcon29x29@2x.png
copying file ./Payload/Spiritual Buddy.app/LaunchImage-1100-Landscape-2436h@3x.png ... 
2021-01-15 06:23:56 +0000  139454 bytes for ./Payload/Spiritual Buddy.app/LaunchImage-1100-Landscape-2436h@3x.png
copying file ./Payload/Spiritual Buddy.app/Spiritual Buddy ... 
2021-01-15 06:23:56 +0000  648976 bytes for ./Payload/Spiritual Buddy.app/Spiritual Buddy
copying file ./Payload/Spiritual Buddy.app/LaunchImage-800-667h@2x.png ... 
2021-01-15 06:23:56 +0000  143012 bytes for ./Payload/Spiritual Buddy.app/LaunchImage-800-667h@2x.png
copying file ./Payload/Spiritual Buddy.app/LaunchImage-Portrait@2x~ipad.png ... 
2021-01-15 06:23:56 +0000  248743 bytes for ./Payload/Spiritual Buddy.app/LaunchImage-Portrait@2x~ipad.png
copying file ./Payload/Spiritual Buddy.app/AppIcon40x40@3x.png ... 
2021-01-15 06:23:56 +0000  17076 bytes for ./Payload/Spiritual Buddy.app/AppIcon40x40@3x.png
copying file ./Payload/Spiritual Buddy.app/AppIcon57x57@2x.png ... 
2021-01-15 06:23:56 +0000  15769 bytes for ./Payload/Spiritual Buddy.app/AppIcon57x57@2x.png
copying file ./Payload/Spiritual Buddy.app/AppIcon29x29~ipad.png ... 
2021-01-15 06:23:56 +0000  1588 bytes for ./Payload/Spiritual Buddy.app/AppIcon29x29~ipad.png
copying file ./Payload/Spiritual Buddy.app/AppIcon40x40@2x.png ... 
2021-01-15 06:23:56 +0000  8958 bytes for ./Payload/Spiritual Buddy.app/AppIcon40x40@2x.png
copying file ./Payload/Spiritual Buddy.app/LaunchImage-Portrait~ipad.png ... 
2021-01-15 06:23:56 +0000  108974 bytes for ./Payload/Spiritual Buddy.app/LaunchImage-Portrait~ipad.png
copying file ./Payload/Spiritual Buddy.app/AppIcon29x29@3x.png ... 
2021-01-15 06:23:56 +0000  9978 bytes for ./Payload/Spiritual Buddy.app/AppIcon29x29@3x.png
copying file ./Payload/Spiritual Buddy.app/AppIcon60x60@3x.png ... 
2021-01-15 06:23:56 +0000  34239 bytes for ./Payload/Spiritual Buddy.app/AppIcon60x60@3x.png
copying file ./Payload/Spiritual Buddy.app/config.xml ... 
2021-01-15 06:23:56 +0000  7443 bytes for ./Payload/Spiritual Buddy.app/config.xml
2021-01-15 06:23:56 +0000  copying file ./Payload/Spiritual Buddy.app/www/index.html ... 
2021-01-15 06:23:56 +0000  1714 bytes for ./Payload/Spiritual Buddy.app/www/index.html
copying file ./Payload/Spiritual Buddy.app/www/cordova.js ... 
2021-01-15 06:23:56 +0000  69846 bytes for ./Payload/Spiritual Buddy.app/www/cordova.js
2021-01-15 06:23:56 +0000  copying file ./Payload/Spiritual Buddy.app/www/css/custom.css ... 
2021-01-15 06:23:56 +0000  24439 bytes for ./Payload/Spiritual Buddy.app/www/css/custom.css
2021-01-15 06:23:56 +0000  copying file ./Payload/Spiritual Buddy.app/www/css/ionic.app.min.css ... 
2021-01-15 06:23:56 +0000  196038 bytes for ./Payload/Spiritual Buddy.app/www/css/ionic.app.min.css
2021-01-15 06:23:56 +0000  copying file ./Payload/Spiritual Buddy.app/www/css/style.css ... 
43 bytes for ./Payload/Spiritual Buddy.app/www/css/style.css
copying file ./Payload/Spiritual Buddy.app/www/css/ionic.app.css ... 
2021-01-15 06:23:56 +0000  249846 bytes for ./Payload/Spiritual Buddy.app/www/css/ionic.app.css
2021-01-15 06:23:56 +0000  copying file ./Payload/Spiritual Buddy.app/www/plugins/cordova-plugin-inappbrowser/www/inappbrowser.js ... 
2021-01-15 06:23:56 +0000  4685 bytes for ./Payload/Spiritual Buddy.app/www/plugins/cordova-plugin-inappbrowser/www/inappbrowser.js
2021-01-15 06:23:56 +0000  copying file ./Payload/Spiritual Buddy.app/www/plugins/cordova-plugin-device/www/device.js ... 
2021-01-15 06:23:56 +0000  3070 bytes for ./Payload/Spiritual Buddy.app/www/plugins/cordova-plugin-device/www/device.js
copying file ./Payload/Spiritual Buddy.app/www/plugins/cordova-plugin-statusbar/www/statusbar.js ... 
2021-01-15 06:23:56 +0000  3489 bytes for ./Payload/Spiritual Buddy.app/www/plugins/cordova-plugin-statusbar/www/statusbar.js
2021-01-15 06:23:56 +0000  copying file ./Payload/Spiritual Buddy.app/www/plugins/cordova-plugin-splashscreen/www/splashscreen.js ... 
2021-01-15 06:23:56 +0000  1173 bytes for ./Payload/Spiritual Buddy.app/www/plugins/cordova-plugin-splashscreen/www/splashscreen.js
copying file ./Payload/Spiritual Buddy.app/www/plugins/cordova-plugin-ionic-keyboard/www/ios/keyboard.js ... 
2021-01-15 06:23:56 +0000  3287 bytes for ./Payload/Spiritual Buddy.app/www/plugins/cordova-plugin-ionic-keyboard/www/ios/keyboard.js
2021-01-15 06:23:56 +0000  copying file ./Payload/Spiritual Buddy.app/www/js/controllers.js ... 
2021-01-15 06:23:56 +0000  40010 bytes for ./Payload/Spiritual Buddy.app/www/js/controllers.js
copying file ./Payload/Spiritual Buddy.app/www/js/services.js ... 
2021-01-15 06:23:56 +0000  135 bytes for ./Payload/Spiritual Buddy.app/www/js/services.js
copying file ./Payload/Spiritual Buddy.app/www/js/config-urls.js ... 
678 bytes for ./Payload/Spiritual Buddy.app/www/js/config-urls.js
2021-01-15 06:23:56 +0000  copying file ./Payload/Spiritual Buddy.app/www/js/routes.js ... 
2021-01-15 06:23:56 +0000  675 bytes for ./Payload/Spiritual Buddy.app/www/js/routes.js
copying file ./Payload/Spiritual Buddy.app/www/js/directives.js ... 
2021-01-15 06:23:56 +0000  5285 bytes for ./Payload/Spiritual Buddy.app/www/js/directives.js
2021-01-15 06:23:56 +0000  copying file ./Payload/Spiritual Buddy.app/www/js/app.js ... 
2021-01-15 06:23:56 +0000  5200 bytes for ./Payload/Spiritual Buddy.app/www/js/app.js
copying file ./Payload/Spiritual Buddy.app/www/img/icon-buddy.png ... 
2021-01-15 06:23:56 +0000  3089 bytes for ./Payload/Spiritual Buddy.app/www/img/icon-buddy.png
2021-01-15 06:23:56 +0000  copying file ./Payload/Spiritual Buddy.app/www/img/default-female.png ... 
2021-01-15 06:23:56 +0000  4464 bytes for ./Payload/Spiritual Buddy.app/www/img/default-female.png
2021-01-15 06:23:56 +0000  copying file ./Payload/Spiritual Buddy.app/www/img/icon-hamburger.png ... 
2021-01-15 06:23:56 +0000  1213 bytes for ./Payload/Spiritual Buddy.app/www/img/icon-hamburger.png
copying file ./Payload/Spiritual Buddy.app/www/img/default-male.png ... 
2021-01-15 06:23:56 +0000  4341 bytes for ./Payload/Spiritual Buddy.app/www/img/default-male.png
2021-01-15 06:23:56 +0000  copying file ./Payload/Spiritual Buddy.app/www/img/arrow-right2.png ... 
2021-01-15 06:23:56 +0000  1359 bytes for ./Payload/Spiritual Buddy.app/www/img/arrow-right2.png
copying file ./Payload/Spiritual Buddy.app/www/img/icon-search.png ... 
2021-01-15 06:23:56 +0000  1546 bytes for ./Payload/Spiritual Buddy.app/www/img/icon-search.png
2021-01-15 06:23:56 +0000  copying file ./Payload/Spiritual Buddy.app/www/img/icon-feedback.png ... 
2021-01-15 06:23:56 +0000  2917 bytes for ./Payload/Spiritual Buddy.app/www/img/icon-feedback.png
2021-01-15 06:23:56 +0000  copying file ./Payload/Spiritual Buddy.app/www/img/icon-no-comment.png ... 
2021-01-15 06:23:56 +0000  1475 bytes for ./Payload/Spiritual Buddy.app/www/img/icon-no-comment.png
2021-01-15 06:23:56 +0000  copying file ./Payload/Spiritual Buddy.app/www/img/icon-plus.png ... 
2021-01-15 06:23:56 +0000  1179 bytes for ./Payload/Spiritual Buddy.app/www/img/icon-plus.png
copying file ./Payload/Spiritual Buddy.app/www/img/perry.png ... 
2021-01-15 06:23:56 +0000  571942 bytes for ./Payload/Spiritual Buddy.app/www/img/perry.png
copying file ./Payload/Spiritual Buddy.app/www/img/icon-buddy-gray.png ... 
2021-01-15 06:23:56 +0000  2652 bytes for ./Payload/Spiritual Buddy.app/www/img/icon-buddy-gray.png
copying file ./Payload/Spiritual Buddy.app/www/img/change-password.png ... 
2021-01-15 06:23:56 +0000  4007 bytes for ./Payload/Spiritual Buddy.app/www/img/change-password.png
copying file ./Payload/Spiritual Buddy.app/www/img/max.png ... 
2021-01-15 06:23:56 +0000  18611 bytes for ./Payload/Spiritual Buddy.app/www/img/max.png
copying file ./Payload/Spiritual Buddy.app/www/img/menu-icon4.png ... 
2021-01-15 06:23:56 +0000  1214 bytes for ./Payload/Spiritual Buddy.app/www/img/menu-icon4.png
copying file ./Payload/Spiritual Buddy.app/www/img/ionic.png ... 
2021-01-15 06:23:56 +0000  4757 bytes for ./Payload/Spiritual Buddy.app/www/img/ionic.png
copying file ./Payload/Spiritual Buddy.app/www/img/menu-icon5.png ... 
2021-01-15 06:23:56 +0000  856 bytes for ./Payload/Spiritual Buddy.app/www/img/menu-icon5.png
copying file ./Payload/Spiritual Buddy.app/www/img/menu.png ... 
2021-01-15 06:23:56 +0000  1238 bytes for ./Payload/Spiritual Buddy.app/www/img/menu.png
copying file ./Payload/Spiritual Buddy.app/www/img/bg-login.jpg ... 
2021-01-15 06:23:56 +0000  24675 bytes for ./Payload/Spiritual Buddy.app/www/img/bg-login.jpg
2021-01-15 06:23:56 +0000  copying file ./Payload/Spiritual Buddy.app/www/img/arrow-left1.png ... 
1356 bytes for ./Payload/Spiritual Buddy.app/www/img/arrow-left1.png
copying file ./Payload/Spiritual Buddy.app/www/img/arrow-add.png ... 
2021-01-15 06:23:56 +0000  5008 bytes for ./Payload/Spiritual Buddy.app/www/img/arrow-add.png
copying file ./Payload/Spiritual Buddy.app/www/img/menu-icon6.png ... 
2021-01-15 06:23:56 +0000  922 bytes for ./Payload/Spiritual Buddy.app/www/img/menu-icon6.png
copying file ./Payload/Spiritual Buddy.app/www/img/logo.png ... 
2021-01-15 06:23:56 +0000  29469 bytes for ./Payload/Spiritual Buddy.app/www/img/logo.png
2021-01-15 06:23:56 +0000  copying file ./Payload/Spiritual Buddy.app/www/img/ben.png ... 
2021-01-15 06:23:56 +0000  266479 bytes for ./Payload/Spiritual Buddy.app/www/img/ben.png
copying file ./Payload/Spiritual Buddy.app/www/img/map-pin.png ... 
2021-01-15 06:23:56 +0000  1458 bytes for ./Payload/Spiritual Buddy.app/www/img/map-pin.png
copying file ./Payload/Spiritual Buddy.app/www/img/give-feedback-old.png ... 
2021-01-15 06:23:56 +0000  2917 bytes for ./Payload/Spiritual Buddy.app/www/img/give-feedback-old.png
copying file ./Payload/Spiritual Buddy.app/www/img/arrow-sorting.png ... 
2021-01-15 06:23:56 +0000  1577 bytes for ./Payload/Spiritual Buddy.app/www/img/arrow-sorting.png
copying file ./Payload/Spiritual Buddy.app/www/img/arrow-back.png ... 
2021-01-15 06:23:56 +0000  1604 bytes for ./Payload/Spiritual Buddy.app/www/img/arrow-back.png
copying file ./Payload/Spiritual Buddy.app/www/img/adam.jpg ... 
2021-01-15 06:23:56 +0000  42497 bytes for ./Payload/Spiritual Buddy.app/www/img/adam.jpg
copying file ./Payload/Spiritual Buddy.app/www/img/give-feedback.png ... 
2021-01-15 06:23:56 +0000  3552 bytes for ./Payload/Spiritual Buddy.app/www/img/give-feedback.png
copying file ./Payload/Spiritual Buddy.app/www/img/mike.png ... 
2021-01-15 06:23:56 +0000  238136 bytes for ./Payload/Spiritual Buddy.app/www/img/mike.png
copying file ./Payload/Spiritual Buddy.app/www/img/icon-filter.png ... 
2021-01-15 06:23:56 +0000  1220 bytes for ./Payload/Spiritual Buddy.app/www/img/icon-filter.png
2021-01-15 06:23:56 +0000  copying file ./Payload/Spiritual Buddy.app/www/cordova-js-src/exec.js ... 
2021-01-15 06:23:56 +0000  8856 bytes for ./Payload/Spiritual Buddy.app/www/cordova-js-src/exec.js
2021-01-15 06:23:56 +0000  copying file ./Payload/Spiritual Buddy.app/www/cordova-js-src/plugin/ios/logger.js ... 
2021-01-15 06:23:56 +0000  10181 bytes for ./Payload/Spiritual Buddy.app/www/cordova-js-src/plugin/ios/logger.js
copying file ./Payload/Spiritual Buddy.app/www/cordova-js-src/plugin/ios/console.js ... 
2021-01-15 06:23:56 +0000  6873 bytes for ./Payload/Spiritual Buddy.app/www/cordova-js-src/plugin/ios/console.js
2021-01-15 06:23:56 +0000  copying file ./Payload/Spiritual Buddy.app/www/cordova-js-src/plugin/android/app.js ... 
2021-01-15 06:23:56 +0000  4113 bytes for ./Payload/Spiritual Buddy.app/www/cordova-js-src/plugin/android/app.js
copying file ./Payload/Spiritual Buddy.app/www/cordova-js-src/android/nativeapiprovider.js ... 
2021-01-15 06:23:56 +0000  1358 bytes for ./Payload/Spiritual Buddy.app/www/cordova-js-src/android/nativeapiprovider.js
copying file ./Payload/Spiritual Buddy.app/www/cordova-js-src/android/promptbasednativeapi.js ... 
2021-01-15 06:23:56 +0000  1476 bytes for ./Payload/Spiritual Buddy.app/www/cordova-js-src/android/promptbasednativeapi.js
copying file ./Payload/Spiritual Buddy.app/www/cordova-js-src/platform.js ... 
2021-01-15 06:23:56 +0000  1168 bytes for ./Payload/Spiritual Buddy.app/www/cordova-js-src/platform.js
copying file ./Payload/Spiritual Buddy.app/www/lib/ionic/version.json ... 
2021-01-15 06:23:56 +0000  95 bytes for ./Payload/Spiritual Buddy.app/www/lib/ionic/version.json
2021-01-15 06:23:56 +0000  copying file ./Payload/Spiritual Buddy.app/www/lib/ionic/css/ionic.css ... 
2021-01-15 06:23:56 +0000  258736 bytes for ./Payload/Spiritual Buddy.app/www/lib/ionic/css/ionic.css
copying file ./Payload/Spiritual Buddy.app/www/lib/ionic/css/ionic.min.css ... 
2021-01-15 06:23:56 +0000  196889 bytes for ./Payload/Spiritual Buddy.app/www/lib/ionic/css/ionic.min.css
2021-01-15 06:23:56 +0000  copying file ./Payload/Spiritual Buddy.app/www/lib/ionic/js/ionic-angular.min.js ... 
2021-01-15 06:23:56 +0000  123143 bytes for ./Payload/Spiritual Buddy.app/www/lib/ionic/js/ionic-angular.min.js
copying file ./Payload/Spiritual Buddy.app/www/lib/ionic/js/ionic.js ... 
2021-01-15 06:23:56 +0000  481972 bytes for ./Payload/Spiritual Buddy.app/www/lib/ionic/js/ionic.js
2021-01-15 06:23:56 +0000  copying file ./Payload/Spiritual Buddy.app/www/lib/ionic/js/angular/angular.min.js ... 
2021-01-15 06:23:56 +0000  156188 bytes for ./Payload/Spiritual Buddy.app/www/lib/ionic/js/angular/angular.min.js
copying file ./Payload/Spiritual Buddy.app/www/lib/ionic/js/angular/angular-sanitize.js ... 
2021-01-15 06:23:56 +0000  26372 bytes for ./Payload/Spiritual Buddy.app/www/lib/ionic/js/angular/angular-sanitize.js
copying file ./Payload/Spiritual Buddy.app/www/lib/ionic/js/angular/angular.js ... 
2021-01-15 06:23:56 +0000  1172472 bytes for ./Payload/Spiritual Buddy.app/www/lib/ionic/js/angular/angular.js
2021-01-15 06:23:56 +0000  copying file ./Payload/Spiritual Buddy.app/www/lib/ionic/js/angular/angular-sanitize.min.js ... 
2021-01-15 06:23:56 +0000  5843 bytes for ./Payload/Spiritual Buddy.app/www/lib/ionic/js/angular/angular-sanitize.min.js
copying file ./Payload/Spiritual Buddy.app/www/lib/ionic/js/angular/angular-animate.js ... 
2021-01-15 06:23:56 +0000  153536 bytes for ./Payload/Spiritual Buddy.app/www/lib/ionic/js/angular/angular-animate.js
copying file ./Payload/Spiritual Buddy.app/www/lib/ionic/js/angular/angular-resource.js ... 
2021-01-15 06:23:56 +0000  32164 bytes for ./Payload/Spiritual Buddy.app/www/lib/ionic/js/angular/angular-resource.js
copying file ./Payload/Spiritual Buddy.app/www/lib/ionic/js/angular/angular-resource.min.js ... 
2021-01-15 06:23:56 +0000  4501 bytes for ./Payload/Spiritual Buddy.app/www/lib/ionic/js/angular/angular-resource.min.js
copying file ./Payload/Spiritual Buddy.app/www/lib/ionic/js/angular/angular-animate.min.js ... 
2021-01-15 06:23:56 +0000  25423 bytes for ./Payload/Spiritual Buddy.app/www/lib/ionic/js/angular/angular-animate.min.js
2021-01-15 06:23:56 +0000  copying file ./Payload/Spiritual Buddy.app/www/lib/ionic/js/angular-ui/angular-ui-router.js ... 
2021-01-15 06:23:56 +0000  160971 bytes for ./Payload/Spiritual Buddy.app/www/lib/ionic/js/angular-ui/angular-ui-router.js
copying file ./Payload/Spiritual Buddy.app/www/lib/ionic/js/angular-ui/angular-ui-router.min.js ... 
2021-01-15 06:23:56 +0000  28690 bytes for ./Payload/Spiritual Buddy.app/www/lib/ionic/js/angular-ui/angular-ui-router.min.js
copying file ./Payload/Spiritual Buddy.app/www/lib/ionic/js/ionic.bundle.js ... 
2021-01-15 06:23:56 +0000  2337386 bytes for ./Payload/Spiritual Buddy.app/www/lib/ionic/js/ionic.bundle.js
copying file ./Payload/Spiritual Buddy.app/www/lib/ionic/js/ionic-angular.js ... 
2021-01-15 06:23:56 +0000  460746 bytes for ./Payload/Spiritual Buddy.app/www/lib/ionic/js/ionic-angular.js
copying file ./Payload/Spiritual Buddy.app/www/lib/ionic/js/ionic.bundle.min.js ... 
2021-01-15 06:23:56 +0000  494339 bytes for ./Payload/Spiritual Buddy.app/www/lib/ionic/js/ionic.bundle.min.js
copying file ./Payload/Spiritual Buddy.app/www/lib/ionic/js/ionic.min.js ... 
2021-01-15 06:23:56 +0000  166275 bytes for ./Payload/Spiritual Buddy.app/www/lib/ionic/js/ionic.min.js
2021-01-15 06:23:56 +0000  copying file ./Payload/Spiritual Buddy.app/www/lib/ionic/scss/_select.scss ... 
2722 bytes for ./Payload/Spiritual Buddy.app/www/lib/ionic/scss/_select.scss
copying file ./Payload/Spiritual Buddy.app/www/lib/ionic/scss/_button-bar.scss ... 
2021-01-15 06:23:56 +0000  1073 bytes for ./Payload/Spiritual Buddy.app/www/lib/ionic/scss/_button-bar.scss
copying file ./Payload/Spiritual Buddy.app/www/lib/ionic/scss/_variables.scss ... 
2021-01-15 06:23:56 +0000  32568 bytes for ./Payload/Spiritual Buddy.app/www/lib/ionic/scss/_variables.scss
copying file ./Payload/Spiritual Buddy.app/www/lib/ionic/scss/_progress.scss ... 
2021-01-15 06:23:56 +0000  172 bytes for ./Payload/Spiritual Buddy.app/www/lib/ionic/scss/_progress.scss
copying file ./Payload/Spiritual Buddy.app/www/lib/ionic/scss/_toggle.scss ... 
2021-01-15 06:23:56 +0000  5298 bytes for ./Payload/Spiritual Buddy.app/www/lib/ionic/scss/_toggle.scss
copying file ./Payload/Spiritual Buddy.app/www/lib/ionic/scss/_bar.scss ... 
2021-01-15 06:23:56 +0000  10147 bytes for ./Payload/Spiritual Buddy.app/www/lib/ionic/scss/_bar.scss
copying file ./Payload/Spiritual Buddy.app/www/lib/ionic/scss/_checkbox.scss ... 
2021-01-15 06:23:56 +0000  4901 bytes for ./Payload/Spiritual Buddy.app/www/lib/ionic/scss/_checkbox.scss
copying file ./Payload/Spiritual Buddy.app/www/lib/ionic/scss/_reset.scss ... 
2021-01-15 06:23:56 +0000  7284 bytes for ./Payload/Spiritual Buddy.app/www/lib/ionic/scss/_reset.scss
copying file ./Payload/Spiritual Buddy.app/www/lib/ionic/scss/_popover.scss ... 
2021-01-15 06:23:56 +0000  3210 bytes for ./Payload/Spiritual Buddy.app/www/lib/ionic/scss/_popover.scss
copying file ./Payload/Spiritual Buddy.app/www/lib/ionic/scss/_badge.scss ... 
2021-01-15 06:23:56 +0000  1569 bytes for ./Payload/Spiritual Buddy.app/www/lib/ionic/scss/_badge.scss
copying file ./Payload/Spiritual Buddy.app/www/lib/ionic/scss/_slide-box.scss ... 
2021-01-15 06:23:56 +0000  1175 bytes for ./Payload/Spiritual Buddy.app/www/lib/ionic/scss/_slide-box.scss
copying file ./Payload/Spiritual Buddy.app/www/lib/ionic/scss/_animations.scss ... 
2021-01-15 06:23:56 +0000  1201 bytes for ./Payload/Spiritual Buddy.app/www/lib/ionic/scss/_animations.scss
2021-01-15 06:23:56 +0000  copying file ./Payload/Spiritual Buddy.app/www/lib/ionic/scss/ionicons/_ionicons-icons.scss ... 
2021-01-15 06:23:56 +0000  92973 bytes for ./Payload/Spiritual Buddy.app/www/lib/ionic/scss/ionicons/_ionicons-icons.scss
2021-01-15 06:23:56 +0000  copying file ./Payload/Spiritual Buddy.app/www/lib/ionic/scss/ionicons/_ionicons-font.scss ... 
995 bytes for ./Payload/Spiritual Buddy.app/www/lib/ionic/scss/ionicons/_ionicons-font.scss
2021-01-15 06:23:56 +0000  copying file ./Payload/Spiritual Buddy.app/www/lib/ionic/scss/ionicons/_ionicons-variables.scss ... 
2021-01-15 06:23:56 +0000  28247 bytes for ./Payload/Spiritual Buddy.app/www/lib/ionic/scss/ionicons/_ionicons-variables.scss
2021-01-15 06:23:56 +0000  copying file ./Payload/Spiritual Buddy.app/www/lib/ionic/scss/ionicons/ionicons.scss ... 
2021-01-15 06:23:56 +0000  579 bytes for ./Payload/Spiritual Buddy.app/www/lib/ionic/scss/ionicons/ionicons.scss
copying file ./Payload/Spiritual Buddy.app/www/lib/ionic/scss/ionic.scss ... 
2021-01-15 06:23:56 +0000  661 bytes for ./Payload/Spiritual Buddy.app/www/lib/ionic/scss/ionic.scss
copying file ./Payload/Spiritual Buddy.app/www/lib/ionic/scss/_action-sheet.scss ... 
2021-01-15 06:23:56 +0000  2985 bytes for ./Payload/Spiritual Buddy.app/www/lib/ionic/scss/_action-sheet.scss
2021-01-15 06:23:56 +0000  copying file ./Payload/Spiritual Buddy.app/www/lib/ionic/scss/_radio.scss ... 
2021-01-15 06:23:56 +0000  946 bytes for ./Payload/Spiritual Buddy.app/www/lib/ionic/scss/_radio.scss
copying file ./Payload/Spiritual Buddy.app/www/lib/ionic/scss/_button.scss ... 
2021-01-15 06:23:56 +0000  6682 bytes for ./Payload/Spiritual Buddy.app/www/lib/ionic/scss/_button.scss
2021-01-15 06:23:56 +0000  copying file ./Payload/Spiritual Buddy.app/www/lib/ionic/scss/_popup.scss ... 
2021-01-15 06:23:56 +0000  2124 bytes for ./Payload/Spiritual Buddy.app/www/lib/ionic/scss/_popup.scss
copying file ./Payload/Spiritual Buddy.app/www/lib/ionic/scss/_scaffolding.scss ... 
2021-01-15 06:23:56 +0000  5927 bytes for ./Payload/Spiritual Buddy.app/www/lib/ionic/scss/_scaffolding.scss
2021-01-15 06:23:56 +0000  copying file ./Payload/Spiritual Buddy.app/www/lib/ionic/scss/_slides.scss ... 
2021-01-15 06:23:56 +0000  19022 bytes for ./Payload/Spiritual Buddy.app/www/lib/ionic/scss/_slides.scss
2021-01-15 06:23:56 +0000  copying file ./Payload/Spiritual Buddy.app/www/lib/ionic/scss/_tabs.scss ... 
2021-01-15 06:23:56 +0000  14405 bytes for ./Payload/Spiritual Buddy.app/www/lib/ionic/scss/_tabs.scss
2021-01-15 06:23:56 +0000  copying file ./Payload/Spiritual Buddy.app/www/lib/ionic/scss/_list.scss ... 
2021-01-15 06:23:56 +0000  2508 bytes for ./Payload/Spiritual Buddy.app/www/lib/ionic/scss/_list.scss
2021-01-15 06:23:56 +0000  copying file ./Payload/Spiritual Buddy.app/www/lib/ionic/scss/_items.scss ... 
2021-01-15 06:23:56 +0000  20089 bytes for ./Payload/Spiritual Buddy.app/www/lib/ionic/scss/_items.scss
2021-01-15 06:23:56 +0000  copying file ./Payload/Spiritual Buddy.app/www/lib/ionic/scss/_range.scss ... 
2021-01-15 06:23:56 +0000  3878 bytes for ./Payload/Spiritual Buddy.app/www/lib/ionic/scss/_range.scss
2021-01-15 06:23:56 +0000  copying file ./Payload/Spiritual Buddy.app/www/lib/ionic/scss/_menu.scss ... 
2021-01-15 06:23:56 +0000  1234 bytes for ./Payload/Spiritual Buddy.app/www/lib/ionic/scss/_menu.scss
copying file ./Payload/Spiritual Buddy.app/www/lib/ionic/scss/_refresher.scss ... 
2021-01-15 06:23:56 +0000  2779 bytes for ./Payload/Spiritual Buddy.app/www/lib/ionic/scss/_refresher.scss
copying file ./Payload/Spiritual Buddy.app/www/lib/ionic/scss/_grid.scss ... 
2021-01-15 06:23:56 +0000  3181 bytes for ./Payload/Spiritual Buddy.app/www/lib/ionic/scss/_grid.scss
2021-01-15 06:23:56 +0000  copying file ./Payload/Spiritual Buddy.app/www/lib/ionic/scss/_loading.scss ... 
2021-01-15 06:23:56 +0000  903 bytes for ./Payload/Spiritual Buddy.app/www/lib/ionic/scss/_loading.scss
copying file ./Payload/Spiritual Buddy.app/www/lib/ionic/scss/_mixins.scss ... 
2021-01-15 06:23:56 +0000  16334 bytes for ./Payload/Spiritual Buddy.app/www/lib/ionic/scss/_mixins.scss
2021-01-15 06:23:56 +0000  copying file ./Payload/Spiritual Buddy.app/www/lib/ionic/scss/_backdrop.scss ... 
2021-01-15 06:23:56 +0000  378 bytes for ./Payload/Spiritual Buddy.app/www/lib/ionic/scss/_backdrop.scss
copying file ./Payload/Spiritual Buddy.app/www/lib/ionic/scss/_transitions.scss ... 
2021-01-15 06:23:56 +0000  4066 bytes for ./Payload/Spiritual Buddy.app/www/lib/ionic/scss/_transitions.scss
2021-01-15 06:23:56 +0000  copying file ./Payload/Spiritual Buddy.app/www/lib/ionic/scss/_platform.scss ... 
2021-01-15 06:23:56 +0000  2006 bytes for ./Payload/Spiritual Buddy.app/www/lib/ionic/scss/_platform.scss
copying file ./Payload/Spiritual Buddy.app/www/lib/ionic/scss/_spinner.scss ... 
2021-01-15 06:23:56 +0000  2078 bytes for ./Payload/Spiritual Buddy.app/www/lib/ionic/scss/_spinner.scss
2021-01-15 06:23:56 +0000  copying file ./Payload/Spiritual Buddy.app/www/lib/ionic/scss/_form.scss ... 
2021-01-15 06:23:56 +0000  6560 bytes for ./Payload/Spiritual Buddy.app/www/lib/ionic/scss/_form.scss
2021-01-15 06:23:56 +0000  copying file ./Payload/Spiritual Buddy.app/www/lib/ionic/scss/_modal.scss ... 
2021-01-15 06:23:56 +0000  2231 bytes for ./Payload/Spiritual Buddy.app/www/lib/ionic/scss/_modal.scss
2021-01-15 06:23:56 +0000  copying file ./Payload/Spiritual Buddy.app/www/lib/ionic/scss/_type.scss ... 
2021-01-15 06:23:56 +0000  3035 bytes for ./Payload/Spiritual Buddy.app/www/lib/ionic/scss/_type.scss
2021-01-15 06:23:56 +0000  copying file ./Payload/Spiritual Buddy.app/www/lib/ionic/scss/_util.scss ... 
2021-01-15 06:23:56 +0000  5332 bytes for ./Payload/Spiritual Buddy.app/www/lib/ionic/scss/_util.scss
2021-01-15 06:23:56 +0000  copying file ./Payload/Spiritual Buddy.app/www/lib/ionic/fonts/ionicons.eot ... 
2021-01-15 06:23:56 +0000  120724 bytes for ./Payload/Spiritual Buddy.app/www/lib/ionic/fonts/ionicons.eot
copying file ./Payload/Spiritual Buddy.app/www/lib/ionic/fonts/ionicons.woff ... 
2021-01-15 06:23:56 +0000  67904 bytes for ./Payload/Spiritual Buddy.app/www/lib/ionic/fonts/ionicons.woff
2021-01-15 06:23:56 +0000  copying file ./Payload/Spiritual Buddy.app/www/lib/ionic/fonts/ionicons.ttf ... 
2021-01-15 06:23:56 +0000  188508 bytes for ./Payload/Spiritual Buddy.app/www/lib/ionic/fonts/ionicons.ttf
copying file ./Payload/Spiritual Buddy.app/www/lib/ionic/fonts/ionicons.svg ... 
2021-01-15 06:23:56 +0000  336064 bytes for ./Payload/Spiritual Buddy.app/www/lib/ionic/fonts/ionicons.svg
2021-01-15 06:23:56 +0000  copying file ./Payload/Spiritual Buddy.app/www/lib/ngCordova/dist/ng-cordova-mocks.js ... 
2021-01-15 06:23:56 +0000  105010 bytes for ./Payload/Spiritual Buddy.app/www/lib/ngCordova/dist/ng-cordova-mocks.js
copying file ./Payload/Spiritual Buddy.app/www/lib/ngCordova/dist/ng-cordova-mocks.min.js ... 
2021-01-15 06:23:56 +0000  32081 bytes for ./Payload/Spiritual Buddy.app/www/lib/ngCordova/dist/ng-cordova-mocks.min.js
copying file ./Payload/Spiritual Buddy.app/www/lib/ngCordova/dist/ng-cordova.js ... 
2021-01-15 06:23:56 +0000  211088 bytes for ./Payload/Spiritual Buddy.app/www/lib/ngCordova/dist/ng-cordova.js
copying file ./Payload/Spiritual Buddy.app/www/lib/ngCordova/dist/ng-cordova.min.js ... 
2021-01-15 06:23:56 +0000  93267 bytes for ./Payload/Spiritual Buddy.app/www/lib/ngCordova/dist/ng-cordova.min.js
2021-01-15 06:23:56 +0000  copying file ./Payload/Spiritual Buddy.app/www/lib/ionicuirouter/ionicUIRouter.js ... 
2021-01-15 06:23:56 +0000  2154 bytes for ./Payload/Spiritual Buddy.app/www/lib/ionicuirouter/ionicUIRouter.js
copying file ./Payload/Spiritual Buddy.app/www/templates/forgot-password.html ... 
2021-01-15 06:23:56 +0000  1784 bytes for ./Payload/Spiritual Buddy.app/www/templates/forgot-password.html
copying file ./Payload/Spiritual Buddy.app/www/templates/unused/feedback-weekly-hard-code.html ... 
2021-01-15 06:23:56 +0000  11472 bytes for ./Payload/Spiritual Buddy.app/www/templates/unused/feedback-weekly-hard-code.html
2021-01-15 06:23:56 +0000  copying file ./Payload/Spiritual Buddy.app/www/templates/unused/feedback-weekly-with-drop-down.html ... 
2021-01-15 06:23:56 +0000  20847 bytes for ./Payload/Spiritual Buddy.app/www/templates/unused/feedback-weekly-with-drop-down.html
copying file ./Payload/Spiritual Buddy.app/www/templates/unused/view-feedback-weekly-original.html ... 
2021-01-15 06:23:56 +0000  1340 bytes for ./Payload/Spiritual Buddy.app/www/templates/unused/view-feedback-weekly-original.html
copying file ./Payload/Spiritual Buddy.app/www/templates/unused/feedback-weekly-dynamic-un-developed.html ... 
2021-01-15 06:23:56 +0000  2602 bytes for ./Payload/Spiritual Buddy.app/www/templates/unused/feedback-weekly-dynamic-un-developed.html
copying file ./Payload/Spiritual Buddy.app/www/templates/unused/feedback-weekly-shah.html ... 
2021-01-15 06:23:56 +0000  9964 bytes for ./Payload/Spiritual Buddy.app/www/templates/unused/feedback-weekly-shah.html
copying file ./Payload/Spiritual Buddy.app/www/templates/unused/login-old.html ... 
2021-01-15 06:23:56 +0000  2741 bytes for ./Payload/Spiritual Buddy.app/www/templates/unused/login-old.html
copying file ./Payload/Spiritual Buddy.app/www/templates/unused/feedback-monthly-hard-code.html ... 
2021-01-15 06:23:56 +0000  2672 bytes for ./Payload/Spiritual Buddy.app/www/templates/unused/feedback-monthly-hard-code.html
copying file ./Payload/Spiritual Buddy.app/www/templates/unused/feedback-weekly-org-7-7-17.html ... 
2021-01-15 06:23:56 +0000  20983 bytes for ./Payload/Spiritual Buddy.app/www/templates/unused/feedback-weekly-org-7-7-17.html
copying file ./Payload/Spiritual Buddy.app/www/templates/unused/view-feedback-monthly-original.html ... 
2021-01-15 06:23:56 +0000  1072 bytes for ./Payload/Spiritual Buddy.app/www/templates/unused/view-feedback-monthly-original.html
copying file ./Payload/Spiritual Buddy.app/www/templates/unused/signup-background.html ... 
2021-01-15 06:23:56 +0000  6554 bytes for ./Payload/Spiritual Buddy.app/www/templates/unused/signup-background.html
copying file ./Payload/Spiritual Buddy.app/www/templates/menu.html ... 
2021-01-15 06:23:56 +0000  1702 bytes for ./Payload/Spiritual Buddy.app/www/templates/menu.html
copying file ./Payload/Spiritual Buddy.app/www/templates/login.html ... 
2021-01-15 06:23:56 +0000  3043 bytes for ./Payload/Spiritual Buddy.app/www/templates/login.html
2021-01-15 06:23:56 +0000  copying file ./Payload/Spiritual Buddy.app/www/templates/my-buddies.html ... 
2021-01-15 06:23:56 +0000  5067 bytes for ./Payload/Spiritual Buddy.app/www/templates/my-buddies.html
2021-01-15 06:23:56 +0000  copying file ./Payload/Spiritual Buddy.app/www/templates/dashboard.html ... 
2021-01-15 06:23:56 +0000  1065 bytes for ./Payload/Spiritual Buddy.app/www/templates/dashboard.html
copying file ./Payload/Spiritual Buddy.app/www/templates/change-password.html ... 
2021-01-15 06:23:56 +0000  2482 bytes for ./Payload/Spiritual Buddy.app/www/templates/change-password.html
2021-01-15 06:23:56 +0000  copying file ./Payload/Spiritual Buddy.app/www/templates/feedback-buddies.html ... 
2021-01-15 06:23:56 +0000  4486 bytes for ./Payload/Spiritual Buddy.app/www/templates/feedback-buddies.html
2021-01-15 06:23:56 +0000  copying file ./Payload/Spiritual Buddy.app/www/templates/view-feedback-weekly.html ... 
2021-01-15 06:23:56 +0000  30393 bytes for ./Payload/Spiritual Buddy.app/www/templates/view-feedback-weekly.html
2021-01-15 06:23:56 +0000  copying file ./Payload/Spiritual Buddy.app/www/templates/add-buddies.html ... 
2021-01-15 06:23:56 +0000  2247 bytes for ./Payload/Spiritual Buddy.app/www/templates/add-buddies.html
copying file ./Payload/Spiritual Buddy.app/www/templates/view-feedback-monthly.html ... 
2021-01-15 06:23:56 +0000  11229 bytes for ./Payload/Spiritual Buddy.app/www/templates/view-feedback-monthly.html
2021-01-15 06:23:56 +0000  copying file ./Payload/Spiritual Buddy.app/www/templates/loading.html ... 
2021-01-15 06:23:56 +0000  164 bytes for ./Payload/Spiritual Buddy.app/www/templates/loading.html
copying file ./Payload/Spiritual Buddy.app/www/templates/feedback-monthly.html ... 
2021-01-15 06:23:56 +0000  10306 bytes for ./Payload/Spiritual Buddy.app/www/templates/feedback-monthly.html
2021-01-15 06:23:56 +0000  copying file ./Payload/Spiritual Buddy.app/www/templates/feedback-weekly.html ... 
2021-01-15 06:23:56 +0000  27689 bytes for ./Payload/Spiritual Buddy.app/www/templates/feedback-weekly.html
2021-01-15 06:23:56 +0000  copying file ./Payload/Spiritual Buddy.app/www/templates/signup.html ... 
2021-01-15 06:23:56 +0000  6116 bytes for ./Payload/Spiritual Buddy.app/www/templates/signup.html
2021-01-15 06:23:56 +0000  copying file ./Payload/Spiritual Buddy.app/www/cordova_plugins.js ... 
2021-01-15 06:23:56 +0000  1582 bytes for ./Payload/Spiritual Buddy.app/www/cordova_plugins.js
2021-01-15 06:23:56 +0000  copying file ./Payload/Spiritual Buddy.app/www/fonts/roboto-regular/roboto-regular-webfont.woff2 ... 
2021-01-15 06:23:56 +0000  19160 bytes for ./Payload/Spiritual Buddy.app/www/fonts/roboto-regular/roboto-regular-webfont.woff2
2021-01-15 06:23:56 +0000  copying file ./Payload/Spiritual Buddy.app/www/fonts/roboto-regular/generator_config.txt ... 
2021-01-15 06:23:56 +0000  612 bytes for ./Payload/Spiritual Buddy.app/www/fonts/roboto-regular/generator_config.txt
copying file ./Payload/Spiritual Buddy.app/www/fonts/roboto-regular/roboto-regular-webfont.woff ... 
2021-01-15 06:23:56 +0000  25160 bytes for ./Payload/Spiritual Buddy.app/www/fonts/roboto-regular/roboto-regular-webfont.woff
2021-01-15 06:23:56 +0000  copying file ./Payload/Spiritual Buddy.app/www/fonts/roboto-regular/roboto-regular-demo.html ... 
2021-01-15 06:23:56 +0000  38420 bytes for ./Payload/Spiritual Buddy.app/www/fonts/roboto-regular/roboto-regular-demo.html
2021-01-15 06:23:56 +0000  copying file ./Payload/Spiritual Buddy.app/www/fonts/roboto-regular/stylesheet.css ... 
2021-01-15 06:23:56 +0000  315 bytes for ./Payload/Spiritual Buddy.app/www/fonts/roboto-regular/stylesheet.css
copying file ./Payload/Spiritual Buddy.app/www/fonts/roboto-regular/specimen_files/specimen_stylesheet.css ... 
2021-01-15 06:23:56 +0000  7706 bytes for ./Payload/Spiritual Buddy.app/www/fonts/roboto-regular/specimen_files/specimen_stylesheet.css
2021-01-15 06:23:56 +0000  copying file ./Payload/Spiritual Buddy.app/www/fonts/roboto-regular/specimen_files/grid_12-825-55-15.css ... 
2021-01-15 06:23:56 +0000  4725 bytes for ./Payload/Spiritual Buddy.app/www/fonts/roboto-regular/specimen_files/grid_12-825-55-15.css
2021-01-15 06:23:56 +0000  copying file ./Payload/Spiritual Buddy.app/www/fonts/roboto-thin/roboto-thin_1-webfont.eot ... 
2021-01-15 06:23:56 +0000  47846 bytes for ./Payload/Spiritual Buddy.app/www/fonts/roboto-thin/roboto-thin_1-webfont.eot
2021-01-15 06:23:56 +0000  copying file ./Payload/Spiritual Buddy.app/www/fonts/roboto-thin/roboto-thin_1-webfont.woff ... 
2021-01-15 06:23:56 +0000  24996 bytes for ./Payload/Spiritual Buddy.app/www/fonts/roboto-thin/roboto-thin_1-webfont.woff
2021-01-15 06:23:56 +0000  copying file ./Payload/Spiritual Buddy.app/www/fonts/roboto-thin/roboto-thin_1-webfont.ttf ... 
2021-01-15 06:23:56 +0000  47580 bytes for ./Payload/Spiritual Buddy.app/www/fonts/roboto-thin/roboto-thin_1-webfont.ttf
2021-01-15 06:23:56 +0000  copying file ./Payload/Spiritual Buddy.app/www/fonts/roboto-thin/roboto-thin_1-webfont.woff2 ... 
2021-01-15 06:23:56 +0000  19020 bytes for ./Payload/Spiritual Buddy.app/www/fonts/roboto-thin/roboto-thin_1-webfont.woff2
2021-01-15 06:23:56 +0000  copying file ./Payload/Spiritual Buddy.app/www/fonts/roboto-thin/roboto-thin_1-webfont.svg ... 
2021-01-15 06:23:56 +0000  74674 bytes for ./Payload/Spiritual Buddy.app/www/fonts/roboto-thin/roboto-thin_1-webfont.svg
2021-01-15 06:23:56 +0000  copying file ./Payload/Spiritual Buddy.app/www/fonts/roboto-bold/generator_config.txt ... 
2021-01-15 06:23:56 +0000  612 bytes for ./Payload/Spiritual Buddy.app/www/fonts/roboto-bold/generator_config.txt
2021-01-15 06:23:56 +0000  copying file ./Payload/Spiritual Buddy.app/www/fonts/roboto-bold/roboto-bold-webfont.woff2 ... 
2021-01-15 06:23:56 +0000  18896 bytes for ./Payload/Spiritual Buddy.app/www/fonts/roboto-bold/roboto-bold-webfont.woff2
copying file ./Payload/Spiritual Buddy.app/www/fonts/roboto-bold/roboto-bold-webfont.woff ... 
2021-01-15 06:23:56 +0000  24956 bytes for ./Payload/Spiritual Buddy.app/www/fonts/roboto-bold/roboto-bold-webfont.woff
copying file ./Payload/Spiritual Buddy.app/www/fonts/roboto-bold/stylesheet.css ... 
2021-01-15 06:23:56 +0000  306 bytes for ./Payload/Spiritual Buddy.app/www/fonts/roboto-bold/stylesheet.css
copying file ./Payload/Spiritual Buddy.app/www/fonts/roboto-bold/roboto-bold-demo.html ... 
2021-01-15 06:23:56 +0000  38402 bytes for ./Payload/Spiritual Buddy.app/www/fonts/roboto-bold/roboto-bold-demo.html
2021-01-15 06:23:56 +0000  copying file ./Payload/Spiritual Buddy.app/www/fonts/roboto-bold/specimen_files/specimen_stylesheet.css ... 
2021-01-15 06:23:56 +0000  7706 bytes for ./Payload/Spiritual Buddy.app/www/fonts/roboto-bold/specimen_files/specimen_stylesheet.css
copying file ./Payload/Spiritual Buddy.app/www/fonts/roboto-bold/specimen_files/grid_12-825-55-15.css ... 
2021-01-15 06:23:56 +0000  4725 bytes for ./Payload/Spiritual Buddy.app/www/fonts/roboto-bold/specimen_files/grid_12-825-55-15.css
2021-01-15 06:23:56 +0000  copying file ./Payload/Spiritual Buddy.app/www/fonts/roboto-medium/roboto-medium-demo.html ... 
2021-01-15 06:23:56 +0000  38454 bytes for ./Payload/Spiritual Buddy.app/www/fonts/roboto-medium/roboto-medium-demo.html
copying file ./Payload/Spiritual Buddy.app/www/fonts/roboto-medium/generator_config.txt ... 
2021-01-15 06:23:56 +0000  612 bytes for ./Payload/Spiritual Buddy.app/www/fonts/roboto-medium/generator_config.txt
copying file ./Payload/Spiritual Buddy.app/www/fonts/roboto-medium/roboto-medium-webfont.woff2 ... 
2021-01-15 06:23:56 +0000  19212 bytes for ./Payload/Spiritual Buddy.app/www/fonts/roboto-medium/roboto-medium-webfont.woff2
copying file ./Payload/Spiritual Buddy.app/www/fonts/roboto-medium/stylesheet.css ... 
2021-01-15 06:23:56 +0000  312 bytes for ./Payload/Spiritual Buddy.app/www/fonts/roboto-medium/stylesheet.css
copying file ./Payload/Spiritual Buddy.app/www/fonts/roboto-medium/roboto-medium-webfont.woff ... 
2021-01-15 06:23:56 +0000  25212 bytes for ./Payload/Spiritual Buddy.app/www/fonts/roboto-medium/roboto-medium-webfont.woff
2021-01-15 06:23:56 +0000  copying file ./Payload/Spiritual Buddy.app/www/fonts/roboto-medium/specimen_files/specimen_stylesheet.css ... 
2021-01-15 06:23:56 +0000  7706 bytes for ./Payload/Spiritual Buddy.app/www/fonts/roboto-medium/specimen_files/specimen_stylesheet.css
copying file ./Payload/Spiritual Buddy.app/www/fonts/roboto-medium/specimen_files/grid_12-825-55-15.css ... 
2021-01-15 06:23:56 +0000  4725 bytes for ./Payload/Spiritual Buddy.app/www/fonts/roboto-medium/specimen_files/grid_12-825-55-15.css
2021-01-15 06:23:56 +0000  copying file ./Payload/Spiritual Buddy.app/www/fonts/roboto-light/generator_config.txt ... 
2021-01-15 06:23:56 +0000  612 bytes for ./Payload/Spiritual Buddy.app/www/fonts/roboto-light/generator_config.txt
copying file ./Payload/Spiritual Buddy.app/www/fonts/roboto-light/roboto-light-webfont.woff ... 
2021-01-15 06:23:56 +0000  24684 bytes for ./Payload/Spiritual Buddy.app/www/fonts/roboto-light/roboto-light-webfont.woff
copying file ./Payload/Spiritual Buddy.app/www/fonts/roboto-light/roboto-bold-webfont.woff2 ... 
2021-01-15 06:23:56 +0000  18808 bytes for ./Payload/Spiritual Buddy.app/www/fonts/roboto-light/roboto-bold-webfont.woff2
2021-01-15 06:23:56 +0000  copying file ./Payload/Spiritual Buddy.app/www/fonts/roboto-light/roboto-bold-webfont.woff ... 
2021-01-15 06:23:56 +0000  24860 bytes for ./Payload/Spiritual Buddy.app/www/fonts/roboto-light/roboto-bold-webfont.woff
2021-01-15 06:23:56 +0000  copying file ./Payload/Spiritual Buddy.app/www/fonts/roboto-light/stylesheet.css ... 
2021-01-15 06:23:56 +0000  537 bytes for ./Payload/Spiritual Buddy.app/www/fonts/roboto-light/stylesheet.css
copying file ./Payload/Spiritual Buddy.app/www/fonts/roboto-light/roboto-light-webfont.woff2 ... 
2021-01-15 06:23:56 +0000  18768 bytes for ./Payload/Spiritual Buddy.app/www/fonts/roboto-light/roboto-light-webfont.woff2
2021-01-15 06:23:56 +0000  copying file ./Payload/Spiritual Buddy.app/www/fonts/roboto-light/roboto-light-demo.html ... 
2021-01-15 06:23:56 +0000  38448 bytes for ./Payload/Spiritual Buddy.app/www/fonts/roboto-light/roboto-light-demo.html
2021-01-15 06:23:56 +0000  copying file ./Payload/Spiritual Buddy.app/www/fonts/roboto-light/roboto-bold-demo.html ... 
2021-01-15 06:23:56 +0000  38402 bytes for ./Payload/Spiritual Buddy.app/www/fonts/roboto-light/roboto-bold-demo.html
2021-01-15 06:23:56 +0000  copying file ./Payload/Spiritual Buddy.app/www/fonts/roboto-light/specimen_files/specimen_stylesheet.css ... 
2021-01-15 06:23:56 +0000  7706 bytes for ./Payload/Spiritual Buddy.app/www/fonts/roboto-light/specimen_files/specimen_stylesheet.css
2021-01-15 06:23:56 +0000  copying file ./Payload/Spiritual Buddy.app/www/fonts/roboto-light/specimen_files/grid_12-825-55-15.css ... 
2021-01-15 06:23:56 +0000  4725 bytes for ./Payload/Spiritual Buddy.app/www/fonts/roboto-light/specimen_files/grid_12-825-55-15.css
2021-01-15 06:23:56 +0000  copying file ./Payload/Spiritual Buddy.app/LaunchImage-Landscape~ipad.png ... 
2021-01-15 06:23:56 +0000  66935 bytes for ./Payload/Spiritual Buddy.app/LaunchImage-Landscape~ipad.png
2021-01-15 06:23:56 +0000  copying file ./Payload/Spiritual Buddy.app/LaunchImage-700-Portrait~ipad.png ... 
2021-01-15 06:23:56 +0000  108974 bytes for ./Payload/Spiritual Buddy.app/LaunchImage-700-Portrait~ipad.png
2021-01-15 06:23:56 +0000  copying file ./Payload/Spiritual Buddy.app/Assets.car ... 
2021-01-15 06:23:57 +0000  2056064 bytes for ./Payload/Spiritual Buddy.app/Assets.car
copying file ./Payload/Spiritual Buddy.app/AppIcon40x40@2x~ipad.png ... 
2021-01-15 06:23:57 +0000  8958 bytes for ./Payload/Spiritual Buddy.app/AppIcon40x40@2x~ipad.png
copying file ./Payload/Spiritual Buddy.app/AppIcon76x76@2x~ipad.png ... 
2021-01-15 06:23:57 +0000  25491 bytes for ./Payload/Spiritual Buddy.app/AppIcon76x76@2x~ipad.png
copying file ./Payload/Spiritual Buddy.app/LaunchImage-800-Portrait-736h@3x.png ... 
2021-01-15 06:23:57 +0000  300343 bytes for ./Payload/Spiritual Buddy.app/LaunchImage-800-Portrait-736h@3x.png
copying file ./Payload/Spiritual Buddy.app/AppIcon72x72~ipad.png ... 
2021-01-15 06:23:57 +0000  7581 bytes for ./Payload/Spiritual Buddy.app/AppIcon72x72~ipad.png
2021-01-15 06:23:57 +0000  copying file ./Payload/Spiritual Buddy.app/CDVLaunchScreen.storyboardc/01J-lp-oVM-view-Ze5-6b-2t3.nib/objects-13.0+.nib ... 
2021-01-15 06:23:57 +0000  2330 bytes for ./Payload/Spiritual Buddy.app/CDVLaunchScreen.storyboardc/01J-lp-oVM-view-Ze5-6b-2t3.nib/objects-13.0+.nib
copying file ./Payload/Spiritual Buddy.app/CDVLaunchScreen.storyboardc/01J-lp-oVM-view-Ze5-6b-2t3.nib/runtime.nib ... 
2021-01-15 06:23:57 +0000  2327 bytes for ./Payload/Spiritual Buddy.app/CDVLaunchScreen.storyboardc/01J-lp-oVM-view-Ze5-6b-2t3.nib/runtime.nib
2021-01-15 06:23:57 +0000  copying file ./Payload/Spiritual Buddy.app/CDVLaunchScreen.storyboardc/UIViewController-01J-lp-oVM.nib/objects-13.0+.nib ... 
896 bytes for ./Payload/Spiritual Buddy.app/CDVLaunchScreen.storyboardc/UIViewController-01J-lp-oVM.nib/objects-13.0+.nib
copying file ./Payload/Spiritual Buddy.app/CDVLaunchScreen.storyboardc/UIViewController-01J-lp-oVM.nib/runtime.nib ... 
2021-01-15 06:23:57 +0000  896 bytes for ./Payload/Spiritual Buddy.app/CDVLaunchScreen.storyboardc/UIViewController-01J-lp-oVM.nib/runtime.nib
copying file ./Payload/Spiritual Buddy.app/CDVLaunchScreen.storyboardc/Info.plist ... 
2021-01-15 06:23:57 +0000  258 bytes for ./Payload/Spiritual Buddy.app/CDVLaunchScreen.storyboardc/Info.plist
copying file ./Payload/Spiritual Buddy.app/LaunchImage-700@2x.png ... 
2021-01-15 06:23:57 +0000  84304 bytes for ./Payload/Spiritual Buddy.app/LaunchImage-700@2x.png
copying file ./Payload/Spiritual Buddy.app/AppIcon83.5x83.5@2x~ipad.png ... 
2021-01-15 06:23:57 +0000  29456 bytes for ./Payload/Spiritual Buddy.app/AppIcon83.5x83.5@2x~ipad.png
copying file ./Payload/Spiritual Buddy.app/LaunchImage-700-568h@2x.png ... 
2021-01-15 06:23:57 +0000  113799 bytes for ./Payload/Spiritual Buddy.app/LaunchImage-700-568h@2x.png
2021-01-15 06:23:57 +0000  copying file ./Payload/Spiritual Buddy.app/LaunchImage-Landscape@2x~ipad.png ... 
2021-01-15 06:23:57 +0000  201633 bytes for ./Payload/Spiritual Buddy.app/LaunchImage-Landscape@2x~ipad.png
copying file ./Payload/Spiritual Buddy.app/AppIcon50x50~ipad.png ... 
2021-01-15 06:23:57 +0000  3990 bytes for ./Payload/Spiritual Buddy.app/AppIcon50x50~ipad.png
copying file ./Payload/Spiritual Buddy.app/AppIcon29x29@2x~ipad.png ... 
2021-01-15 06:23:57 +0000  4987 bytes for ./Payload/Spiritual Buddy.app/AppIcon29x29@2x~ipad.png
2021-01-15 06:23:57 +0000  copying file ./Payload/Spiritual Buddy.app/LaunchImage-700-Landscape@2x~ipad.png ... 
2021-01-15 06:23:57 +0000  201633 bytes for ./Payload/Spiritual Buddy.app/LaunchImage-700-Landscape@2x~ipad.png
copying file ./Payload/Spiritual Buddy.app/AppIcon50x50@2x~ipad.png ... 
2021-01-15 06:23:57 +0000  13006 bytes for ./Payload/Spiritual Buddy.app/AppIcon50x50@2x~ipad.png
copying file ./Payload/Spiritual Buddy.app/AppIcon40x40~ipad.png ... 
2021-01-15 06:23:57 +0000  2842 bytes for ./Payload/Spiritual Buddy.app/AppIcon40x40~ipad.png
copying file ./Payload/Spiritual Buddy.app/AppIcon20x20~ipad.png ... 
2021-01-15 06:23:57 +0000  1021 bytes for ./Payload/Spiritual Buddy.app/AppIcon20x20~ipad.png
copying file ./Payload/Spiritual Buddy.app/LaunchImage.png ... 
2021-01-15 06:23:57 +0000  27695 bytes for ./Payload/Spiritual Buddy.app/LaunchImage.png
copying file ./Payload/Spiritual Buddy.app/embedded.mobileprovision ... 
2021-01-15 06:23:57 +0000  35285 bytes for ./Payload/Spiritual Buddy.app/embedded.mobileprovision
copying file ./Payload/Spiritual Buddy.app/LaunchImage-800-Landscape-736h@3x.png ... 
2021-01-15 06:23:57 +0000  160068 bytes for ./Payload/Spiritual Buddy.app/LaunchImage-800-Landscape-736h@3x.png
copying file ./Payload/Spiritual Buddy.app/LaunchImage-700-Portrait@2x~ipad.png ... 
2021-01-15 06:23:57 +0000  248743 bytes for ./Payload/Spiritual Buddy.app/LaunchImage-700-Portrait@2x~ipad.png
copying file ./Payload/Spiritual Buddy.app/LaunchImage-700-Landscape~ipad.png ... 
2021-01-15 06:23:57 +0000  66935 bytes for ./Payload/Spiritual Buddy.app/LaunchImage-700-Landscape~ipad.png
copying file ./Payload/Spiritual Buddy.app/AppIcon20x20@2x~ipad.png ... 
2021-01-15 06:23:57 +0000  2842 bytes for ./Payload/Spiritual Buddy.app/AppIcon20x20@2x~ipad.png
copying file ./Payload/Spiritual Buddy.app/Info.plist ... 
2021-01-15 06:23:57 +0000  2207 bytes for ./Payload/Spiritual Buddy.app/Info.plist
copying file ./Payload/Spiritual Buddy.app/PkgInfo ... 
2021-01-15 06:23:57 +0000  8 bytes for ./Payload/Spiritual Buddy.app/PkgInfo
copying file ./Payload/Spiritual Buddy.app/AppIcon76x76~ipad.png ... 
2021-01-15 06:23:57 +0000  8167 bytes for ./Payload/Spiritual Buddy.app/AppIcon76x76~ipad.png
2021-01-15 06:23:57 +0000  /usr/bin/ditto exited with 0
2021-01-15 06:23:57 +0000  Processing step: IDEDistributionAppStoreInformationStep
2021-01-15 06:23:57 +0000  Skipping step: IDEDistributionAppStoreInformationStep because it said so
2021-01-15 06:23:57 +0000  Processing step: IDEDistributionGenerateProcessedDistributionItems
2021-01-15 06:23:57 +0000  Processing step: IDEDistributionCreateManifestStep
